<?xml version="1.0" encoding="UTF-8"?>
<coverage generated="1568183033581" clover="3.2.0">
  <project timestamp="1568183033582" name="All files">
    <metrics statements="785" coveredstatements="0" conditionals="238" coveredconditionals="0" methods="211" coveredmethods="0" elements="1234" coveredelements="0" complexity="0" loc="785" ncloc="785" packages="14" files="27" classes="27">
      <package name="src">
        <metrics statements="20" coveredstatements="0" conditionals="2" coveredconditionals="0" methods="10" coveredmethods="0"/>
        <file name="App.vue" path="c:\Users\Administrator.USER-20150330PE\Desktop\项目\ICPC\icpch5\src\App.vue">
          <metrics statements="20" coveredstatements="0" conditionals="2" coveredconditionals="0" methods="10" coveredmethods="0"/>
          <line num="21" count="0" type="stmt"/>
          <line num="26" count="0" type="stmt"/>
          <line num="64" count="0" type="stmt"/>
          <line num="67" count="0" type="stmt"/>
          <line num="68" count="0" type="cond" truecount="0" falsecount="2"/>
          <line num="69" count="0" type="stmt"/>
          <line num="71" count="0" type="stmt"/>
          <line num="72" count="0" type="stmt"/>
          <line num="73" count="0" type="stmt"/>
          <line num="82" count="0" type="stmt"/>
          <line num="83" count="0" type="stmt"/>
          <line num="87" count="0" type="stmt"/>
          <line num="93" count="0" type="stmt"/>
          <line num="97" count="0" type="stmt"/>
          <line num="103" count="0" type="stmt"/>
          <line num="106" count="0" type="stmt"/>
          <line num="108" count="0" type="stmt"/>
          <line num="111" count="0" type="stmt"/>
          <line num="112" count="0" type="stmt"/>
          <line num="113" count="0" type="stmt"/>
        </file>
      </package>
      <package name="src.assets.js">
        <metrics statements="149" coveredstatements="0" conditionals="71" coveredconditionals="0" methods="5" coveredmethods="0"/>
        <file name="getHttps.js" path="c:\Users\Administrator.USER-20150330PE\Desktop\项目\ICPC\icpch5\src\assets\js\getHttps.js">
          <metrics statements="3" coveredstatements="0" conditionals="0" coveredconditionals="0" methods="1" coveredmethods="0"/>
          <line num="2" count="0" type="stmt"/>
          <line num="3" count="0" type="stmt"/>
          <line num="5" count="0" type="stmt"/>
        </file>
        <file name="setSelectName.js" path="c:\Users\Administrator.USER-20150330PE\Desktop\项目\ICPC\icpch5\src\assets\js\setSelectName.js">
          <metrics statements="146" coveredstatements="0" conditionals="71" coveredconditionals="0" methods="4" coveredmethods="0"/>
          <line num="3" count="0" type="stmt"/>
          <line num="4" count="0" type="stmt"/>
          <line num="5" count="0" type="stmt"/>
          <line num="7" count="0" type="stmt"/>
          <line num="8" count="0" type="stmt"/>
          <line num="10" count="0" type="stmt"/>
          <line num="11" count="0" type="stmt"/>
          <line num="13" count="0" type="stmt"/>
          <line num="14" count="0" type="stmt"/>
          <line num="16" count="0" type="stmt"/>
          <line num="17" count="0" type="stmt"/>
          <line num="19" count="0" type="stmt"/>
          <line num="20" count="0" type="stmt"/>
          <line num="22" count="0" type="stmt"/>
          <line num="23" count="0" type="stmt"/>
          <line num="25" count="0" type="stmt"/>
          <line num="26" count="0" type="stmt"/>
          <line num="28" count="0" type="stmt"/>
          <line num="29" count="0" type="stmt"/>
          <line num="31" count="0" type="stmt"/>
          <line num="32" count="0" type="stmt"/>
          <line num="34" count="0" type="stmt"/>
          <line num="35" count="0" type="stmt"/>
          <line num="40" count="0" type="stmt"/>
          <line num="41" count="0" type="stmt"/>
          <line num="42" count="0" type="stmt"/>
          <line num="44" count="0" type="stmt"/>
          <line num="45" count="0" type="stmt"/>
          <line num="47" count="0" type="stmt"/>
          <line num="48" count="0" type="stmt"/>
          <line num="50" count="0" type="stmt"/>
          <line num="51" count="0" type="stmt"/>
          <line num="53" count="0" type="stmt"/>
          <line num="54" count="0" type="stmt"/>
          <line num="56" count="0" type="stmt"/>
          <line num="57" count="0" type="stmt"/>
          <line num="59" count="0" type="stmt"/>
          <line num="60" count="0" type="stmt"/>
          <line num="62" count="0" type="stmt"/>
          <line num="63" count="0" type="stmt"/>
          <line num="65" count="0" type="stmt"/>
          <line num="66" count="0" type="stmt"/>
          <line num="68" count="0" type="stmt"/>
          <line num="69" count="0" type="stmt"/>
          <line num="71" count="0" type="stmt"/>
          <line num="72" count="0" type="stmt"/>
          <line num="74" count="0" type="stmt"/>
          <line num="75" count="0" type="stmt"/>
          <line num="77" count="0" type="stmt"/>
          <line num="78" count="0" type="stmt"/>
          <line num="80" count="0" type="stmt"/>
          <line num="81" count="0" type="stmt"/>
          <line num="83" count="0" type="stmt"/>
          <line num="84" count="0" type="stmt"/>
          <line num="86" count="0" type="stmt"/>
          <line num="87" count="0" type="stmt"/>
          <line num="89" count="0" type="stmt"/>
          <line num="90" count="0" type="stmt"/>
          <line num="92" count="0" type="stmt"/>
          <line num="93" count="0" type="stmt"/>
          <line num="95" count="0" type="stmt"/>
          <line num="96" count="0" type="stmt"/>
          <line num="98" count="0" type="stmt"/>
          <line num="99" count="0" type="stmt"/>
          <line num="101" count="0" type="stmt"/>
          <line num="102" count="0" type="stmt"/>
          <line num="104" count="0" type="stmt"/>
          <line num="105" count="0" type="stmt"/>
          <line num="107" count="0" type="stmt"/>
          <line num="108" count="0" type="stmt"/>
          <line num="110" count="0" type="stmt"/>
          <line num="111" count="0" type="stmt"/>
          <line num="113" count="0" type="stmt"/>
          <line num="114" count="0" type="stmt"/>
          <line num="116" count="0" type="stmt"/>
          <line num="117" count="0" type="stmt"/>
          <line num="119" count="0" type="stmt"/>
          <line num="120" count="0" type="stmt"/>
          <line num="122" count="0" type="stmt"/>
          <line num="123" count="0" type="stmt"/>
          <line num="125" count="0" type="stmt"/>
          <line num="126" count="0" type="stmt"/>
          <line num="128" count="0" type="stmt"/>
          <line num="129" count="0" type="stmt"/>
          <line num="131" count="0" type="stmt"/>
          <line num="132" count="0" type="stmt"/>
          <line num="134" count="0" type="stmt"/>
          <line num="135" count="0" type="stmt"/>
          <line num="137" count="0" type="stmt"/>
          <line num="138" count="0" type="stmt"/>
          <line num="140" count="0" type="stmt"/>
          <line num="141" count="0" type="stmt"/>
          <line num="143" count="0" type="stmt"/>
          <line num="144" count="0" type="stmt"/>
          <line num="146" count="0" type="stmt"/>
          <line num="147" count="0" type="stmt"/>
          <line num="149" count="0" type="stmt"/>
          <line num="150" count="0" type="stmt"/>
          <line num="152" count="0" type="stmt"/>
          <line num="153" count="0" type="stmt"/>
          <line num="155" count="0" type="stmt"/>
          <line num="156" count="0" type="stmt"/>
          <line num="158" count="0" type="stmt"/>
          <line num="159" count="0" type="stmt"/>
          <line num="161" count="0" type="stmt"/>
          <line num="162" count="0" type="stmt"/>
          <line num="164" count="0" type="stmt"/>
          <line num="165" count="0" type="stmt"/>
          <line num="167" count="0" type="stmt"/>
          <line num="168" count="0" type="stmt"/>
          <line num="170" count="0" type="stmt"/>
          <line num="171" count="0" type="stmt"/>
          <line num="176" count="0" type="stmt"/>
          <line num="177" count="0" type="stmt"/>
          <line num="178" count="0" type="stmt"/>
          <line num="180" count="0" type="stmt"/>
          <line num="181" count="0" type="stmt"/>
          <line num="183" count="0" type="stmt"/>
          <line num="184" count="0" type="stmt"/>
          <line num="186" count="0" type="stmt"/>
          <line num="187" count="0" type="stmt"/>
          <line num="189" count="0" type="stmt"/>
          <line num="190" count="0" type="stmt"/>
          <line num="192" count="0" type="stmt"/>
          <line num="193" count="0" type="stmt"/>
          <line num="195" count="0" type="stmt"/>
          <line num="196" count="0" type="stmt"/>
          <line num="198" count="0" type="stmt"/>
          <line num="199" count="0" type="stmt"/>
          <line num="201" count="0" type="stmt"/>
          <line num="202" count="0" type="stmt"/>
          <line num="206" count="0" type="stmt"/>
          <line num="207" count="0" type="stmt"/>
          <line num="208" count="0" type="stmt"/>
          <line num="209" count="0" type="stmt"/>
          <line num="210" count="0" type="stmt"/>
          <line num="211" count="0" type="cond" truecount="0" falsecount="2"/>
          <line num="212" count="0" type="stmt"/>
          <line num="213" count="0" type="cond" truecount="0" falsecount="2"/>
          <line num="214" count="0" type="stmt"/>
          <line num="215" count="0" type="cond" truecount="0" falsecount="2"/>
          <line num="216" count="0" type="stmt"/>
          <line num="217" count="0" type="cond" truecount="0" falsecount="2"/>
          <line num="218" count="0" type="stmt"/>
          <line num="219" count="0" type="cond" truecount="0" falsecount="2"/>
          <line num="220" count="0" type="stmt"/>
        </file>
      </package>
      <package name="src.components">
        <metrics statements="6" coveredstatements="0" conditionals="0" coveredconditionals="0" methods="4" coveredmethods="0"/>
        <file name="partList.vue" path="c:\Users\Administrator.USER-20150330PE\Desktop\项目\ICPC\icpch5\src\components\partList.vue">
          <metrics statements="3" coveredstatements="0" conditionals="0" coveredconditionals="0" methods="2" coveredmethods="0"/>
          <line num="19" count="0" type="stmt"/>
          <line num="25" count="0" type="stmt"/>
          <line num="27" count="0" type="stmt"/>
        </file>
        <file name="toptitle.vue" path="c:\Users\Administrator.USER-20150330PE\Desktop\项目\ICPC\icpch5\src\components\toptitle.vue">
          <metrics statements="3" coveredstatements="0" conditionals="0" coveredconditionals="0" methods="2" coveredmethods="0"/>
          <line num="15" count="0" type="stmt"/>
          <line num="21" count="0" type="stmt"/>
          <line num="22" count="0" type="stmt"/>
        </file>
      </package>
      <package name="src.pages.code">
        <metrics statements="37" coveredstatements="0" conditionals="11" coveredconditionals="0" methods="8" coveredmethods="0"/>
        <file name="ownCode.vue" path="c:\Users\Administrator.USER-20150330PE\Desktop\项目\ICPC\icpch5\src\pages\code\ownCode.vue">
          <metrics statements="37" coveredstatements="0" conditionals="11" coveredconditionals="0" methods="8" coveredmethods="0"/>
          <line num="25" count="0" type="stmt"/>
          <line num="26" count="0" type="stmt"/>
          <line num="30" count="0" type="stmt"/>
          <line num="49" count="0" type="stmt"/>
          <line num="53" count="0" type="stmt"/>
          <line num="54" count="0" type="stmt"/>
          <line num="55" count="0" type="stmt"/>
          <line num="56" count="0" type="stmt"/>
          <line num="58" count="0" type="stmt"/>
          <line num="59" count="0" type="stmt"/>
          <line num="60" count="0" type="stmt"/>
          <line num="62" count="0" type="stmt"/>
          <line num="63" count="0" type="stmt"/>
          <line num="64" count="0" type="stmt"/>
          <line num="66" count="0" type="stmt"/>
          <line num="67" count="0" type="stmt"/>
          <line num="68" count="0" type="stmt"/>
          <line num="70" count="0" type="stmt"/>
          <line num="74" count="0" type="stmt"/>
          <line num="75" count="0" type="stmt"/>
          <line num="76" count="0" type="stmt"/>
          <line num="77" count="0" type="stmt"/>
          <line num="78" count="0" type="stmt"/>
          <line num="80" count="0" type="stmt"/>
          <line num="89" count="0" type="stmt"/>
          <line num="90" count="0" type="cond" truecount="0" falsecount="2"/>
          <line num="91" count="0" type="stmt"/>
          <line num="97" count="0" type="stmt"/>
          <line num="99" count="0" type="stmt"/>
          <line num="104" count="0" type="cond" truecount="0" falsecount="2"/>
          <line num="105" count="0" type="stmt"/>
          <line num="111" count="0" type="cond" truecount="0" falsecount="2"/>
          <line num="112" count="0" type="stmt"/>
          <line num="118" count="0" type="cond" truecount="0" falsecount="2"/>
          <line num="119" count="0" type="stmt"/>
          <line num="126" count="0" type="stmt"/>
          <line num="129" count="0" type="stmt"/>
        </file>
      </package>
      <package name="src.pages.gift">
        <metrics statements="51" coveredstatements="0" conditionals="4" coveredconditionals="0" methods="19" coveredmethods="0"/>
        <file name="index.vue" path="c:\Users\Administrator.USER-20150330PE\Desktop\项目\ICPC\icpch5\src\pages\gift\index.vue">
          <metrics statements="12" coveredstatements="0" conditionals="4" coveredconditionals="0" methods="5" coveredmethods="0"/>
          <line num="9" count="0" type="stmt"/>
          <line num="13" count="0" type="stmt"/>
          <line num="44" count="0" type="stmt"/>
          <line num="45" count="0" type="stmt"/>
          <line num="46" count="0" type="stmt"/>
          <line num="47" count="0" type="stmt"/>
          <line num="49" count="0" type="stmt"/>
          <line num="58" count="0" type="cond" truecount="0" falsecount="2"/>
          <line num="59" count="0" type="stmt"/>
          <line num="60" count="0" type="cond" truecount="0" falsecount="2"/>
          <line num="61" count="0" type="stmt"/>
          <line num="62" count="0" type="stmt"/>
        </file>
        <file name="noodle.vue" path="c:\Users\Administrator.USER-20150330PE\Desktop\项目\ICPC\icpch5\src\pages\gift\noodle.vue">
          <metrics statements="20" coveredstatements="0" conditionals="0" coveredconditionals="0" methods="7" coveredmethods="0"/>
          <line num="19" count="0" type="stmt"/>
          <line num="20" count="0" type="stmt"/>
          <line num="24" count="0" type="stmt"/>
          <line num="37" count="0" type="stmt"/>
          <line num="38" count="0" type="stmt"/>
          <line num="42" count="0" type="stmt"/>
          <line num="46" count="0" type="stmt"/>
          <line num="47" count="0" type="stmt"/>
          <line num="48" count="0" type="stmt"/>
          <line num="49" count="0" type="stmt"/>
          <line num="51" count="0" type="stmt"/>
          <line num="55" count="0" type="stmt"/>
          <line num="56" count="0" type="stmt"/>
          <line num="60" count="0" type="stmt"/>
          <line num="61" count="0" type="stmt"/>
          <line num="62" count="0" type="stmt"/>
          <line num="72" count="0" type="stmt"/>
          <line num="73" count="0" type="stmt"/>
          <line num="74" count="0" type="stmt"/>
          <line num="75" count="0" type="stmt"/>
        </file>
        <file name="recuperation.vue" path="c:\Users\Administrator.USER-20150330PE\Desktop\项目\ICPC\icpch5\src\pages\gift\recuperation.vue">
          <metrics statements="19" coveredstatements="0" conditionals="0" coveredconditionals="0" methods="7" coveredmethods="0"/>
          <line num="20" count="0" type="stmt"/>
          <line num="21" count="0" type="stmt"/>
          <line num="25" count="0" type="stmt"/>
          <line num="37" count="0" type="stmt"/>
          <line num="38" count="0" type="stmt"/>
          <line num="41" count="0" type="stmt"/>
          <line num="45" count="0" type="stmt"/>
          <line num="46" count="0" type="stmt"/>
          <line num="47" count="0" type="stmt"/>
          <line num="48" count="0" type="stmt"/>
          <line num="50" count="0" type="stmt"/>
          <line num="54" count="0" type="stmt"/>
          <line num="55" count="0" type="stmt"/>
          <line num="59" count="0" type="stmt"/>
          <line num="60" count="0" type="stmt"/>
          <line num="70" count="0" type="stmt"/>
          <line num="71" count="0" type="stmt"/>
          <line num="72" count="0" type="stmt"/>
          <line num="73" count="0" type="stmt"/>
        </file>
      </package>
      <package name="src.pages.home">
        <metrics statements="36" coveredstatements="0" conditionals="18" coveredconditionals="0" methods="9" coveredmethods="0"/>
        <file name="index.vue" path="c:\Users\Administrator.USER-20150330PE\Desktop\项目\ICPC\icpch5\src\pages\home\index.vue">
          <metrics statements="36" coveredstatements="0" conditionals="18" coveredconditionals="0" methods="9" coveredmethods="0"/>
          <line num="36" count="0" type="stmt"/>
          <line num="40" count="0" type="stmt"/>
          <line num="58" count="0" type="stmt"/>
          <line num="59" count="0" type="stmt"/>
          <line num="60" count="0" type="stmt"/>
          <line num="61" count="0" type="stmt"/>
          <line num="62" count="0" type="stmt"/>
          <line num="63" count="0" type="cond" truecount="0" falsecount="2"/>
          <line num="64" count="0" type="stmt"/>
          <line num="65" count="0" type="stmt"/>
          <line num="67" count="0" type="stmt"/>
          <line num="70" count="0" type="stmt"/>
          <line num="84" count="0" type="stmt"/>
          <line num="85" count="0" type="stmt"/>
          <line num="86" count="0" type="cond" truecount="0" falsecount="4"/>
          <line num="87" count="0" type="stmt"/>
          <line num="88" count="0" type="stmt"/>
          <line num="93" count="0" type="cond" truecount="0" falsecount="4"/>
          <line num="94" count="0" type="stmt"/>
          <line num="95" count="0" type="stmt"/>
          <line num="97" count="0" type="stmt"/>
          <line num="104" count="0" type="stmt"/>
          <line num="105" count="0" type="cond" truecount="0" falsecount="2"/>
          <line num="106" count="0" type="stmt"/>
          <line num="107" count="0" type="stmt"/>
          <line num="109" count="0" type="cond" truecount="0" falsecount="2"/>
          <line num="110" count="0" type="stmt"/>
          <line num="112" count="0" type="stmt"/>
          <line num="113" count="0" type="stmt"/>
          <line num="114" count="0" type="stmt"/>
          <line num="115" count="0" type="stmt"/>
          <line num="116" count="0" type="cond" truecount="0" falsecount="4"/>
          <line num="117" count="0" type="stmt"/>
          <line num="120" count="0" type="stmt"/>
          <line num="122" count="0" type="stmt"/>
          <line num="124" count="0" type="stmt"/>
        </file>
      </package>
      <package name="src.pages.login">
        <metrics statements="25" coveredstatements="0" conditionals="2" coveredconditionals="0" methods="10" coveredmethods="0"/>
        <file name="login.vue" path="c:\Users\Administrator.USER-20150330PE\Desktop\项目\ICPC\icpch5\src\pages\login\login.vue">
          <metrics statements="8" coveredstatements="0" conditionals="0" coveredconditionals="0" methods="4" coveredmethods="0"/>
          <line num="15" count="0" type="stmt"/>
          <line num="19" count="0" type="stmt"/>
          <line num="27" count="0" type="stmt"/>
          <line num="28" count="0" type="stmt"/>
          <line num="29" count="0" type="stmt"/>
          <line num="32" count="0" type="stmt"/>
          <line num="34" count="0" type="stmt"/>
          <line num="37" count="0" type="stmt"/>
        </file>
        <file name="loginIn.vue" path="c:\Users\Administrator.USER-20150330PE\Desktop\项目\ICPC\icpch5\src\pages\login\loginIn.vue">
          <metrics statements="17" coveredstatements="0" conditionals="2" coveredconditionals="0" methods="6" coveredmethods="0"/>
          <line num="12" count="0" type="stmt"/>
          <line num="16" count="0" type="stmt"/>
          <line num="24" count="0" type="stmt"/>
          <line num="25" count="0" type="stmt"/>
          <line num="26" count="0" type="stmt"/>
          <line num="27" count="0" type="stmt"/>
          <line num="30" count="0" type="stmt"/>
          <line num="31" count="0" type="stmt"/>
          <line num="32" count="0" type="stmt"/>
          <line num="33" count="0" type="cond" truecount="0" falsecount="2"/>
          <line num="34" count="0" type="stmt"/>
          <line num="36" count="0" type="stmt"/>
          <line num="37" count="0" type="stmt"/>
          <line num="38" count="0" type="stmt"/>
          <line num="39" count="0" type="stmt"/>
          <line num="46" count="0" type="stmt"/>
          <line num="54" count="0" type="stmt"/>
        </file>
      </package>
      <package name="src.pages.me">
        <metrics statements="58" coveredstatements="0" conditionals="8" coveredconditionals="0" methods="20" coveredmethods="0"/>
        <file name="index.vue" path="c:\Users\Administrator.USER-20150330PE\Desktop\项目\ICPC\icpch5\src\pages\me\index.vue">
          <metrics statements="40" coveredstatements="0" conditionals="8" coveredconditionals="0" methods="13" coveredmethods="0"/>
          <line num="41" count="0" type="stmt"/>
          <line num="42" count="0" type="stmt"/>
          <line num="46" count="0" type="stmt"/>
          <line num="76" count="0" type="stmt"/>
          <line num="77" count="0" type="stmt"/>
          <line num="78" count="0" type="stmt"/>
          <line num="79" count="0" type="stmt"/>
          <line num="83" count="0" type="stmt"/>
          <line num="84" count="0" type="stmt"/>
          <line num="85" count="0" type="stmt"/>
          <line num="86" count="0" type="stmt"/>
          <line num="87" count="0" type="stmt"/>
          <line num="89" count="0" type="stmt"/>
          <line num="94" count="0" type="stmt"/>
          <line num="95" count="0" type="cond" truecount="0" falsecount="2"/>
          <line num="96" count="0" type="stmt"/>
          <line num="97" count="0" type="stmt"/>
          <line num="98" count="0" type="cond" truecount="0" falsecount="2"/>
          <line num="99" count="0" type="stmt"/>
          <line num="100" count="0" type="stmt"/>
          <line num="102" count="0" type="stmt"/>
          <line num="104" count="0" type="stmt"/>
          <line num="110" count="0" type="stmt"/>
          <line num="111" count="0" type="stmt"/>
          <line num="112" count="0" type="stmt"/>
          <line num="117" count="0" type="stmt"/>
          <line num="120" count="0" type="stmt"/>
          <line num="124" count="0" type="stmt"/>
          <line num="130" count="0" type="stmt"/>
          <line num="131" count="0" type="stmt"/>
          <line num="133" count="0" type="cond" truecount="0" falsecount="2"/>
          <line num="134" count="0" type="stmt"/>
          <line num="135" count="0" type="stmt"/>
          <line num="136" count="0" type="cond" truecount="0" falsecount="2"/>
          <line num="137" count="0" type="stmt"/>
          <line num="138" count="0" type="stmt"/>
          <line num="140" count="0" type="stmt"/>
          <line num="141" count="0" type="stmt"/>
          <line num="148" count="0" type="stmt"/>
          <line num="152" count="0" type="stmt"/>
        </file>
        <file name="zsm.vue" path="c:\Users\Administrator.USER-20150330PE\Desktop\项目\ICPC\icpch5\src\pages\me\zsm.vue">
          <metrics statements="18" coveredstatements="0" conditionals="0" coveredconditionals="0" methods="7" coveredmethods="0"/>
          <line num="20" count="0" type="stmt"/>
          <line num="21" count="0" type="stmt"/>
          <line num="25" count="0" type="stmt"/>
          <line num="39" count="0" type="stmt"/>
          <line num="40" count="0" type="stmt"/>
          <line num="41" count="0" type="stmt"/>
          <line num="46" count="0" type="stmt"/>
          <line num="47" count="0" type="stmt"/>
          <line num="48" count="0" type="stmt"/>
          <line num="49" count="0" type="stmt"/>
          <line num="51" count="0" type="stmt"/>
          <line num="55" count="0" type="stmt"/>
          <line num="60" count="0" type="stmt"/>
          <line num="61" count="0" type="stmt"/>
          <line num="71" count="0" type="stmt"/>
          <line num="72" count="0" type="stmt"/>
          <line num="73" count="0" type="stmt"/>
          <line num="74" count="0" type="stmt"/>
        </file>
      </package>
      <package name="src.pages.me.components">
        <metrics statements="4" coveredstatements="0" conditionals="0" coveredconditionals="0" methods="4" coveredmethods="0"/>
        <file name="hasSelect.vue" path="c:\Users\Administrator.USER-20150330PE\Desktop\项目\ICPC\icpch5\src\pages\me\components\hasSelect.vue">
          <metrics statements="2" coveredstatements="0" conditionals="0" coveredconditionals="0" methods="2" coveredmethods="0"/>
          <line num="14" count="0" type="stmt"/>
          <line num="23" count="0" type="stmt"/>
        </file>
        <file name="list.vue" path="c:\Users\Administrator.USER-20150330PE\Desktop\项目\ICPC\icpch5\src\pages\me\components\list.vue">
          <metrics statements="2" coveredstatements="0" conditionals="0" coveredconditionals="0" methods="2" coveredmethods="0"/>
          <line num="14" count="0" type="stmt"/>
          <line num="23" count="0" type="stmt"/>
        </file>
      </package>
      <package name="src.pages.order">
        <metrics statements="165" coveredstatements="0" conditionals="56" coveredconditionals="0" methods="46" coveredmethods="0"/>
        <file name="index.vue" path="c:\Users\Administrator.USER-20150330PE\Desktop\项目\ICPC\icpch5\src\pages\order\index.vue">
          <metrics statements="44" coveredstatements="0" conditionals="24" coveredconditionals="0" methods="8" coveredmethods="0"/>
          <line num="7" count="0" type="stmt"/>
          <line num="8" count="0" type="stmt"/>
          <line num="12" count="0" type="stmt"/>
          <line num="45" count="0" type="stmt"/>
          <line num="46" count="0" type="stmt"/>
          <line num="59" count="0" type="stmt"/>
          <line num="60" count="0" type="stmt"/>
          <line num="61" count="0" type="stmt"/>
          <line num="62" count="0" type="cond" truecount="0" falsecount="2"/>
          <line num="63" count="0" type="stmt"/>
          <line num="64" count="0" type="stmt"/>
          <line num="65" count="0" type="cond" truecount="0" falsecount="2"/>
          <line num="66" count="0" type="stmt"/>
          <line num="67" count="0" type="stmt"/>
          <line num="68" count="0" type="cond" truecount="0" falsecount="2"/>
          <line num="69" count="0" type="stmt"/>
          <line num="70" count="0" type="stmt"/>
          <line num="72" count="0" type="cond" truecount="0" falsecount="4"/>
          <line num="73" count="0" type="stmt"/>
          <line num="79" count="0" type="stmt"/>
          <line num="80" count="0" type="stmt"/>
          <line num="81" count="0" type="stmt"/>
          <line num="83" count="0" type="stmt"/>
          <line num="84" count="0" type="stmt"/>
          <line num="85" count="0" type="stmt"/>
          <line num="86" count="0" type="stmt"/>
          <line num="87" count="0" type="stmt"/>
          <line num="88" count="0" type="stmt"/>
          <line num="89" count="0" type="stmt"/>
          <line num="91" count="0" type="cond" truecount="0" falsecount="4"/>
          <line num="92" count="0" type="stmt"/>
          <line num="94" count="0" type="stmt"/>
          <line num="98" count="0" type="cond" truecount="0" falsecount="2"/>
          <line num="99" count="0" type="stmt"/>
          <line num="106" count="0" type="cond" truecount="0" falsecount="2"/>
          <line num="108" count="0" type="stmt"/>
          <line num="109" count="0" type="cond" truecount="0" falsecount="2"/>
          <line num="110" count="0" type="stmt"/>
          <line num="116" count="0" type="cond" truecount="0" falsecount="2"/>
          <line num="117" count="0" type="stmt"/>
          <line num="123" count="0" type="cond" truecount="0" falsecount="2"/>
          <line num="124" count="0" type="stmt"/>
          <line num="133" count="0" type="stmt"/>
          <line num="142" count="0" type="stmt"/>
        </file>
        <file name="lxyBm.vue" path="c:\Users\Administrator.USER-20150330PE\Desktop\项目\ICPC\icpch5\src\pages\order\lxyBm.vue">
          <metrics statements="61" coveredstatements="0" conditionals="18" coveredconditionals="0" methods="17" coveredmethods="0"/>
          <line num="70" count="0" type="stmt"/>
          <line num="71" count="0" type="stmt"/>
          <line num="75" count="0" type="stmt"/>
          <line num="101" count="0" type="stmt"/>
          <line num="102" count="0" type="stmt"/>
          <line num="103" count="0" type="stmt"/>
          <line num="104" count="0" type="stmt"/>
          <line num="108" count="0" type="stmt"/>
          <line num="109" count="0" type="stmt"/>
          <line num="110" count="0" type="stmt"/>
          <line num="111" count="0" type="stmt"/>
          <line num="112" count="0" type="stmt"/>
          <line num="113" count="0" type="stmt"/>
          <line num="114" count="0" type="stmt"/>
          <line num="116" count="0" type="stmt"/>
          <line num="122" count="0" type="stmt"/>
          <line num="124" count="0" type="stmt"/>
          <line num="130" count="0" type="stmt"/>
          <line num="131" count="0" type="stmt"/>
          <line num="132" count="0" type="stmt"/>
          <line num="133" count="0" type="stmt"/>
          <line num="139" count="0" type="stmt"/>
          <line num="140" count="0" type="stmt"/>
          <line num="144" count="0" type="stmt"/>
          <line num="147" count="0" type="stmt"/>
          <line num="151" count="0" type="stmt"/>
          <line num="158" count="0" type="stmt"/>
          <line num="160" count="0" type="stmt"/>
          <line num="161" count="0" type="stmt"/>
          <line num="162" count="0" type="stmt"/>
          <line num="164" count="0" type="stmt"/>
          <line num="165" count="0" type="stmt"/>
          <line num="166" count="0" type="cond" truecount="0" falsecount="2"/>
          <line num="167" count="0" type="stmt"/>
          <line num="173" count="0" type="stmt"/>
          <line num="174" count="0" type="cond" truecount="0" falsecount="2"/>
          <line num="175" count="0" type="stmt"/>
          <line num="181" count="0" type="stmt"/>
          <line num="183" count="0" type="cond" truecount="0" falsecount="2"/>
          <line num="184" count="0" type="stmt"/>
          <line num="190" count="0" type="stmt"/>
          <line num="191" count="0" type="cond" truecount="0" falsecount="2"/>
          <line num="192" count="0" type="stmt"/>
          <line num="198" count="0" type="stmt"/>
          <line num="200" count="0" type="stmt"/>
          <line num="212" count="0" type="stmt"/>
          <line num="213" count="0" type="cond" truecount="0" falsecount="2"/>
          <line num="215" count="0" type="stmt"/>
          <line num="221" count="0" type="stmt"/>
          <line num="222" count="0" type="stmt"/>
          <line num="225" count="0" type="cond" truecount="0" falsecount="2"/>
          <line num="227" count="0" type="stmt"/>
          <line num="233" count="0" type="stmt"/>
          <line num="234" count="0" type="stmt"/>
          <line num="237" count="0" type="cond" truecount="0" falsecount="2"/>
          <line num="239" count="0" type="stmt"/>
          <line num="245" count="0" type="cond" truecount="0" falsecount="2"/>
          <line num="247" count="0" type="stmt"/>
          <line num="253" count="0" type="cond" truecount="0" falsecount="2"/>
          <line num="255" count="0" type="stmt"/>
          <line num="263" count="0" type="stmt"/>
        </file>
        <file name="phoneYy.vue" path="c:\Users\Administrator.USER-20150330PE\Desktop\项目\ICPC\icpch5\src\pages\order\phoneYy.vue">
          <metrics statements="2" coveredstatements="0" conditionals="0" coveredconditionals="0" methods="2" coveredmethods="0"/>
          <line num="13" count="0" type="stmt"/>
          <line num="17" count="0" type="stmt"/>
        </file>
        <file name="physical.vue" path="c:\Users\Administrator.USER-20150330PE\Desktop\项目\ICPC\icpch5\src\pages\order\physical.vue">
          <metrics statements="58" coveredstatements="0" conditionals="14" coveredconditionals="0" methods="19" coveredmethods="0"/>
          <line num="65" count="0" type="stmt"/>
          <line num="66" count="0" type="stmt"/>
          <line num="70" count="0" type="stmt"/>
          <line num="95" count="0" type="stmt"/>
          <line num="96" count="0" type="stmt"/>
          <line num="97" count="0" type="stmt"/>
          <line num="98" count="0" type="stmt"/>
          <line num="103" count="0" type="stmt"/>
          <line num="104" count="0" type="stmt"/>
          <line num="105" count="0" type="stmt"/>
          <line num="106" count="0" type="stmt"/>
          <line num="107" count="0" type="stmt"/>
          <line num="110" count="0" type="stmt"/>
          <line num="115" count="0" type="stmt"/>
          <line num="117" count="0" type="stmt"/>
          <line num="120" count="0" type="stmt"/>
          <line num="125" count="0" type="stmt"/>
          <line num="133" count="0" type="stmt"/>
          <line num="138" count="0" type="stmt"/>
          <line num="140" count="0" type="stmt"/>
          <line num="143" count="0" type="stmt"/>
          <line num="144" count="0" type="stmt"/>
          <line num="145" count="0" type="stmt"/>
          <line num="146" count="0" type="stmt"/>
          <line num="152" count="0" type="stmt"/>
          <line num="153" count="0" type="stmt"/>
          <line num="157" count="0" type="stmt"/>
          <line num="160" count="0" type="stmt"/>
          <line num="172" count="0" type="stmt"/>
          <line num="174" count="0" type="stmt"/>
          <line num="175" count="0" type="stmt"/>
          <line num="176" count="0" type="stmt"/>
          <line num="178" count="0" type="stmt"/>
          <line num="179" count="0" type="stmt"/>
          <line num="180" count="0" type="cond" truecount="0" falsecount="2"/>
          <line num="181" count="0" type="stmt"/>
          <line num="187" count="0" type="stmt"/>
          <line num="188" count="0" type="cond" truecount="0" falsecount="2"/>
          <line num="189" count="0" type="stmt"/>
          <line num="195" count="0" type="stmt"/>
          <line num="197" count="0" type="cond" truecount="0" falsecount="2"/>
          <line num="198" count="0" type="stmt"/>
          <line num="204" count="0" type="stmt"/>
          <line num="205" count="0" type="cond" truecount="0" falsecount="2"/>
          <line num="206" count="0" type="stmt"/>
          <line num="212" count="0" type="stmt"/>
          <line num="214" count="0" type="stmt"/>
          <line num="224" count="0" type="cond" truecount="0" falsecount="2"/>
          <line num="226" count="0" type="stmt"/>
          <line num="232" count="0" type="stmt"/>
          <line num="233" count="0" type="stmt"/>
          <line num="236" count="0" type="cond" truecount="0" falsecount="2"/>
          <line num="238" count="0" type="stmt"/>
          <line num="244" count="0" type="stmt"/>
          <line num="245" count="0" type="stmt"/>
          <line num="248" count="0" type="cond" truecount="0" falsecount="2"/>
          <line num="250" count="0" type="stmt"/>
          <line num="258" count="0" type="stmt"/>
        </file>
      </package>
      <package name="src.pages.order.sec">
        <metrics statements="78" coveredstatements="0" conditionals="20" coveredconditionals="0" methods="26" coveredmethods="0"/>
        <file name="apply.vue" path="c:\Users\Administrator.USER-20150330PE\Desktop\项目\ICPC\icpch5\src\pages\order\sec\apply.vue">
          <metrics statements="53" coveredstatements="0" conditionals="18" coveredconditionals="0" methods="14" coveredmethods="0"/>
          <line num="83" count="0" type="stmt"/>
          <line num="87" count="0" type="stmt"/>
          <line num="108" count="0" type="stmt"/>
          <line num="109" count="0" type="stmt"/>
          <line num="110" count="0" type="stmt"/>
          <line num="111" count="0" type="stmt"/>
          <line num="115" count="0" type="stmt"/>
          <line num="116" count="0" type="stmt"/>
          <line num="117" count="0" type="stmt"/>
          <line num="118" count="0" type="stmt"/>
          <line num="119" count="0" type="stmt"/>
          <line num="121" count="0" type="stmt"/>
          <line num="126" count="0" type="stmt"/>
          <line num="127" count="0" type="cond" truecount="0" falsecount="2"/>
          <line num="128" count="0" type="stmt"/>
          <line num="129" count="0" type="cond" truecount="0" falsecount="2"/>
          <line num="130" count="0" type="stmt"/>
          <line num="134" count="0" type="stmt"/>
          <line num="140" count="0" type="stmt"/>
          <line num="142" count="0" type="stmt"/>
          <line num="143" count="0" type="cond" truecount="0" falsecount="2"/>
          <line num="144" count="0" type="stmt"/>
          <line num="146" count="0" type="stmt"/>
          <line num="148" count="0" type="stmt"/>
          <line num="149" count="0" type="stmt"/>
          <line num="157" count="0" type="stmt"/>
          <line num="158" count="0" type="stmt"/>
          <line num="159" count="0" type="stmt"/>
          <line num="160" count="0" type="stmt"/>
          <line num="161" count="0" type="stmt"/>
          <line num="162" count="0" type="stmt"/>
          <line num="165" count="0" type="stmt"/>
          <line num="166" count="0" type="cond" truecount="0" falsecount="2"/>
          <line num="167" count="0" type="stmt"/>
          <line num="168" count="0" type="stmt"/>
          <line num="169" count="0" type="stmt"/>
          <line num="170" count="0" type="cond" truecount="0" falsecount="2"/>
          <line num="171" count="0" type="stmt"/>
          <line num="180" count="0" type="stmt"/>
          <line num="182" count="0" type="stmt"/>
          <line num="185" count="0" type="stmt"/>
          <line num="187" count="0" type="cond" truecount="0" falsecount="2"/>
          <line num="188" count="0" type="stmt"/>
          <line num="194" count="0" type="cond" truecount="0" falsecount="2"/>
          <line num="195" count="0" type="stmt"/>
          <line num="202" count="0" type="stmt"/>
          <line num="212" count="0" type="stmt"/>
          <line num="213" count="0" type="stmt"/>
          <line num="214" count="0" type="cond" truecount="0" falsecount="2"/>
          <line num="215" count="0" type="stmt"/>
          <line num="222" count="0" type="cond" truecount="0" falsecount="2"/>
          <line num="223" count="0" type="stmt"/>
          <line num="232" count="0" type="stmt"/>
        </file>
        <file name="phoneYy.vue" path="c:\Users\Administrator.USER-20150330PE\Desktop\项目\ICPC\icpch5\src\pages\order\sec\phoneYy.vue">
          <metrics statements="5" coveredstatements="0" conditionals="0" coveredconditionals="0" methods="3" coveredmethods="0"/>
          <line num="18" count="0" type="stmt"/>
          <line num="22" count="0" type="stmt"/>
          <line num="29" count="0" type="stmt"/>
          <line num="37" count="0" type="stmt"/>
          <line num="38" count="0" type="stmt"/>
        </file>
        <file name="record.vue" path="c:\Users\Administrator.USER-20150330PE\Desktop\项目\ICPC\icpch5\src\pages\order\sec\record.vue">
          <metrics statements="20" coveredstatements="0" conditionals="2" coveredconditionals="0" methods="9" coveredmethods="0"/>
          <line num="62" count="0" type="stmt"/>
          <line num="67" count="0" type="stmt"/>
          <line num="79" count="0" type="stmt"/>
          <line num="80" count="0" type="stmt"/>
          <line num="81" count="0" type="stmt"/>
          <line num="84" count="0" type="stmt"/>
          <line num="85" count="0" type="stmt"/>
          <line num="87" count="0" type="stmt"/>
          <line num="92" count="0" type="stmt"/>
          <line num="95" count="0" type="stmt"/>
          <line num="96" count="0" type="stmt"/>
          <line num="97" count="0" type="stmt"/>
          <line num="98" count="0" type="stmt"/>
          <line num="102" count="0" type="stmt"/>
          <line num="103" count="0" type="stmt"/>
          <line num="104" count="0" type="cond" truecount="0" falsecount="2"/>
          <line num="105" count="0" type="stmt"/>
          <line num="114" count="0" type="stmt"/>
          <line num="118" count="0" type="stmt"/>
          <line num="119" count="0" type="stmt"/>
        </file>
      </package>
      <package name="src.pages.remul">
        <metrics statements="31" coveredstatements="0" conditionals="8" coveredconditionals="0" methods="12" coveredmethods="0"/>
        <file name="newsPage.vue" path="c:\Users\Administrator.USER-20150330PE\Desktop\项目\ICPC\icpch5\src\pages\remul\newsPage.vue">
          <metrics statements="31" coveredstatements="0" conditionals="8" coveredconditionals="0" methods="12" coveredmethods="0"/>
          <line num="33" count="0" type="stmt"/>
          <line num="34" count="0" type="stmt"/>
          <line num="39" count="0" type="stmt"/>
          <line num="58" count="0" type="stmt"/>
          <line num="59" count="0" type="stmt"/>
          <line num="60" count="0" type="stmt"/>
          <line num="61" count="0" type="stmt"/>
          <line num="62" count="0" type="stmt"/>
          <line num="63" count="0" type="cond" truecount="0" falsecount="2"/>
          <line num="64" count="0" type="stmt"/>
          <line num="70" count="0" type="stmt"/>
          <line num="75" count="0" type="stmt"/>
          <line num="77" count="0" type="cond" truecount="0" falsecount="2"/>
          <line num="78" count="0" type="stmt"/>
          <line num="85" count="0" type="stmt"/>
          <line num="86" count="0" type="stmt"/>
          <line num="91" count="0" type="stmt"/>
          <line num="93" count="0" type="cond" truecount="0" falsecount="4"/>
          <line num="94" count="0" type="stmt"/>
          <line num="100" count="0" type="stmt"/>
          <line num="102" count="0" type="stmt"/>
          <line num="103" count="0" type="stmt"/>
          <line num="110" count="0" type="stmt"/>
          <line num="118" count="0" type="stmt"/>
          <line num="119" count="0" type="stmt"/>
          <line num="120" count="0" type="stmt"/>
          <line num="121" count="0" type="stmt"/>
          <line num="122" count="0" type="stmt"/>
          <line num="123" count="0" type="stmt"/>
          <line num="124" count="0" type="stmt"/>
          <line num="126" count="0" type="stmt"/>
        </file>
      </package>
      <package name="src.pages.share">
        <metrics statements="85" coveredstatements="0" conditionals="34" coveredconditionals="0" methods="24" coveredmethods="0"/>
        <file name="index.vue" path="c:\Users\Administrator.USER-20150330PE\Desktop\项目\ICPC\icpch5\src\pages\share\index.vue">
          <metrics statements="25" coveredstatements="0" conditionals="12" coveredconditionals="0" methods="8" coveredmethods="0"/>
          <line num="41" count="0" type="stmt"/>
          <line num="54" count="0" type="stmt"/>
          <line num="55" count="0" type="stmt"/>
          <line num="59" count="0" type="stmt"/>
          <line num="60" count="0" type="stmt"/>
          <line num="63" count="0" type="stmt"/>
          <line num="68" count="0" type="stmt"/>
          <line num="70" count="0" type="cond" truecount="0" falsecount="2"/>
          <line num="71" count="0" type="stmt"/>
          <line num="76" count="0" type="cond" truecount="0" falsecount="2"/>
          <line num="77" count="0" type="stmt"/>
          <line num="87" count="0" type="stmt"/>
          <line num="88" count="0" type="cond" truecount="0" falsecount="2"/>
          <line num="89" count="0" type="stmt"/>
          <line num="90" count="0" type="stmt"/>
          <line num="92" count="0" type="cond" truecount="0" falsecount="2"/>
          <line num="93" count="0" type="stmt"/>
          <line num="95" count="0" type="stmt"/>
          <line num="96" count="0" type="stmt"/>
          <line num="97" count="0" type="stmt"/>
          <line num="99" count="0" type="cond" truecount="0" falsecount="4"/>
          <line num="100" count="0" type="stmt"/>
          <line num="102" count="0" type="stmt"/>
          <line num="104" count="0" type="stmt"/>
          <line num="106" count="0" type="stmt"/>
        </file>
        <file name="vote.vue" path="c:\Users\Administrator.USER-20150330PE\Desktop\项目\ICPC\icpch5\src\pages\share\vote.vue">
          <metrics statements="60" coveredstatements="0" conditionals="22" coveredconditionals="0" methods="16" coveredmethods="0"/>
          <line num="76" count="0" type="stmt"/>
          <line num="80" count="0" type="stmt"/>
          <line num="104" count="0" type="stmt"/>
          <line num="105" count="0" type="cond" truecount="0" falsecount="2"/>
          <line num="107" count="0" type="stmt"/>
          <line num="115" count="0" type="stmt"/>
          <line num="120" count="0" type="stmt"/>
          <line num="121" count="0" type="stmt"/>
          <line num="123" count="0" type="stmt"/>
          <line num="129" count="0" type="stmt"/>
          <line num="130" count="0" type="cond" truecount="0" falsecount="2"/>
          <line num="131" count="0" type="stmt"/>
          <line num="132" count="0" type="stmt"/>
          <line num="134" count="0" type="stmt"/>
          <line num="137" count="0" type="stmt"/>
          <line num="138" count="0" type="stmt"/>
          <line num="142" count="0" type="stmt"/>
          <line num="150" count="0" type="stmt"/>
          <line num="151" count="0" type="stmt"/>
          <line num="152" count="0" type="stmt"/>
          <line num="154" count="0" type="stmt"/>
          <line num="156" count="0" type="stmt"/>
          <line num="157" count="0" type="stmt"/>
          <line num="158" count="0" type="stmt"/>
          <line num="159" count="0" type="stmt"/>
          <line num="163" count="0" type="cond" truecount="0" falsecount="2"/>
          <line num="164" count="0" type="stmt"/>
          <line num="165" count="0" type="cond" truecount="0" falsecount="2"/>
          <line num="166" count="0" type="stmt"/>
          <line num="169" count="0" type="stmt"/>
          <line num="172" count="0" type="stmt"/>
          <line num="179" count="0" type="stmt"/>
          <line num="181" count="0" type="stmt"/>
          <line num="183" count="0" type="stmt"/>
          <line num="186" count="0" type="cond" truecount="0" falsecount="2"/>
          <line num="187" count="0" type="stmt"/>
          <line num="188" count="0" type="stmt"/>
          <line num="189" count="0" type="stmt"/>
          <line num="190" count="0" type="stmt"/>
          <line num="191" count="0" type="stmt"/>
          <line num="192" count="0" type="cond" truecount="0" falsecount="2"/>
          <line num="193" count="0" type="cond" truecount="0" falsecount="2"/>
          <line num="194" count="0" type="cond" truecount="0" falsecount="2"/>
          <line num="195" count="0" type="cond" truecount="0" falsecount="2"/>
          <line num="199" count="0" type="stmt"/>
          <line num="200" count="0" type="stmt"/>
          <line num="204" count="0" type="stmt"/>
          <line num="207" count="0" type="stmt"/>
          <line num="208" count="0" type="stmt"/>
          <line num="209" count="0" type="stmt"/>
          <line num="210" count="0" type="stmt"/>
          <line num="211" count="0" type="cond" truecount="0" falsecount="2"/>
          <line num="212" count="0" type="stmt"/>
          <line num="213" count="0" type="cond" truecount="0" falsecount="2"/>
          <line num="214" count="0" type="stmt"/>
          <line num="215" count="0" type="stmt"/>
          <line num="220" count="0" type="stmt"/>
          <line num="225" count="0" type="stmt"/>
          <line num="227" count="0" type="stmt"/>
          <line num="229" count="0" type="stmt"/>
        </file>
      </package>
      <package name="src.vuex">
        <metrics statements="40" coveredstatements="0" conditionals="4" coveredconditionals="0" methods="14" coveredmethods="0"/>
        <file name="store.js" path="c:\Users\Administrator.USER-20150330PE\Desktop\项目\ICPC\icpch5\src\vuex\store.js">
          <metrics statements="40" coveredstatements="0" conditionals="4" coveredconditionals="0" methods="14" coveredmethods="0"/>
          <line num="87" count="0" type="stmt"/>
          <line num="88" count="0" type="stmt"/>
          <line num="89" count="0" type="stmt"/>
          <line num="90" count="0" type="stmt"/>
          <line num="91" count="0" type="stmt"/>
          <line num="92" count="0" type="stmt"/>
          <line num="100" count="0" type="stmt"/>
          <line num="103" count="0" type="stmt"/>
          <line num="104" count="0" type="stmt"/>
          <line num="105" count="0" type="stmt"/>
          <line num="108" count="0" type="stmt"/>
          <line num="111" count="0" type="stmt"/>
          <line num="112" count="0" type="stmt"/>
          <line num="117" count="0" type="stmt"/>
          <line num="118" count="0" type="stmt"/>
          <line num="119" count="0" type="stmt"/>
          <line num="121" count="0" type="stmt"/>
          <line num="123" count="0" type="stmt"/>
          <line num="124" count="0" type="cond" truecount="0" falsecount="2"/>
          <line num="125" count="0" type="stmt"/>
          <line num="127" count="0" type="stmt"/>
          <line num="128" count="0" type="stmt"/>
          <line num="129" count="0" type="stmt"/>
          <line num="130" count="0" type="stmt"/>
          <line num="133" count="0" type="stmt"/>
          <line num="135" count="0" type="stmt"/>
          <line num="136" count="0" type="stmt"/>
          <line num="139" count="0" type="stmt"/>
          <line num="141" count="0" type="stmt"/>
          <line num="142" count="0" type="stmt"/>
          <line num="146" count="0" type="stmt"/>
          <line num="147" count="0" type="stmt"/>
          <line num="148" count="0" type="stmt"/>
          <line num="151" count="0" type="stmt"/>
          <line num="153" count="0" type="stmt"/>
          <line num="154" count="0" type="stmt"/>
          <line num="155" count="0" type="stmt"/>
          <line num="158" count="0" type="stmt"/>
          <line num="165" count="0" type="stmt"/>
          <line num="166" count="0" type="stmt"/>
        </file>
      </package>
    </metrics>
  </project>
</coverage>
