{"c:\\Users\\Administrator.USER-20150330PE\\Desktop\\项目\\ICPC\\icpch5\\src\\App.vue": {"path":"c:\\Users\\Administrator.USER-20150330PE\\Desktop\\项目\\ICPC\\icpch5\\src\\App.vue","statementMap":{"0":{"start":{"line":21,"column":0},"end":{"line":null,"column":-1}},"1":{"start":{"line":26,"column":0},"end":{"line":null,"column":-1}},"2":{"start":{"line":64,"column":0},"end":{"line":null,"column":-1}},"3":{"start":{"line":67,"column":0},"end":{"line":null,"column":-1}},"4":{"start":{"line":68,"column":0},"end":{"line":75,"column":0}},"5":{"start":{"line":69,"column":0},"end":{"line":null,"column":-1}},"6":{"start":{"line":71,"column":0},"end":{"line":null,"column":-1}},"7":{"start":{"line":72,"column":0},"end":{"line":74,"column":0}},"8":{"start":{"line":73,"column":0},"end":{"line":null,"column":-1}},"9":{"start":{"line":82,"column":0},"end":{"line":null,"column":-1}},"10":{"start":{"line":83,"column":0},"end":{"line":null,"column":-1}},"11":{"start":{"line":87,"column":0},"end":{"line":null,"column":-1}},"12":{"start":{"line":93,"column":0},"end":{"line":null,"column":-1}},"13":{"start":{"line":97,"column":0},"end":{"line":null,"column":-1}},"14":{"start":{"line":103,"column":0},"end":{"line":null,"column":-1}},"15":{"start":{"line":106,"column":0},"end":{"line":null,"column":-1}},"16":{"start":{"line":108,"column":0},"end":{"line":null,"column":-1}},"17":{"start":{"line":111,"column":0},"end":{"line":null,"column":-1}},"18":{"start":{"line":112,"column":0},"end":{"line":114,"column":0}},"19":{"start":{"line":113,"column":0},"end":{"line":null,"column":-1}}},"fnMap":{"0":{"name":"provide","decl":{"start":{"line":20,"column":0},"end":{"line":null,"column":-1}},"loc":{"start":{"line":20,"column":0},"end":{"line":24,"column":0}}},"1":{"name":"data","decl":{"start":{"line":25,"column":0},"end":{"line":null,"column":-1}},"loc":{"start":{"line":25,"column":0},"end":{"line":61,"column":0}}},"2":{"name":"$route","decl":{"start":{"line":63,"column":0},"end":{"line":null,"column":-1}},"loc":{"start":{"line":63,"column":0},"end":{"line":76,"column":0}}},"3":{"name":"onBridgeReady","decl":{"start":{"line":72,"column":0},"end":{"line":null,"column":-1}},"loc":{"start":{"line":72,"column":0},"end":{"line":74,"column":0}}},"4":{"name":"isLogin","decl":{"start":{"line":79,"column":0},"end":{"line":null,"column":-1}},"loc":{"start":{"line":79,"column":0},"end":{"line":84,"column":0}}},"5":{"name":"created","decl":{"start":{"line":86,"column":0},"end":{"line":null,"column":-1}},"loc":{"start":{"line":86,"column":0},"end":{"line":100,"column":0}}},"6":{"name":"toban","decl":{"start":{"line":102,"column":0},"end":{"line":null,"column":-1}},"loc":{"start":{"line":102,"column":0},"end":{"line":104,"column":0}}},"7":{"name":"switchTo","decl":{"start":{"line":105,"column":0},"end":{"line":null,"column":-1}},"loc":{"start":{"line":105,"column":0},"end":{"line":109,"column":0}}},"8":{"name":"reload","decl":{"start":{"line":110,"column":0},"end":{"line":null,"column":-1}},"loc":{"start":{"line":110,"column":0},"end":{"line":115,"column":0}}},"9":{"name":"(anonymous_10)","decl":{"start":{"line":112,"column":0},"end":{"line":null,"column":-1}},"loc":{"start":{"line":112,"column":0},"end":{"line":114,"column":0}}}},"branchMap":{"0":{"loc":{"start":{"line":68,"column":0},"end":{"line":75,"column":0}},"type":"if","locations":[{"start":{"line":68,"column":0},"end":{"line":75,"column":0}},{"start":{"line":68,"column":0},"end":{"line":75,"column":0}}]}},"s":{"0":0,"1":0,"2":0,"3":0,"4":0,"5":0,"6":0,"7":0,"8":0,"9":0,"10":0,"11":0,"12":0,"13":0,"14":0,"15":0,"16":0,"17":0,"18":0,"19":0},"f":{"0":0,"1":0,"2":0,"3":0,"4":0,"5":0,"6":0,"7":0,"8":0,"9":0},"b":{"0":[0,0]}}
,"c:\\Users\\Administrator.USER-20150330PE\\Desktop\\项目\\ICPC\\icpch5\\src\\assets\\js\\getHttps.js": {"path":"c:\\Users\\Administrator.USER-20150330PE\\Desktop\\项目\\ICPC\\icpch5\\src\\assets\\js\\getHttps.js","statementMap":{"0":{"start":{"line":2,"column":2},"end":{"line":null,"column":-1}},"1":{"start":{"line":3,"column":13},"end":{"line":3,"column":2}},"2":{"start":{"line":5,"column":15},"end":{"line":3,"column":12}}},"fnMap":{"0":{"name":"getNotice","decl":{"start":{"line":5,"column":15},"end":{"line":5,"column":16}},"loc":{"start":{"line":5,"column":15},"end":{"line":3,"column":13}}}},"branchMap":{},"s":{"0":0,"1":0,"2":0},"f":{"0":0},"b":{}}
,"c:\\Users\\Administrator.USER-20150330PE\\Desktop\\项目\\ICPC\\icpch5\\src\\assets\\js\\setSelectName.js": {"path":"c:\\Users\\Administrator.USER-20150330PE\\Desktop\\项目\\ICPC\\icpch5\\src\\assets\\js\\setSelectName.js","statementMap":{"0":{"start":{"line":3,"column":23},"end":{"line":3,"column":0}},"1":{"start":{"line":4,"column":2},"end":{"line":null,"column":-1}},"2":{"start":{"line":5,"column":2},"end":{"line":null,"column":-1}},"3":{"start":{"line":7,"column":6},"end":{"line":null,"column":-1}},"4":{"start":{"line":8,"column":6},"end":{"line":null,"column":-1}},"5":{"start":{"line":10,"column":6},"end":{"line":null,"column":-1}},"6":{"start":{"line":11,"column":6},"end":{"line":null,"column":-1}},"7":{"start":{"line":13,"column":6},"end":{"line":null,"column":-1}},"8":{"start":{"line":14,"column":6},"end":{"line":null,"column":-1}},"9":{"start":{"line":16,"column":6},"end":{"line":null,"column":-1}},"10":{"start":{"line":17,"column":6},"end":{"line":null,"column":-1}},"11":{"start":{"line":19,"column":6},"end":{"line":null,"column":-1}},"12":{"start":{"line":20,"column":6},"end":{"line":null,"column":-1}},"13":{"start":{"line":22,"column":6},"end":{"line":null,"column":-1}},"14":{"start":{"line":23,"column":6},"end":{"line":null,"column":-1}},"15":{"start":{"line":25,"column":6},"end":{"line":null,"column":-1}},"16":{"start":{"line":26,"column":6},"end":{"line":null,"column":-1}},"17":{"start":{"line":28,"column":6},"end":{"line":null,"column":-1}},"18":{"start":{"line":29,"column":6},"end":{"line":null,"column":-1}},"19":{"start":{"line":31,"column":6},"end":{"line":null,"column":-1}},"20":{"start":{"line":32,"column":6},"end":{"line":null,"column":-1}},"21":{"start":{"line":34,"column":6},"end":{"line":null,"column":-1}},"22":{"start":{"line":35,"column":6},"end":{"line":5,"column":2}},"23":{"start":{"line":40,"column":21},"end":{"line":40,"column":0}},"24":{"start":{"line":41,"column":2},"end":{"line":null,"column":-1}},"25":{"start":{"line":42,"column":2},"end":{"line":null,"column":-1}},"26":{"start":{"line":44,"column":6},"end":{"line":null,"column":-1}},"27":{"start":{"line":45,"column":6},"end":{"line":null,"column":-1}},"28":{"start":{"line":47,"column":6},"end":{"line":null,"column":-1}},"29":{"start":{"line":48,"column":6},"end":{"line":null,"column":-1}},"30":{"start":{"line":50,"column":6},"end":{"line":null,"column":-1}},"31":{"start":{"line":51,"column":6},"end":{"line":null,"column":-1}},"32":{"start":{"line":53,"column":6},"end":{"line":null,"column":-1}},"33":{"start":{"line":54,"column":6},"end":{"line":null,"column":-1}},"34":{"start":{"line":56,"column":6},"end":{"line":null,"column":-1}},"35":{"start":{"line":57,"column":6},"end":{"line":null,"column":-1}},"36":{"start":{"line":59,"column":6},"end":{"line":null,"column":-1}},"37":{"start":{"line":60,"column":6},"end":{"line":null,"column":-1}},"38":{"start":{"line":62,"column":6},"end":{"line":null,"column":-1}},"39":{"start":{"line":63,"column":6},"end":{"line":null,"column":-1}},"40":{"start":{"line":65,"column":6},"end":{"line":null,"column":-1}},"41":{"start":{"line":66,"column":6},"end":{"line":null,"column":-1}},"42":{"start":{"line":68,"column":6},"end":{"line":null,"column":-1}},"43":{"start":{"line":69,"column":6},"end":{"line":null,"column":-1}},"44":{"start":{"line":71,"column":6},"end":{"line":null,"column":-1}},"45":{"start":{"line":72,"column":6},"end":{"line":null,"column":-1}},"46":{"start":{"line":74,"column":6},"end":{"line":null,"column":-1}},"47":{"start":{"line":75,"column":6},"end":{"line":null,"column":-1}},"48":{"start":{"line":77,"column":6},"end":{"line":null,"column":-1}},"49":{"start":{"line":78,"column":6},"end":{"line":null,"column":-1}},"50":{"start":{"line":80,"column":6},"end":{"line":null,"column":-1}},"51":{"start":{"line":81,"column":6},"end":{"line":null,"column":-1}},"52":{"start":{"line":83,"column":6},"end":{"line":null,"column":-1}},"53":{"start":{"line":84,"column":6},"end":{"line":null,"column":-1}},"54":{"start":{"line":86,"column":6},"end":{"line":null,"column":-1}},"55":{"start":{"line":87,"column":6},"end":{"line":null,"column":-1}},"56":{"start":{"line":89,"column":6},"end":{"line":null,"column":-1}},"57":{"start":{"line":90,"column":6},"end":{"line":null,"column":-1}},"58":{"start":{"line":92,"column":6},"end":{"line":null,"column":-1}},"59":{"start":{"line":93,"column":6},"end":{"line":null,"column":-1}},"60":{"start":{"line":95,"column":6},"end":{"line":null,"column":-1}},"61":{"start":{"line":96,"column":6},"end":{"line":null,"column":-1}},"62":{"start":{"line":98,"column":6},"end":{"line":null,"column":-1}},"63":{"start":{"line":99,"column":6},"end":{"line":null,"column":-1}},"64":{"start":{"line":101,"column":6},"end":{"line":null,"column":-1}},"65":{"start":{"line":102,"column":6},"end":{"line":null,"column":-1}},"66":{"start":{"line":104,"column":6},"end":{"line":null,"column":-1}},"67":{"start":{"line":105,"column":6},"end":{"line":null,"column":-1}},"68":{"start":{"line":107,"column":6},"end":{"line":null,"column":-1}},"69":{"start":{"line":108,"column":6},"end":{"line":null,"column":-1}},"70":{"start":{"line":110,"column":6},"end":{"line":null,"column":-1}},"71":{"start":{"line":111,"column":6},"end":{"line":null,"column":-1}},"72":{"start":{"line":113,"column":6},"end":{"line":null,"column":-1}},"73":{"start":{"line":114,"column":6},"end":{"line":null,"column":-1}},"74":{"start":{"line":116,"column":6},"end":{"line":null,"column":-1}},"75":{"start":{"line":117,"column":6},"end":{"line":null,"column":-1}},"76":{"start":{"line":119,"column":6},"end":{"line":null,"column":-1}},"77":{"start":{"line":120,"column":6},"end":{"line":null,"column":-1}},"78":{"start":{"line":122,"column":6},"end":{"line":null,"column":-1}},"79":{"start":{"line":123,"column":6},"end":{"line":null,"column":-1}},"80":{"start":{"line":125,"column":6},"end":{"line":null,"column":-1}},"81":{"start":{"line":126,"column":6},"end":{"line":null,"column":-1}},"82":{"start":{"line":128,"column":6},"end":{"line":null,"column":-1}},"83":{"start":{"line":129,"column":6},"end":{"line":null,"column":-1}},"84":{"start":{"line":131,"column":6},"end":{"line":null,"column":-1}},"85":{"start":{"line":132,"column":6},"end":{"line":null,"column":-1}},"86":{"start":{"line":134,"column":6},"end":{"line":null,"column":-1}},"87":{"start":{"line":135,"column":6},"end":{"line":null,"column":-1}},"88":{"start":{"line":137,"column":6},"end":{"line":null,"column":-1}},"89":{"start":{"line":138,"column":6},"end":{"line":null,"column":-1}},"90":{"start":{"line":140,"column":6},"end":{"line":null,"column":-1}},"91":{"start":{"line":141,"column":6},"end":{"line":null,"column":-1}},"92":{"start":{"line":143,"column":6},"end":{"line":null,"column":-1}},"93":{"start":{"line":144,"column":6},"end":{"line":null,"column":-1}},"94":{"start":{"line":146,"column":6},"end":{"line":null,"column":-1}},"95":{"start":{"line":147,"column":6},"end":{"line":null,"column":-1}},"96":{"start":{"line":149,"column":6},"end":{"line":null,"column":-1}},"97":{"start":{"line":150,"column":6},"end":{"line":null,"column":-1}},"98":{"start":{"line":152,"column":6},"end":{"line":null,"column":-1}},"99":{"start":{"line":153,"column":6},"end":{"line":null,"column":-1}},"100":{"start":{"line":155,"column":6},"end":{"line":null,"column":-1}},"101":{"start":{"line":156,"column":6},"end":{"line":null,"column":-1}},"102":{"start":{"line":158,"column":6},"end":{"line":null,"column":-1}},"103":{"start":{"line":159,"column":6},"end":{"line":null,"column":-1}},"104":{"start":{"line":161,"column":6},"end":{"line":null,"column":-1}},"105":{"start":{"line":162,"column":6},"end":{"line":null,"column":-1}},"106":{"start":{"line":164,"column":6},"end":{"line":null,"column":-1}},"107":{"start":{"line":165,"column":6},"end":{"line":null,"column":-1}},"108":{"start":{"line":167,"column":6},"end":{"line":null,"column":-1}},"109":{"start":{"line":168,"column":6},"end":{"line":null,"column":-1}},"110":{"start":{"line":170,"column":6},"end":{"line":null,"column":-1}},"111":{"start":{"line":171,"column":6},"end":{"line":42,"column":2}},"112":{"start":{"line":176,"column":26},"end":{"line":176,"column":0}},"113":{"start":{"line":177,"column":2},"end":{"line":null,"column":-1}},"114":{"start":{"line":178,"column":2},"end":{"line":null,"column":-1}},"115":{"start":{"line":180,"column":6},"end":{"line":null,"column":-1}},"116":{"start":{"line":181,"column":6},"end":{"line":null,"column":-1}},"117":{"start":{"line":183,"column":6},"end":{"line":null,"column":-1}},"118":{"start":{"line":184,"column":6},"end":{"line":null,"column":-1}},"119":{"start":{"line":186,"column":6},"end":{"line":null,"column":-1}},"120":{"start":{"line":187,"column":6},"end":{"line":null,"column":-1}},"121":{"start":{"line":189,"column":6},"end":{"line":null,"column":-1}},"122":{"start":{"line":190,"column":6},"end":{"line":null,"column":-1}},"123":{"start":{"line":192,"column":6},"end":{"line":null,"column":-1}},"124":{"start":{"line":193,"column":6},"end":{"line":null,"column":-1}},"125":{"start":{"line":195,"column":6},"end":{"line":null,"column":-1}},"126":{"start":{"line":196,"column":6},"end":{"line":null,"column":-1}},"127":{"start":{"line":198,"column":6},"end":{"line":null,"column":-1}},"128":{"start":{"line":199,"column":6},"end":{"line":null,"column":-1}},"129":{"start":{"line":201,"column":6},"end":{"line":null,"column":-1}},"130":{"start":{"line":202,"column":6},"end":{"line":178,"column":2}},"131":{"start":{"line":206,"column":17},"end":{"line":206,"column":1}},"132":{"start":{"line":207,"column":2},"end":{"line":null,"column":-1}},"133":{"start":{"line":208,"column":12},"end":{"line":208,"column":4}},"134":{"start":{"line":209,"column":15},"end":{"line":209,"column":4}},"135":{"start":{"line":210,"column":16},"end":{"line":210,"column":4}},"136":{"start":{"line":211,"column":4},"end":{"line":211,"column":43}},"137":{"start":{"line":211,"column":22},"end":{"line":211,"column":43}},"138":{"start":{"line":212,"column":15},"end":{"line":212,"column":4}},"139":{"start":{"line":213,"column":4},"end":{"line":213,"column":40}},"140":{"start":{"line":213,"column":21},"end":{"line":213,"column":40}},"141":{"start":{"line":214,"column":15},"end":{"line":214,"column":4}},"142":{"start":{"line":215,"column":4},"end":{"line":215,"column":40}},"143":{"start":{"line":215,"column":21},"end":{"line":215,"column":40}},"144":{"start":{"line":216,"column":17},"end":{"line":216,"column":4}},"145":{"start":{"line":217,"column":4},"end":{"line":217,"column":46}},"146":{"start":{"line":217,"column":23},"end":{"line":217,"column":46}},"147":{"start":{"line":218,"column":17},"end":{"line":218,"column":4}},"148":{"start":{"line":219,"column":4},"end":{"line":219,"column":46}},"149":{"start":{"line":219,"column":23},"end":{"line":219,"column":46}},"150":{"start":{"line":220,"column":4},"end":{"line":null,"column":-1}}},"fnMap":{"0":{"name":"identityCodeText","decl":{"start":{"line":3,"column":4},"end":{"line":3,"column":23}},"loc":{"start":{"line":3,"column":33},"end":{"line":3,"column":0}}},"1":{"name":"dutiesCodeText","decl":{"start":{"line":40,"column":4},"end":{"line":40,"column":21}},"loc":{"start":{"line":40,"column":31},"end":{"line":40,"column":0}}},"2":{"name":"educationalCodeText","decl":{"start":{"line":176,"column":4},"end":{"line":176,"column":26}},"loc":{"start":{"line":176,"column":36},"end":{"line":176,"column":0}}},"3":{"name":"formatDate","decl":{"start":{"line":206,"column":5},"end":{"line":206,"column":17}},"loc":{"start":{"line":206,"column":26},"end":{"line":206,"column":1}}}},"branchMap":{"0":{"loc":{"start":{"line":6,"column":4},"end":{"line":8,"column":6}},"type":"switch","locations":[{"start":{"line":6,"column":4},"end":{"line":8,"column":6}},{"start":{"line":9,"column":4},"end":{"line":11,"column":6}},{"start":{"line":12,"column":4},"end":{"line":14,"column":6}},{"start":{"line":15,"column":4},"end":{"line":17,"column":6}},{"start":{"line":18,"column":4},"end":{"line":20,"column":6}},{"start":{"line":21,"column":4},"end":{"line":23,"column":6}},{"start":{"line":24,"column":4},"end":{"line":26,"column":6}},{"start":{"line":27,"column":4},"end":{"line":29,"column":6}},{"start":{"line":30,"column":4},"end":{"line":32,"column":6}},{"start":{"line":33,"column":4},"end":{"line":5,"column":2}}]},"1":{"loc":{"start":{"line":43,"column":4},"end":{"line":45,"column":6}},"type":"switch","locations":[{"start":{"line":43,"column":4},"end":{"line":45,"column":6}},{"start":{"line":46,"column":4},"end":{"line":48,"column":6}},{"start":{"line":49,"column":4},"end":{"line":51,"column":6}},{"start":{"line":52,"column":4},"end":{"line":54,"column":6}},{"start":{"line":55,"column":4},"end":{"line":57,"column":6}},{"start":{"line":58,"column":4},"end":{"line":60,"column":6}},{"start":{"line":61,"column":4},"end":{"line":63,"column":6}},{"start":{"line":64,"column":4},"end":{"line":66,"column":6}},{"start":{"line":67,"column":4},"end":{"line":69,"column":6}},{"start":{"line":70,"column":4},"end":{"line":72,"column":6}},{"start":{"line":73,"column":4},"end":{"line":75,"column":6}},{"start":{"line":76,"column":4},"end":{"line":78,"column":6}},{"start":{"line":79,"column":4},"end":{"line":81,"column":6}},{"start":{"line":82,"column":4},"end":{"line":84,"column":6}},{"start":{"line":85,"column":4},"end":{"line":87,"column":6}},{"start":{"line":88,"column":4},"end":{"line":90,"column":6}},{"start":{"line":91,"column":4},"end":{"line":93,"column":6}},{"start":{"line":94,"column":4},"end":{"line":96,"column":6}},{"start":{"line":97,"column":4},"end":{"line":99,"column":6}},{"start":{"line":100,"column":4},"end":{"line":102,"column":6}},{"start":{"line":103,"column":4},"end":{"line":105,"column":6}},{"start":{"line":106,"column":4},"end":{"line":108,"column":6}},{"start":{"line":109,"column":4},"end":{"line":111,"column":6}},{"start":{"line":112,"column":4},"end":{"line":114,"column":6}},{"start":{"line":115,"column":4},"end":{"line":117,"column":6}},{"start":{"line":118,"column":4},"end":{"line":120,"column":6}},{"start":{"line":121,"column":4},"end":{"line":123,"column":6}},{"start":{"line":124,"column":4},"end":{"line":126,"column":6}},{"start":{"line":127,"column":4},"end":{"line":129,"column":6}},{"start":{"line":130,"column":4},"end":{"line":132,"column":6}},{"start":{"line":133,"column":4},"end":{"line":135,"column":6}},{"start":{"line":136,"column":4},"end":{"line":138,"column":6}},{"start":{"line":139,"column":4},"end":{"line":141,"column":6}},{"start":{"line":142,"column":4},"end":{"line":144,"column":6}},{"start":{"line":145,"column":4},"end":{"line":147,"column":6}},{"start":{"line":148,"column":4},"end":{"line":150,"column":6}},{"start":{"line":151,"column":4},"end":{"line":153,"column":6}},{"start":{"line":154,"column":4},"end":{"line":156,"column":6}},{"start":{"line":157,"column":4},"end":{"line":159,"column":6}},{"start":{"line":160,"column":4},"end":{"line":162,"column":6}},{"start":{"line":163,"column":4},"end":{"line":165,"column":6}},{"start":{"line":166,"column":4},"end":{"line":168,"column":6}},{"start":{"line":169,"column":4},"end":{"line":42,"column":2}}]},"2":{"loc":{"start":{"line":179,"column":4},"end":{"line":181,"column":6}},"type":"switch","locations":[{"start":{"line":179,"column":4},"end":{"line":181,"column":6}},{"start":{"line":182,"column":4},"end":{"line":184,"column":6}},{"start":{"line":185,"column":4},"end":{"line":187,"column":6}},{"start":{"line":188,"column":4},"end":{"line":190,"column":6}},{"start":{"line":191,"column":4},"end":{"line":193,"column":6}},{"start":{"line":194,"column":4},"end":{"line":196,"column":6}},{"start":{"line":197,"column":4},"end":{"line":199,"column":6}},{"start":{"line":200,"column":4},"end":{"line":178,"column":2}}]},"3":{"loc":{"start":{"line":211,"column":4},"end":{"line":211,"column":43}},"type":"if","locations":[{"start":{"line":211,"column":4},"end":{"line":211,"column":43}},{"start":{"line":211,"column":4},"end":{"line":211,"column":43}}]},"4":{"loc":{"start":{"line":213,"column":4},"end":{"line":213,"column":40}},"type":"if","locations":[{"start":{"line":213,"column":4},"end":{"line":213,"column":40}},{"start":{"line":213,"column":4},"end":{"line":213,"column":40}}]},"5":{"loc":{"start":{"line":215,"column":4},"end":{"line":215,"column":40}},"type":"if","locations":[{"start":{"line":215,"column":4},"end":{"line":215,"column":40}},{"start":{"line":215,"column":4},"end":{"line":215,"column":40}}]},"6":{"loc":{"start":{"line":217,"column":4},"end":{"line":217,"column":46}},"type":"if","locations":[{"start":{"line":217,"column":4},"end":{"line":217,"column":46}},{"start":{"line":217,"column":4},"end":{"line":217,"column":46}}]},"7":{"loc":{"start":{"line":219,"column":4},"end":{"line":219,"column":46}},"type":"if","locations":[{"start":{"line":219,"column":4},"end":{"line":219,"column":46}},{"start":{"line":219,"column":4},"end":{"line":219,"column":46}}]}},"s":{"0":0,"1":0,"2":0,"3":0,"4":0,"5":0,"6":0,"7":0,"8":0,"9":0,"10":0,"11":0,"12":0,"13":0,"14":0,"15":0,"16":0,"17":0,"18":0,"19":0,"20":0,"21":0,"22":0,"23":0,"24":0,"25":0,"26":0,"27":0,"28":0,"29":0,"30":0,"31":0,"32":0,"33":0,"34":0,"35":0,"36":0,"37":0,"38":0,"39":0,"40":0,"41":0,"42":0,"43":0,"44":0,"45":0,"46":0,"47":0,"48":0,"49":0,"50":0,"51":0,"52":0,"53":0,"54":0,"55":0,"56":0,"57":0,"58":0,"59":0,"60":0,"61":0,"62":0,"63":0,"64":0,"65":0,"66":0,"67":0,"68":0,"69":0,"70":0,"71":0,"72":0,"73":0,"74":0,"75":0,"76":0,"77":0,"78":0,"79":0,"80":0,"81":0,"82":0,"83":0,"84":0,"85":0,"86":0,"87":0,"88":0,"89":0,"90":0,"91":0,"92":0,"93":0,"94":0,"95":0,"96":0,"97":0,"98":0,"99":0,"100":0,"101":0,"102":0,"103":0,"104":0,"105":0,"106":0,"107":0,"108":0,"109":0,"110":0,"111":0,"112":0,"113":0,"114":0,"115":0,"116":0,"117":0,"118":0,"119":0,"120":0,"121":0,"122":0,"123":0,"124":0,"125":0,"126":0,"127":0,"128":0,"129":0,"130":0,"131":0,"132":0,"133":0,"134":0,"135":0,"136":0,"137":0,"138":0,"139":0,"140":0,"141":0,"142":0,"143":0,"144":0,"145":0,"146":0,"147":0,"148":0,"149":0,"150":0},"f":{"0":0,"1":0,"2":0,"3":0},"b":{"0":[0,0,0,0,0,0,0,0,0,0],"1":[0,0,0,0,0,0,0,0,0,0,0,0,0,0,0,0,0,0,0,0,0,0,0,0,0,0,0,0,0,0,0,0,0,0,0,0,0,0,0,0,0,0,0],"2":[0,0,0,0,0,0,0,0],"3":[0,0],"4":[0,0],"5":[0,0],"6":[0,0],"7":[0,0]}}
,"c:\\Users\\Administrator.USER-20150330PE\\Desktop\\项目\\ICPC\\icpch5\\src\\components\\partList.vue": {"path":"c:\\Users\\Administrator.USER-20150330PE\\Desktop\\项目\\ICPC\\icpch5\\src\\components\\partList.vue","statementMap":{"0":{"start":{"line":19,"column":0},"end":{"line":null,"column":-1}},"1":{"start":{"line":25,"column":0},"end":{"line":null,"column":-1}},"2":{"start":{"line":27,"column":0},"end":{"line":null,"column":-1}}},"fnMap":{"0":{"name":"data","decl":{"start":{"line":18,"column":0},"end":{"line":null,"column":-1}},"loc":{"start":{"line":18,"column":0},"end":{"line":22,"column":0}}},"1":{"name":"toLink","decl":{"start":{"line":24,"column":0},"end":{"line":null,"column":-1}},"loc":{"start":{"line":24,"column":0},"end":{"line":28,"column":0}}}},"branchMap":{},"s":{"0":0,"1":0,"2":0},"f":{"0":0,"1":0},"b":{}}
,"c:\\Users\\Administrator.USER-20150330PE\\Desktop\\项目\\ICPC\\icpch5\\src\\components\\toptitle.vue": {"path":"c:\\Users\\Administrator.USER-20150330PE\\Desktop\\项目\\ICPC\\icpch5\\src\\components\\toptitle.vue","statementMap":{"0":{"start":{"line":15,"column":0},"end":{"line":null,"column":-1}},"1":{"start":{"line":21,"column":0},"end":{"line":null,"column":-1}},"2":{"start":{"line":22,"column":0},"end":{"line":null,"column":-1}}},"fnMap":{"0":{"name":"data","decl":{"start":{"line":14,"column":0},"end":{"line":null,"column":-1}},"loc":{"start":{"line":14,"column":0},"end":{"line":18,"column":0}}},"1":{"name":"toback","decl":{"start":{"line":20,"column":0},"end":{"line":null,"column":-1}},"loc":{"start":{"line":20,"column":0},"end":{"line":23,"column":0}}}},"branchMap":{},"s":{"0":0,"1":0,"2":0},"f":{"0":0,"1":0},"b":{}}
,"c:\\Users\\Administrator.USER-20150330PE\\Desktop\\项目\\ICPC\\icpch5\\src\\pages\\code\\ownCode.vue": {"path":"c:\\Users\\Administrator.USER-20150330PE\\Desktop\\项目\\ICPC\\icpch5\\src\\pages\\code\\ownCode.vue","statementMap":{"0":{"start":{"line":25,"column":0},"end":{"line":null,"column":-1}},"1":{"start":{"line":26,"column":0},"end":{"line":null,"column":-1}},"2":{"start":{"line":30,"column":0},"end":{"line":null,"column":-1}},"3":{"start":{"line":49,"column":0},"end":{"line":null,"column":-1}},"4":{"start":{"line":53,"column":0},"end":{"line":null,"column":-1}},"5":{"start":{"line":54,"column":0},"end":{"line":null,"column":-1}},"6":{"start":{"line":55,"column":0},"end":{"line":null,"column":-1}},"7":{"start":{"line":56,"column":0},"end":{"line":null,"column":-1}},"8":{"start":{"line":58,"column":0},"end":{"line":null,"column":-1}},"9":{"start":{"line":59,"column":0},"end":{"line":null,"column":-1}},"10":{"start":{"line":60,"column":0},"end":{"line":null,"column":-1}},"11":{"start":{"line":62,"column":0},"end":{"line":null,"column":-1}},"12":{"start":{"line":63,"column":0},"end":{"line":null,"column":-1}},"13":{"start":{"line":64,"column":0},"end":{"line":null,"column":-1}},"14":{"start":{"line":66,"column":0},"end":{"line":null,"column":-1}},"15":{"start":{"line":67,"column":0},"end":{"line":null,"column":-1}},"16":{"start":{"line":68,"column":0},"end":{"line":null,"column":-1}},"17":{"start":{"line":70,"column":0},"end":{"line":81,"column":0}},"18":{"start":{"line":74,"column":0},"end":{"line":null,"column":-1}},"19":{"start":{"line":75,"column":0},"end":{"line":null,"column":-1}},"20":{"start":{"line":76,"column":0},"end":{"line":null,"column":-1}},"21":{"start":{"line":77,"column":0},"end":{"line":null,"column":-1}},"22":{"start":{"line":78,"column":0},"end":{"line":null,"column":-1}},"23":{"start":{"line":80,"column":0},"end":{"line":null,"column":-1}},"24":{"start":{"line":89,"column":0},"end":{"line":null,"column":-1}},"25":{"start":{"line":90,"column":0},"end":{"line":98,"column":0}},"26":{"start":{"line":91,"column":0},"end":{"line":null,"column":-1}},"27":{"start":{"line":97,"column":0},"end":{"line":null,"column":-1}},"28":{"start":{"line":99,"column":0},"end":{"line":130,"column":0}},"29":{"start":{"line":104,"column":0},"end":{"line":125,"column":0}},"30":{"start":{"line":105,"column":0},"end":{"line":null,"column":-1}},"31":{"start":{"line":111,"column":0},"end":{"line":125,"column":0}},"32":{"start":{"line":112,"column":0},"end":{"line":null,"column":-1}},"33":{"start":{"line":118,"column":0},"end":{"line":125,"column":0}},"34":{"start":{"line":119,"column":0},"end":{"line":null,"column":-1}},"35":{"start":{"line":126,"column":0},"end":{"line":null,"column":-1}},"36":{"start":{"line":129,"column":0},"end":{"line":null,"column":-1}}},"fnMap":{"0":{"name":"data","decl":{"start":{"line":29,"column":0},"end":{"line":null,"column":-1}},"loc":{"start":{"line":29,"column":0},"end":{"line":44,"column":0}}},"1":{"name":"created","decl":{"start":{"line":48,"column":0},"end":{"line":null,"column":-1}},"loc":{"start":{"line":48,"column":0},"end":{"line":82,"column":0}}},"2":{"name":"(anonymous_4)","decl":{"start":{"line":70,"column":0},"end":{"line":null,"column":-1}},"loc":{"start":{"line":70,"column":0},"end":{"line":79,"column":0}}},"3":{"name":"(anonymous_5)","decl":{"start":{"line":79,"column":0},"end":{"line":null,"column":-1}},"loc":{"start":{"line":79,"column":0},"end":{"line":81,"column":0}}},"4":{"name":"mounted","decl":{"start":{"line":83,"column":0},"end":{"line":null,"column":-1}},"loc":{"start":{"line":83,"column":0},"end":{"line":86,"column":0}}},"5":{"name":"hasUse","decl":{"start":{"line":88,"column":0},"end":{"line":null,"column":-1}},"loc":{"start":{"line":88,"column":0},"end":{"line":131,"column":0}}},"6":{"name":"(anonymous_8)","decl":{"start":{"line":99,"column":0},"end":{"line":null,"column":-1}},"loc":{"start":{"line":99,"column":0},"end":{"line":128,"column":0}}},"7":{"name":"(anonymous_9)","decl":{"start":{"line":128,"column":0},"end":{"line":null,"column":-1}},"loc":{"start":{"line":128,"column":0},"end":{"line":130,"column":0}}}},"branchMap":{"0":{"loc":{"start":{"line":57,"column":0},"end":{"line":60,"column":0}},"type":"switch","locations":[{"start":{"line":57,"column":0},"end":{"line":60,"column":0}},{"start":{"line":61,"column":0},"end":{"line":64,"column":0}},{"start":{"line":65,"column":0},"end":{"line":68,"column":0}}]},"1":{"loc":{"start":{"line":90,"column":0},"end":{"line":98,"column":0}},"type":"if","locations":[{"start":{"line":90,"column":0},"end":{"line":98,"column":0}},{"start":{"line":90,"column":0},"end":{"line":98,"column":0}}]},"2":{"loc":{"start":{"line":104,"column":0},"end":{"line":125,"column":0}},"type":"if","locations":[{"start":{"line":104,"column":0},"end":{"line":125,"column":0}},{"start":{"line":104,"column":0},"end":{"line":125,"column":0}}]},"3":{"loc":{"start":{"line":111,"column":0},"end":{"line":125,"column":0}},"type":"if","locations":[{"start":{"line":111,"column":0},"end":{"line":125,"column":0}},{"start":{"line":111,"column":0},"end":{"line":125,"column":0}}]},"4":{"loc":{"start":{"line":118,"column":0},"end":{"line":125,"column":0}},"type":"if","locations":[{"start":{"line":118,"column":0},"end":{"line":125,"column":0}},{"start":{"line":118,"column":0},"end":{"line":125,"column":0}}]}},"s":{"0":0,"1":0,"2":0,"3":0,"4":0,"5":0,"6":0,"7":0,"8":0,"9":0,"10":0,"11":0,"12":0,"13":0,"14":0,"15":0,"16":0,"17":0,"18":0,"19":0,"20":0,"21":0,"22":0,"23":0,"24":0,"25":0,"26":0,"27":0,"28":0,"29":0,"30":0,"31":0,"32":0,"33":0,"34":0,"35":0,"36":0},"f":{"0":0,"1":0,"2":0,"3":0,"4":0,"5":0,"6":0,"7":0},"b":{"0":[0,0,0],"1":[0,0],"2":[0,0],"3":[0,0],"4":[0,0]}}
,"c:\\Users\\Administrator.USER-20150330PE\\Desktop\\项目\\ICPC\\icpch5\\src\\pages\\gift\\index.vue": {"path":"c:\\Users\\Administrator.USER-20150330PE\\Desktop\\项目\\ICPC\\icpch5\\src\\pages\\gift\\index.vue","statementMap":{"0":{"start":{"line":9,"column":0},"end":{"line":null,"column":-1}},"1":{"start":{"line":13,"column":0},"end":{"line":null,"column":-1}},"2":{"start":{"line":44,"column":0},"end":{"line":null,"column":-1}},"3":{"start":{"line":45,"column":0},"end":{"line":50,"column":0}},"4":{"start":{"line":46,"column":0},"end":{"line":null,"column":-1}},"5":{"start":{"line":47,"column":0},"end":{"line":null,"column":-1}},"6":{"start":{"line":49,"column":0},"end":{"line":null,"column":-1}},"7":{"start":{"line":58,"column":0},"end":{"line":63,"column":0}},"8":{"start":{"line":59,"column":0},"end":{"line":null,"column":-1}},"9":{"start":{"line":60,"column":0},"end":{"line":63,"column":0}},"10":{"start":{"line":61,"column":0},"end":{"line":null,"column":-1}},"11":{"start":{"line":62,"column":0},"end":{"line":null,"column":-1}}},"fnMap":{"0":{"name":"data","decl":{"start":{"line":12,"column":0},"end":{"line":null,"column":-1}},"loc":{"start":{"line":12,"column":0},"end":{"line":42,"column":0}}},"1":{"name":"created","decl":{"start":{"line":43,"column":0},"end":{"line":null,"column":-1}},"loc":{"start":{"line":43,"column":0},"end":{"line":52,"column":0}}},"2":{"name":"(anonymous_4)","decl":{"start":{"line":45,"column":0},"end":{"line":null,"column":-1}},"loc":{"start":{"line":45,"column":0},"end":{"line":48,"column":0}}},"3":{"name":"(anonymous_5)","decl":{"start":{"line":48,"column":0},"end":{"line":null,"column":-1}},"loc":{"start":{"line":48,"column":0},"end":{"line":50,"column":0}}},"4":{"name":"tolinks","decl":{"start":{"line":57,"column":0},"end":{"line":null,"column":-1}},"loc":{"start":{"line":57,"column":0},"end":{"line":64,"column":0}}}},"branchMap":{"0":{"loc":{"start":{"line":58,"column":0},"end":{"line":63,"column":0}},"type":"if","locations":[{"start":{"line":58,"column":0},"end":{"line":63,"column":0}},{"start":{"line":58,"column":0},"end":{"line":63,"column":0}}]},"1":{"loc":{"start":{"line":60,"column":0},"end":{"line":63,"column":0}},"type":"if","locations":[{"start":{"line":60,"column":0},"end":{"line":63,"column":0}},{"start":{"line":60,"column":0},"end":{"line":63,"column":0}}]}},"s":{"0":0,"1":0,"2":0,"3":0,"4":0,"5":0,"6":0,"7":0,"8":0,"9":0,"10":0,"11":0},"f":{"0":0,"1":0,"2":0,"3":0,"4":0},"b":{"0":[0,0],"1":[0,0]}}
,"c:\\Users\\Administrator.USER-20150330PE\\Desktop\\项目\\ICPC\\icpch5\\src\\pages\\gift\\noodle.vue": {"path":"c:\\Users\\Administrator.USER-20150330PE\\Desktop\\项目\\ICPC\\icpch5\\src\\pages\\gift\\noodle.vue","statementMap":{"0":{"start":{"line":19,"column":0},"end":{"line":null,"column":-1}},"1":{"start":{"line":20,"column":0},"end":{"line":null,"column":-1}},"2":{"start":{"line":24,"column":0},"end":{"line":null,"column":-1}},"3":{"start":{"line":37,"column":0},"end":{"line":null,"column":-1}},"4":{"start":{"line":38,"column":0},"end":{"line":null,"column":-1}},"5":{"start":{"line":42,"column":0},"end":{"line":52,"column":0}},"6":{"start":{"line":46,"column":0},"end":{"line":null,"column":-1}},"7":{"start":{"line":47,"column":0},"end":{"line":null,"column":-1}},"8":{"start":{"line":48,"column":0},"end":{"line":null,"column":-1}},"9":{"start":{"line":49,"column":0},"end":{"line":null,"column":-1}},"10":{"start":{"line":51,"column":0},"end":{"line":null,"column":-1}},"11":{"start":{"line":55,"column":0},"end":{"line":null,"column":-1}},"12":{"start":{"line":56,"column":0},"end":{"line":null,"column":-1}},"13":{"start":{"line":60,"column":0},"end":{"line":null,"column":-1}},"14":{"start":{"line":61,"column":0},"end":{"line":null,"column":-1}},"15":{"start":{"line":62,"column":0},"end":{"line":null,"column":-1}},"16":{"start":{"line":72,"column":0},"end":{"line":null,"column":-1}},"17":{"start":{"line":73,"column":0},"end":{"line":null,"column":-1}},"18":{"start":{"line":74,"column":0},"end":{"line":null,"column":-1}},"19":{"start":{"line":75,"column":0},"end":{"line":null,"column":-1}}},"fnMap":{"0":{"name":"data","decl":{"start":{"line":23,"column":0},"end":{"line":null,"column":-1}},"loc":{"start":{"line":23,"column":0},"end":{"line":32,"column":0}}},"1":{"name":"created","decl":{"start":{"line":36,"column":0},"end":{"line":null,"column":-1}},"loc":{"start":{"line":36,"column":0},"end":{"line":53,"column":0}}},"2":{"name":"(anonymous_4)","decl":{"start":{"line":42,"column":0},"end":{"line":null,"column":-1}},"loc":{"start":{"line":42,"column":0},"end":{"line":50,"column":0}}},"3":{"name":"(anonymous_5)","decl":{"start":{"line":50,"column":0},"end":{"line":null,"column":-1}},"loc":{"start":{"line":50,"column":0},"end":{"line":52,"column":0}}},"4":{"name":"mounted","decl":{"start":{"line":54,"column":0},"end":{"line":null,"column":-1}},"loc":{"start":{"line":54,"column":0},"end":{"line":57,"column":0}}},"5":{"name":"qrcode","decl":{"start":{"line":59,"column":0},"end":{"line":null,"column":-1}},"loc":{"start":{"line":59,"column":0},"end":{"line":70,"column":0}}},"6":{"name":"text","decl":{"start":{"line":71,"column":0},"end":{"line":null,"column":-1}},"loc":{"start":{"line":71,"column":0},"end":{"line":76,"column":0}}}},"branchMap":{},"s":{"0":0,"1":0,"2":0,"3":0,"4":0,"5":0,"6":0,"7":0,"8":0,"9":0,"10":0,"11":0,"12":0,"13":0,"14":0,"15":0,"16":0,"17":0,"18":0,"19":0},"f":{"0":0,"1":0,"2":0,"3":0,"4":0,"5":0,"6":0},"b":{}}
,"c:\\Users\\Administrator.USER-20150330PE\\Desktop\\项目\\ICPC\\icpch5\\src\\pages\\gift\\recuperation.vue": {"path":"c:\\Users\\Administrator.USER-20150330PE\\Desktop\\项目\\ICPC\\icpch5\\src\\pages\\gift\\recuperation.vue","statementMap":{"0":{"start":{"line":20,"column":0},"end":{"line":null,"column":-1}},"1":{"start":{"line":21,"column":0},"end":{"line":null,"column":-1}},"2":{"start":{"line":25,"column":0},"end":{"line":null,"column":-1}},"3":{"start":{"line":37,"column":0},"end":{"line":null,"column":-1}},"4":{"start":{"line":38,"column":0},"end":{"line":null,"column":-1}},"5":{"start":{"line":41,"column":0},"end":{"line":51,"column":0}},"6":{"start":{"line":45,"column":0},"end":{"line":null,"column":-1}},"7":{"start":{"line":46,"column":0},"end":{"line":null,"column":-1}},"8":{"start":{"line":47,"column":0},"end":{"line":null,"column":-1}},"9":{"start":{"line":48,"column":0},"end":{"line":null,"column":-1}},"10":{"start":{"line":50,"column":0},"end":{"line":null,"column":-1}},"11":{"start":{"line":54,"column":0},"end":{"line":null,"column":-1}},"12":{"start":{"line":55,"column":0},"end":{"line":null,"column":-1}},"13":{"start":{"line":59,"column":0},"end":{"line":null,"column":-1}},"14":{"start":{"line":60,"column":0},"end":{"line":null,"column":-1}},"15":{"start":{"line":70,"column":0},"end":{"line":null,"column":-1}},"16":{"start":{"line":71,"column":0},"end":{"line":null,"column":-1}},"17":{"start":{"line":72,"column":0},"end":{"line":null,"column":-1}},"18":{"start":{"line":73,"column":0},"end":{"line":null,"column":-1}}},"fnMap":{"0":{"name":"data","decl":{"start":{"line":24,"column":0},"end":{"line":null,"column":-1}},"loc":{"start":{"line":24,"column":0},"end":{"line":32,"column":0}}},"1":{"name":"created","decl":{"start":{"line":36,"column":0},"end":{"line":null,"column":-1}},"loc":{"start":{"line":36,"column":0},"end":{"line":52,"column":0}}},"2":{"name":"(anonymous_4)","decl":{"start":{"line":41,"column":0},"end":{"line":null,"column":-1}},"loc":{"start":{"line":41,"column":0},"end":{"line":49,"column":0}}},"3":{"name":"(anonymous_5)","decl":{"start":{"line":49,"column":0},"end":{"line":null,"column":-1}},"loc":{"start":{"line":49,"column":0},"end":{"line":51,"column":0}}},"4":{"name":"mounted","decl":{"start":{"line":53,"column":0},"end":{"line":null,"column":-1}},"loc":{"start":{"line":53,"column":0},"end":{"line":56,"column":0}}},"5":{"name":"qrcode","decl":{"start":{"line":58,"column":0},"end":{"line":null,"column":-1}},"loc":{"start":{"line":58,"column":0},"end":{"line":68,"column":0}}},"6":{"name":"text","decl":{"start":{"line":69,"column":0},"end":{"line":null,"column":-1}},"loc":{"start":{"line":69,"column":0},"end":{"line":74,"column":0}}}},"branchMap":{},"s":{"0":0,"1":0,"2":0,"3":0,"4":0,"5":0,"6":0,"7":0,"8":0,"9":0,"10":0,"11":0,"12":0,"13":0,"14":0,"15":0,"16":0,"17":0,"18":0},"f":{"0":0,"1":0,"2":0,"3":0,"4":0,"5":0,"6":0},"b":{}}
,"c:\\Users\\Administrator.USER-20150330PE\\Desktop\\项目\\ICPC\\icpch5\\src\\pages\\home\\index.vue": {"path":"c:\\Users\\Administrator.USER-20150330PE\\Desktop\\项目\\ICPC\\icpch5\\src\\pages\\home\\index.vue","statementMap":{"0":{"start":{"line":36,"column":0},"end":{"line":null,"column":-1}},"1":{"start":{"line":40,"column":0},"end":{"line":null,"column":-1}},"2":{"start":{"line":58,"column":0},"end":{"line":null,"column":-1}},"3":{"start":{"line":59,"column":0},"end":{"line":71,"column":0}},"4":{"start":{"line":60,"column":0},"end":{"line":null,"column":-1}},"5":{"start":{"line":61,"column":0},"end":{"line":null,"column":-1}},"6":{"start":{"line":62,"column":0},"end":{"line":null,"column":-1}},"7":{"start":{"line":63,"column":0},"end":{"line":68,"column":0}},"8":{"start":{"line":64,"column":0},"end":{"line":null,"column":-1}},"9":{"start":{"line":65,"column":0},"end":{"line":null,"column":-1}},"10":{"start":{"line":67,"column":0},"end":{"line":null,"column":-1}},"11":{"start":{"line":70,"column":0},"end":{"line":null,"column":-1}},"12":{"start":{"line":84,"column":0},"end":{"line":null,"column":-1}},"13":{"start":{"line":85,"column":0},"end":{"line":null,"column":-1}},"14":{"start":{"line":86,"column":0},"end":{"line":98,"column":0}},"15":{"start":{"line":87,"column":0},"end":{"line":null,"column":-1}},"16":{"start":{"line":88,"column":0},"end":{"line":null,"column":-1}},"17":{"start":{"line":93,"column":0},"end":{"line":98,"column":0}},"18":{"start":{"line":94,"column":0},"end":{"line":null,"column":-1}},"19":{"start":{"line":95,"column":0},"end":{"line":null,"column":-1}},"20":{"start":{"line":97,"column":0},"end":{"line":null,"column":-1}},"21":{"start":{"line":104,"column":0},"end":{"line":null,"column":-1}},"22":{"start":{"line":105,"column":0},"end":{"line":108,"column":0}},"23":{"start":{"line":106,"column":0},"end":{"line":null,"column":-1}},"24":{"start":{"line":107,"column":0},"end":{"line":null,"column":-1}},"25":{"start":{"line":109,"column":0},"end":{"line":111,"column":0}},"26":{"start":{"line":110,"column":0},"end":{"line":null,"column":-1}},"27":{"start":{"line":112,"column":0},"end":{"line":null,"column":-1}},"28":{"start":{"line":113,"column":0},"end":{"line":null,"column":-1}},"29":{"start":{"line":114,"column":0},"end":{"line":125,"column":0}},"30":{"start":{"line":115,"column":0},"end":{"line":null,"column":-1}},"31":{"start":{"line":116,"column":0},"end":{"line":121,"column":0}},"32":{"start":{"line":117,"column":0},"end":{"line":null,"column":-1}},"33":{"start":{"line":120,"column":0},"end":{"line":null,"column":-1}},"34":{"start":{"line":122,"column":0},"end":{"line":null,"column":-1}},"35":{"start":{"line":124,"column":0},"end":{"line":null,"column":-1}}},"fnMap":{"0":{"name":"data","decl":{"start":{"line":39,"column":0},"end":{"line":null,"column":-1}},"loc":{"start":{"line":39,"column":0},"end":{"line":49,"column":0}}},"1":{"name":"mounted","decl":{"start":{"line":53,"column":0},"end":{"line":null,"column":-1}},"loc":{"start":{"line":53,"column":0},"end":{"line":56,"column":0}}},"2":{"name":"created","decl":{"start":{"line":57,"column":0},"end":{"line":null,"column":-1}},"loc":{"start":{"line":57,"column":0},"end":{"line":72,"column":0}}},"3":{"name":"(anonymous_4)","decl":{"start":{"line":59,"column":0},"end":{"line":null,"column":-1}},"loc":{"start":{"line":59,"column":0},"end":{"line":69,"column":0}}},"4":{"name":"(anonymous_5)","decl":{"start":{"line":69,"column":0},"end":{"line":null,"column":-1}},"loc":{"start":{"line":69,"column":0},"end":{"line":71,"column":0}}},"5":{"name":"showCon","decl":{"start":{"line":83,"column":0},"end":{"line":null,"column":-1}},"loc":{"start":{"line":83,"column":0},"end":{"line":101,"column":0}}},"6":{"name":"loadMore","decl":{"start":{"line":103,"column":0},"end":{"line":null,"column":-1}},"loc":{"start":{"line":103,"column":0},"end":{"line":126,"column":0}}},"7":{"name":"(anonymous_8)","decl":{"start":{"line":114,"column":0},"end":{"line":null,"column":-1}},"loc":{"start":{"line":114,"column":0},"end":{"line":123,"column":0}}},"8":{"name":"(anonymous_9)","decl":{"start":{"line":123,"column":0},"end":{"line":null,"column":-1}},"loc":{"start":{"line":123,"column":0},"end":{"line":125,"column":0}}}},"branchMap":{"0":{"loc":{"start":{"line":63,"column":0},"end":{"line":68,"column":0}},"type":"if","locations":[{"start":{"line":63,"column":0},"end":{"line":68,"column":0}},{"start":{"line":63,"column":0},"end":{"line":68,"column":0}}]},"1":{"loc":{"start":{"line":86,"column":0},"end":{"line":98,"column":0}},"type":"if","locations":[{"start":{"line":86,"column":0},"end":{"line":98,"column":0}},{"start":{"line":86,"column":0},"end":{"line":98,"column":0}}]},"2":{"loc":{"start":{"line":86,"column":0},"end":{"line":null,"column":-1}},"type":"binary-expr","locations":[{"start":{"line":86,"column":0},"end":{"line":null,"column":-1}},{"start":{"line":86,"column":0},"end":{"line":null,"column":-1}}]},"3":{"loc":{"start":{"line":93,"column":0},"end":{"line":98,"column":0}},"type":"if","locations":[{"start":{"line":93,"column":0},"end":{"line":98,"column":0}},{"start":{"line":93,"column":0},"end":{"line":98,"column":0}}]},"4":{"loc":{"start":{"line":93,"column":0},"end":{"line":null,"column":-1}},"type":"binary-expr","locations":[{"start":{"line":93,"column":0},"end":{"line":null,"column":-1}},{"start":{"line":93,"column":0},"end":{"line":null,"column":-1}}]},"5":{"loc":{"start":{"line":105,"column":0},"end":{"line":108,"column":0}},"type":"if","locations":[{"start":{"line":105,"column":0},"end":{"line":108,"column":0}},{"start":{"line":105,"column":0},"end":{"line":108,"column":0}}]},"6":{"loc":{"start":{"line":109,"column":0},"end":{"line":111,"column":0}},"type":"if","locations":[{"start":{"line":109,"column":0},"end":{"line":111,"column":0}},{"start":{"line":109,"column":0},"end":{"line":111,"column":0}}]},"7":{"loc":{"start":{"line":116,"column":0},"end":{"line":121,"column":0}},"type":"if","locations":[{"start":{"line":116,"column":0},"end":{"line":121,"column":0}},{"start":{"line":116,"column":0},"end":{"line":121,"column":0}}]},"8":{"loc":{"start":{"line":116,"column":0},"end":{"line":null,"column":-1}},"type":"binary-expr","locations":[{"start":{"line":116,"column":0},"end":{"line":null,"column":-1}},{"start":{"line":116,"column":0},"end":{"line":null,"column":-1}}]}},"s":{"0":0,"1":0,"2":0,"3":0,"4":0,"5":0,"6":0,"7":0,"8":0,"9":0,"10":0,"11":0,"12":0,"13":0,"14":0,"15":0,"16":0,"17":0,"18":0,"19":0,"20":0,"21":0,"22":0,"23":0,"24":0,"25":0,"26":0,"27":0,"28":0,"29":0,"30":0,"31":0,"32":0,"33":0,"34":0,"35":0},"f":{"0":0,"1":0,"2":0,"3":0,"4":0,"5":0,"6":0,"7":0,"8":0},"b":{"0":[0,0],"1":[0,0],"2":[0,0],"3":[0,0],"4":[0,0],"5":[0,0],"6":[0,0],"7":[0,0],"8":[0,0]}}
,"c:\\Users\\Administrator.USER-20150330PE\\Desktop\\项目\\ICPC\\icpch5\\src\\pages\\login\\login.vue": {"path":"c:\\Users\\Administrator.USER-20150330PE\\Desktop\\项目\\ICPC\\icpch5\\src\\pages\\login\\login.vue","statementMap":{"0":{"start":{"line":15,"column":0},"end":{"line":null,"column":-1}},"1":{"start":{"line":19,"column":0},"end":{"line":null,"column":-1}},"2":{"start":{"line":27,"column":0},"end":{"line":null,"column":-1}},"3":{"start":{"line":28,"column":0},"end":{"line":null,"column":-1}},"4":{"start":{"line":29,"column":0},"end":{"line":null,"column":-1}},"5":{"start":{"line":32,"column":0},"end":{"line":38,"column":0}},"6":{"start":{"line":34,"column":0},"end":{"line":null,"column":-1}},"7":{"start":{"line":37,"column":0},"end":{"line":null,"column":-1}}},"fnMap":{"0":{"name":"data","decl":{"start":{"line":18,"column":0},"end":{"line":null,"column":-1}},"loc":{"start":{"line":18,"column":0},"end":{"line":23,"column":0}}},"1":{"name":"toLogin","decl":{"start":{"line":27,"column":0},"end":{"line":null,"column":-1}},"loc":{"start":{"line":27,"column":0},"end":{"line":40,"column":0}}},"2":{"name":"(anonymous_3)","decl":{"start":{"line":32,"column":0},"end":{"line":null,"column":-1}},"loc":{"start":{"line":32,"column":0},"end":{"line":35,"column":0}}},"3":{"name":"(anonymous_4)","decl":{"start":{"line":35,"column":0},"end":{"line":null,"column":-1}},"loc":{"start":{"line":35,"column":0},"end":{"line":38,"column":0}}}},"branchMap":{},"s":{"0":0,"1":0,"2":0,"3":0,"4":0,"5":0,"6":0,"7":0},"f":{"0":0,"1":0,"2":0,"3":0},"b":{}}
,"c:\\Users\\Administrator.USER-20150330PE\\Desktop\\项目\\ICPC\\icpch5\\src\\pages\\login\\loginIn.vue": {"path":"c:\\Users\\Administrator.USER-20150330PE\\Desktop\\项目\\ICPC\\icpch5\\src\\pages\\login\\loginIn.vue","statementMap":{"0":{"start":{"line":12,"column":0},"end":{"line":null,"column":-1}},"1":{"start":{"line":16,"column":0},"end":{"line":null,"column":-1}},"2":{"start":{"line":24,"column":0},"end":{"line":null,"column":-1}},"3":{"start":{"line":25,"column":0},"end":{"line":null,"column":-1}},"4":{"start":{"line":26,"column":0},"end":{"line":null,"column":-1}},"5":{"start":{"line":27,"column":0},"end":{"line":null,"column":-1}},"6":{"start":{"line":30,"column":0},"end":{"line":47,"column":0}},"7":{"start":{"line":31,"column":0},"end":{"line":null,"column":-1}},"8":{"start":{"line":32,"column":0},"end":{"line":null,"column":-1}},"9":{"start":{"line":33,"column":0},"end":{"line":41,"column":0}},"10":{"start":{"line":34,"column":0},"end":{"line":null,"column":-1}},"11":{"start":{"line":36,"column":0},"end":{"line":null,"column":-1}},"12":{"start":{"line":37,"column":0},"end":{"line":null,"column":-1}},"13":{"start":{"line":38,"column":0},"end":{"line":40,"column":0}},"14":{"start":{"line":39,"column":0},"end":{"line":null,"column":-1}},"15":{"start":{"line":46,"column":0},"end":{"line":null,"column":-1}},"16":{"start":{"line":54,"column":0},"end":{"line":null,"column":-1}}},"fnMap":{"0":{"name":"data","decl":{"start":{"line":15,"column":0},"end":{"line":null,"column":-1}},"loc":{"start":{"line":15,"column":0},"end":{"line":23,"column":0}}},"1":{"name":"created","decl":{"start":{"line":24,"column":0},"end":{"line":null,"column":-1}},"loc":{"start":{"line":24,"column":0},"end":{"line":50,"column":0}}},"2":{"name":"(anonymous_3)","decl":{"start":{"line":30,"column":0},"end":{"line":null,"column":-1}},"loc":{"start":{"line":30,"column":0},"end":{"line":44,"column":0}}},"3":{"name":"(anonymous_4)","decl":{"start":{"line":38,"column":0},"end":{"line":null,"column":-1}},"loc":{"start":{"line":38,"column":0},"end":{"line":40,"column":0}}},"4":{"name":"(anonymous_5)","decl":{"start":{"line":44,"column":0},"end":{"line":null,"column":-1}},"loc":{"start":{"line":44,"column":0},"end":{"line":47,"column":0}}},"5":{"name":"toOrder","decl":{"start":{"line":53,"column":0},"end":{"line":null,"column":-1}},"loc":{"start":{"line":53,"column":0},"end":{"line":55,"column":0}}}},"branchMap":{"0":{"loc":{"start":{"line":33,"column":0},"end":{"line":41,"column":0}},"type":"if","locations":[{"start":{"line":33,"column":0},"end":{"line":41,"column":0}},{"start":{"line":33,"column":0},"end":{"line":41,"column":0}}]}},"s":{"0":0,"1":0,"2":0,"3":0,"4":0,"5":0,"6":0,"7":0,"8":0,"9":0,"10":0,"11":0,"12":0,"13":0,"14":0,"15":0,"16":0},"f":{"0":0,"1":0,"2":0,"3":0,"4":0,"5":0},"b":{"0":[0,0]}}
,"c:\\Users\\Administrator.USER-20150330PE\\Desktop\\项目\\ICPC\\icpch5\\src\\pages\\me\\index.vue": {"path":"c:\\Users\\Administrator.USER-20150330PE\\Desktop\\项目\\ICPC\\icpch5\\src\\pages\\me\\index.vue","statementMap":{"0":{"start":{"line":41,"column":0},"end":{"line":null,"column":-1}},"1":{"start":{"line":42,"column":0},"end":{"line":null,"column":-1}},"2":{"start":{"line":46,"column":0},"end":{"line":null,"column":-1}},"3":{"start":{"line":76,"column":0},"end":{"line":null,"column":-1}},"4":{"start":{"line":77,"column":0},"end":{"line":null,"column":-1}},"5":{"start":{"line":78,"column":0},"end":{"line":null,"column":-1}},"6":{"start":{"line":79,"column":0},"end":{"line":90,"column":0}},"7":{"start":{"line":83,"column":0},"end":{"line":null,"column":-1}},"8":{"start":{"line":84,"column":0},"end":{"line":null,"column":-1}},"9":{"start":{"line":85,"column":0},"end":{"line":null,"column":-1}},"10":{"start":{"line":86,"column":0},"end":{"line":null,"column":-1}},"11":{"start":{"line":87,"column":0},"end":{"line":null,"column":-1}},"12":{"start":{"line":89,"column":0},"end":{"line":null,"column":-1}},"13":{"start":{"line":94,"column":0},"end":{"line":null,"column":-1}},"14":{"start":{"line":95,"column":0},"end":{"line":101,"column":0}},"15":{"start":{"line":96,"column":0},"end":{"line":null,"column":-1}},"16":{"start":{"line":97,"column":0},"end":{"line":null,"column":-1}},"17":{"start":{"line":98,"column":0},"end":{"line":101,"column":0}},"18":{"start":{"line":99,"column":0},"end":{"line":null,"column":-1}},"19":{"start":{"line":100,"column":0},"end":{"line":null,"column":-1}},"20":{"start":{"line":102,"column":0},"end":{"line":null,"column":-1}},"21":{"start":{"line":104,"column":0},"end":{"line":121,"column":0}},"22":{"start":{"line":110,"column":0},"end":{"line":null,"column":-1}},"23":{"start":{"line":111,"column":0},"end":{"line":118,"column":0}},"24":{"start":{"line":112,"column":0},"end":{"line":null,"column":-1}},"25":{"start":{"line":117,"column":0},"end":{"line":null,"column":-1}},"26":{"start":{"line":120,"column":0},"end":{"line":null,"column":-1}},"27":{"start":{"line":124,"column":0},"end":{"line":null,"column":-1}},"28":{"start":{"line":130,"column":0},"end":{"line":null,"column":-1}},"29":{"start":{"line":131,"column":0},"end":{"line":null,"column":-1}},"30":{"start":{"line":133,"column":0},"end":{"line":139,"column":0}},"31":{"start":{"line":134,"column":0},"end":{"line":null,"column":-1}},"32":{"start":{"line":135,"column":0},"end":{"line":null,"column":-1}},"33":{"start":{"line":136,"column":0},"end":{"line":139,"column":0}},"34":{"start":{"line":137,"column":0},"end":{"line":null,"column":-1}},"35":{"start":{"line":138,"column":0},"end":{"line":null,"column":-1}},"36":{"start":{"line":140,"column":0},"end":{"line":null,"column":-1}},"37":{"start":{"line":141,"column":0},"end":{"line":149,"column":0}},"38":{"start":{"line":148,"column":0},"end":{"line":null,"column":-1}},"39":{"start":{"line":152,"column":0},"end":{"line":null,"column":-1}}},"fnMap":{"0":{"name":"data","decl":{"start":{"line":45,"column":0},"end":{"line":null,"column":-1}},"loc":{"start":{"line":45,"column":0},"end":{"line":71,"column":0}}},"1":{"name":"created","decl":{"start":{"line":76,"column":0},"end":{"line":null,"column":-1}},"loc":{"start":{"line":76,"column":0},"end":{"line":91,"column":0}}},"2":{"name":"(anonymous_4)","decl":{"start":{"line":79,"column":0},"end":{"line":null,"column":-1}},"loc":{"start":{"line":79,"column":0},"end":{"line":88,"column":0}}},"3":{"name":"(anonymous_5)","decl":{"start":{"line":88,"column":0},"end":{"line":null,"column":-1}},"loc":{"start":{"line":88,"column":0},"end":{"line":90,"column":0}}},"4":{"name":"changeSelect","decl":{"start":{"line":93,"column":0},"end":{"line":null,"column":-1}},"loc":{"start":{"line":93,"column":0},"end":{"line":122,"column":0}}},"5":{"name":"(anonymous_7)","decl":{"start":{"line":105,"column":0},"end":{"line":null,"column":-1}},"loc":{"start":{"line":105,"column":0},"end":{"line":119,"column":0}}},"6":{"name":"(anonymous_8)","decl":{"start":{"line":111,"column":0},"end":{"line":null,"column":-1}},"loc":{"start":{"line":111,"column":0},"end":{"line":118,"column":0}}},"7":{"name":"(anonymous_9)","decl":{"start":{"line":119,"column":0},"end":{"line":null,"column":-1}},"loc":{"start":{"line":119,"column":0},"end":{"line":121,"column":0}}},"8":{"name":"onValuesChange","decl":{"start":{"line":123,"column":0},"end":{"line":null,"column":-1}},"loc":{"start":{"line":123,"column":0},"end":{"line":127,"column":0}}},"9":{"name":"submit","decl":{"start":{"line":129,"column":0},"end":{"line":null,"column":-1}},"loc":{"start":{"line":129,"column":0},"end":{"line":150,"column":0}}},"10":{"name":"(anonymous_12)","decl":{"start":{"line":141,"column":0},"end":{"line":null,"column":-1}},"loc":{"start":{"line":141,"column":0},"end":{"line":147,"column":0}}},"11":{"name":"(anonymous_13)","decl":{"start":{"line":147,"column":0},"end":{"line":null,"column":-1}},"loc":{"start":{"line":147,"column":0},"end":{"line":149,"column":0}}},"12":{"name":"getcodeName","decl":{"start":{"line":151,"column":0},"end":{"line":null,"column":-1}},"loc":{"start":{"line":151,"column":0},"end":{"line":163,"column":0}}}},"branchMap":{"0":{"loc":{"start":{"line":95,"column":0},"end":{"line":101,"column":0}},"type":"if","locations":[{"start":{"line":95,"column":0},"end":{"line":101,"column":0}},{"start":{"line":95,"column":0},"end":{"line":101,"column":0}}]},"1":{"loc":{"start":{"line":98,"column":0},"end":{"line":101,"column":0}},"type":"if","locations":[{"start":{"line":98,"column":0},"end":{"line":101,"column":0}},{"start":{"line":98,"column":0},"end":{"line":101,"column":0}}]},"2":{"loc":{"start":{"line":133,"column":0},"end":{"line":139,"column":0}},"type":"if","locations":[{"start":{"line":133,"column":0},"end":{"line":139,"column":0}},{"start":{"line":133,"column":0},"end":{"line":139,"column":0}}]},"3":{"loc":{"start":{"line":136,"column":0},"end":{"line":139,"column":0}},"type":"if","locations":[{"start":{"line":136,"column":0},"end":{"line":139,"column":0}},{"start":{"line":136,"column":0},"end":{"line":139,"column":0}}]}},"s":{"0":0,"1":0,"2":0,"3":0,"4":0,"5":0,"6":0,"7":0,"8":0,"9":0,"10":0,"11":0,"12":0,"13":0,"14":0,"15":0,"16":0,"17":0,"18":0,"19":0,"20":0,"21":0,"22":0,"23":0,"24":0,"25":0,"26":0,"27":0,"28":0,"29":0,"30":0,"31":0,"32":0,"33":0,"34":0,"35":0,"36":0,"37":0,"38":0,"39":0},"f":{"0":0,"1":0,"2":0,"3":0,"4":0,"5":0,"6":0,"7":0,"8":0,"9":0,"10":0,"11":0,"12":0},"b":{"0":[0,0],"1":[0,0],"2":[0,0],"3":[0,0]}}
,"c:\\Users\\Administrator.USER-20150330PE\\Desktop\\项目\\ICPC\\icpch5\\src\\pages\\me\\zsm.vue": {"path":"c:\\Users\\Administrator.USER-20150330PE\\Desktop\\项目\\ICPC\\icpch5\\src\\pages\\me\\zsm.vue","statementMap":{"0":{"start":{"line":20,"column":0},"end":{"line":null,"column":-1}},"1":{"start":{"line":21,"column":0},"end":{"line":null,"column":-1}},"2":{"start":{"line":25,"column":0},"end":{"line":null,"column":-1}},"3":{"start":{"line":39,"column":0},"end":{"line":null,"column":-1}},"4":{"start":{"line":40,"column":0},"end":{"line":null,"column":-1}},"5":{"start":{"line":41,"column":0},"end":{"line":52,"column":0}},"6":{"start":{"line":46,"column":0},"end":{"line":null,"column":-1}},"7":{"start":{"line":47,"column":0},"end":{"line":null,"column":-1}},"8":{"start":{"line":48,"column":0},"end":{"line":null,"column":-1}},"9":{"start":{"line":49,"column":0},"end":{"line":null,"column":-1}},"10":{"start":{"line":51,"column":0},"end":{"line":null,"column":-1}},"11":{"start":{"line":55,"column":0},"end":{"line":null,"column":-1}},"12":{"start":{"line":60,"column":0},"end":{"line":null,"column":-1}},"13":{"start":{"line":61,"column":0},"end":{"line":null,"column":-1}},"14":{"start":{"line":71,"column":0},"end":{"line":null,"column":-1}},"15":{"start":{"line":72,"column":0},"end":{"line":null,"column":-1}},"16":{"start":{"line":73,"column":0},"end":{"line":null,"column":-1}},"17":{"start":{"line":74,"column":0},"end":{"line":null,"column":-1}}},"fnMap":{"0":{"name":"data","decl":{"start":{"line":24,"column":0},"end":{"line":null,"column":-1}},"loc":{"start":{"line":24,"column":0},"end":{"line":34,"column":0}}},"1":{"name":"created","decl":{"start":{"line":38,"column":0},"end":{"line":null,"column":-1}},"loc":{"start":{"line":38,"column":0},"end":{"line":53,"column":0}}},"2":{"name":"(anonymous_4)","decl":{"start":{"line":41,"column":0},"end":{"line":null,"column":-1}},"loc":{"start":{"line":41,"column":0},"end":{"line":50,"column":0}}},"3":{"name":"(anonymous_5)","decl":{"start":{"line":50,"column":0},"end":{"line":null,"column":-1}},"loc":{"start":{"line":50,"column":0},"end":{"line":52,"column":0}}},"4":{"name":"mounted","decl":{"start":{"line":54,"column":0},"end":{"line":null,"column":-1}},"loc":{"start":{"line":54,"column":0},"end":{"line":57,"column":0}}},"5":{"name":"qrcode","decl":{"start":{"line":59,"column":0},"end":{"line":null,"column":-1}},"loc":{"start":{"line":59,"column":0},"end":{"line":69,"column":0}}},"6":{"name":"text","decl":{"start":{"line":70,"column":0},"end":{"line":null,"column":-1}},"loc":{"start":{"line":70,"column":0},"end":{"line":75,"column":0}}}},"branchMap":{},"s":{"0":0,"1":0,"2":0,"3":0,"4":0,"5":0,"6":0,"7":0,"8":0,"9":0,"10":0,"11":0,"12":0,"13":0,"14":0,"15":0,"16":0,"17":0},"f":{"0":0,"1":0,"2":0,"3":0,"4":0,"5":0,"6":0},"b":{}}
,"c:\\Users\\Administrator.USER-20150330PE\\Desktop\\项目\\ICPC\\icpch5\\src\\pages\\me\\components\\hasSelect.vue": {"path":"c:\\Users\\Administrator.USER-20150330PE\\Desktop\\项目\\ICPC\\icpch5\\src\\pages\\me\\components\\hasSelect.vue","statementMap":{"0":{"start":{"line":14,"column":0},"end":{"line":null,"column":-1}},"1":{"start":{"line":23,"column":0},"end":{"line":null,"column":-1}}},"fnMap":{"0":{"name":"data","decl":{"start":{"line":13,"column":0},"end":{"line":null,"column":-1}},"loc":{"start":{"line":13,"column":0},"end":{"line":17,"column":0}}},"1":{"name":"hasSelect","decl":{"start":{"line":22,"column":0},"end":{"line":null,"column":-1}},"loc":{"start":{"line":22,"column":0},"end":{"line":24,"column":0}}}},"branchMap":{},"s":{"0":0,"1":0},"f":{"0":0,"1":0},"b":{}}
,"c:\\Users\\Administrator.USER-20150330PE\\Desktop\\项目\\ICPC\\icpch5\\src\\pages\\me\\components\\list.vue": {"path":"c:\\Users\\Administrator.USER-20150330PE\\Desktop\\项目\\ICPC\\icpch5\\src\\pages\\me\\components\\list.vue","statementMap":{"0":{"start":{"line":14,"column":0},"end":{"line":null,"column":-1}},"1":{"start":{"line":23,"column":0},"end":{"line":null,"column":-1}}},"fnMap":{"0":{"name":"data","decl":{"start":{"line":13,"column":0},"end":{"line":null,"column":-1}},"loc":{"start":{"line":13,"column":0},"end":{"line":17,"column":0}}},"1":{"name":"hasSelect","decl":{"start":{"line":22,"column":0},"end":{"line":null,"column":-1}},"loc":{"start":{"line":22,"column":0},"end":{"line":24,"column":0}}}},"branchMap":{},"s":{"0":0,"1":0},"f":{"0":0,"1":0},"b":{}}
,"c:\\Users\\Administrator.USER-20150330PE\\Desktop\\项目\\ICPC\\icpch5\\src\\pages\\order\\index.vue": {"path":"c:\\Users\\Administrator.USER-20150330PE\\Desktop\\项目\\ICPC\\icpch5\\src\\pages\\order\\index.vue","statementMap":{"0":{"start":{"line":7,"column":0},"end":{"line":null,"column":-1}},"1":{"start":{"line":8,"column":0},"end":{"line":null,"column":-1}},"2":{"start":{"line":12,"column":0},"end":{"line":null,"column":-1}},"3":{"start":{"line":45,"column":0},"end":{"line":null,"column":-1}},"4":{"start":{"line":46,"column":0},"end":{"line":null,"column":-1}},"5":{"start":{"line":59,"column":0},"end":{"line":null,"column":-1}},"6":{"start":{"line":60,"column":0},"end":{"line":null,"column":-1}},"7":{"start":{"line":61,"column":0},"end":{"line":null,"column":-1}},"8":{"start":{"line":62,"column":0},"end":{"line":71,"column":0}},"9":{"start":{"line":63,"column":0},"end":{"line":null,"column":-1}},"10":{"start":{"line":64,"column":0},"end":{"line":null,"column":-1}},"11":{"start":{"line":65,"column":0},"end":{"line":71,"column":0}},"12":{"start":{"line":66,"column":0},"end":{"line":null,"column":-1}},"13":{"start":{"line":67,"column":0},"end":{"line":null,"column":-1}},"14":{"start":{"line":68,"column":0},"end":{"line":71,"column":0}},"15":{"start":{"line":69,"column":0},"end":{"line":null,"column":-1}},"16":{"start":{"line":70,"column":0},"end":{"line":null,"column":-1}},"17":{"start":{"line":72,"column":0},"end":{"line":144,"column":0}},"18":{"start":{"line":73,"column":0},"end":{"line":143,"column":0}},"19":{"start":{"line":79,"column":0},"end":{"line":null,"column":-1}},"20":{"start":{"line":80,"column":0},"end":{"line":null,"column":-1}},"21":{"start":{"line":81,"column":0},"end":{"line":null,"column":-1}},"22":{"start":{"line":83,"column":0},"end":{"line":null,"column":-1}},"23":{"start":{"line":84,"column":0},"end":{"line":null,"column":-1}},"24":{"start":{"line":85,"column":0},"end":{"line":null,"column":-1}},"25":{"start":{"line":86,"column":0},"end":{"line":null,"column":-1}},"26":{"start":{"line":87,"column":0},"end":{"line":null,"column":-1}},"27":{"start":{"line":88,"column":0},"end":{"line":null,"column":-1}},"28":{"start":{"line":89,"column":0},"end":{"line":null,"column":-1}},"29":{"start":{"line":91,"column":0},"end":{"line":95,"column":0}},"30":{"start":{"line":92,"column":0},"end":{"line":null,"column":-1}},"31":{"start":{"line":94,"column":0},"end":{"line":null,"column":-1}},"32":{"start":{"line":98,"column":0},"end":{"line":139,"column":0}},"33":{"start":{"line":99,"column":0},"end":{"line":131,"column":0}},"34":{"start":{"line":106,"column":0},"end":{"line":130,"column":0}},"35":{"start":{"line":108,"column":0},"end":{"line":null,"column":-1}},"36":{"start":{"line":109,"column":0},"end":{"line":130,"column":0}},"37":{"start":{"line":110,"column":0},"end":{"line":null,"column":-1}},"38":{"start":{"line":116,"column":0},"end":{"line":130,"column":0}},"39":{"start":{"line":117,"column":0},"end":{"line":null,"column":-1}},"40":{"start":{"line":123,"column":0},"end":{"line":130,"column":0}},"41":{"start":{"line":124,"column":0},"end":{"line":null,"column":-1}},"42":{"start":{"line":133,"column":0},"end":{"line":null,"column":-1}},"43":{"start":{"line":142,"column":0},"end":{"line":null,"column":-1}}},"fnMap":{"0":{"name":"data","decl":{"start":{"line":11,"column":0},"end":{"line":null,"column":-1}},"loc":{"start":{"line":11,"column":0},"end":{"line":40,"column":0}}},"1":{"name":"created","decl":{"start":{"line":44,"column":0},"end":{"line":null,"column":-1}},"loc":{"start":{"line":44,"column":0},"end":{"line":56,"column":0}}},"2":{"name":"tolinks","decl":{"start":{"line":58,"column":0},"end":{"line":null,"column":-1}},"loc":{"start":{"line":58,"column":0},"end":{"line":145,"column":0}}},"3":{"name":"(anonymous_5)","decl":{"start":{"line":74,"column":0},"end":{"line":null,"column":-1}},"loc":{"start":{"line":74,"column":0},"end":{"line":82,"column":0}}},"4":{"name":"(anonymous_6)","decl":{"start":{"line":82,"column":0},"end":{"line":null,"column":-1}},"loc":{"start":{"line":82,"column":0},"end":{"line":96,"column":0}}},"5":{"name":"(anonymous_7)","decl":{"start":{"line":96,"column":0},"end":{"line":null,"column":-1}},"loc":{"start":{"line":96,"column":0},"end":{"line":141,"column":0}}},"6":{"name":"(anonymous_8)","decl":{"start":{"line":99,"column":0},"end":{"line":null,"column":-1}},"loc":{"start":{"line":99,"column":0},"end":{"line":131,"column":0}}},"7":{"name":"(anonymous_9)","decl":{"start":{"line":141,"column":0},"end":{"line":null,"column":-1}},"loc":{"start":{"line":141,"column":0},"end":{"line":143,"column":0}}}},"branchMap":{"0":{"loc":{"start":{"line":62,"column":0},"end":{"line":71,"column":0}},"type":"if","locations":[{"start":{"line":62,"column":0},"end":{"line":71,"column":0}},{"start":{"line":62,"column":0},"end":{"line":71,"column":0}}]},"1":{"loc":{"start":{"line":65,"column":0},"end":{"line":71,"column":0}},"type":"if","locations":[{"start":{"line":65,"column":0},"end":{"line":71,"column":0}},{"start":{"line":65,"column":0},"end":{"line":71,"column":0}}]},"2":{"loc":{"start":{"line":68,"column":0},"end":{"line":71,"column":0}},"type":"if","locations":[{"start":{"line":68,"column":0},"end":{"line":71,"column":0}},{"start":{"line":68,"column":0},"end":{"line":71,"column":0}}]},"3":{"loc":{"start":{"line":72,"column":0},"end":{"line":144,"column":0}},"type":"if","locations":[{"start":{"line":72,"column":0},"end":{"line":144,"column":0}},{"start":{"line":72,"column":0},"end":{"line":144,"column":0}}]},"4":{"loc":{"start":{"line":72,"column":0},"end":{"line":null,"column":-1}},"type":"binary-expr","locations":[{"start":{"line":72,"column":0},"end":{"line":null,"column":-1}},{"start":{"line":72,"column":0},"end":{"line":null,"column":-1}}]},"5":{"loc":{"start":{"line":91,"column":0},"end":{"line":95,"column":0}},"type":"if","locations":[{"start":{"line":91,"column":0},"end":{"line":95,"column":0}},{"start":{"line":91,"column":0},"end":{"line":95,"column":0}}]},"6":{"loc":{"start":{"line":91,"column":0},"end":{"line":null,"column":-1}},"type":"binary-expr","locations":[{"start":{"line":91,"column":0},"end":{"line":null,"column":-1}},{"start":{"line":91,"column":0},"end":{"line":null,"column":-1}}]},"7":{"loc":{"start":{"line":98,"column":0},"end":{"line":139,"column":0}},"type":"if","locations":[{"start":{"line":98,"column":0},"end":{"line":139,"column":0}},{"start":{"line":98,"column":0},"end":{"line":139,"column":0}}]},"8":{"loc":{"start":{"line":106,"column":0},"end":{"line":130,"column":0}},"type":"if","locations":[{"start":{"line":106,"column":0},"end":{"line":130,"column":0}},{"start":{"line":106,"column":0},"end":{"line":130,"column":0}}]},"9":{"loc":{"start":{"line":109,"column":0},"end":{"line":130,"column":0}},"type":"if","locations":[{"start":{"line":109,"column":0},"end":{"line":130,"column":0}},{"start":{"line":109,"column":0},"end":{"line":130,"column":0}}]},"10":{"loc":{"start":{"line":116,"column":0},"end":{"line":130,"column":0}},"type":"if","locations":[{"start":{"line":116,"column":0},"end":{"line":130,"column":0}},{"start":{"line":116,"column":0},"end":{"line":130,"column":0}}]},"11":{"loc":{"start":{"line":123,"column":0},"end":{"line":130,"column":0}},"type":"if","locations":[{"start":{"line":123,"column":0},"end":{"line":130,"column":0}},{"start":{"line":123,"column":0},"end":{"line":130,"column":0}}]}},"s":{"0":0,"1":0,"2":0,"3":0,"4":0,"5":0,"6":0,"7":0,"8":0,"9":0,"10":0,"11":0,"12":0,"13":0,"14":0,"15":0,"16":0,"17":0,"18":0,"19":0,"20":0,"21":0,"22":0,"23":0,"24":0,"25":0,"26":0,"27":0,"28":0,"29":0,"30":0,"31":0,"32":0,"33":0,"34":0,"35":0,"36":0,"37":0,"38":0,"39":0,"40":0,"41":0,"42":0,"43":0},"f":{"0":0,"1":0,"2":0,"3":0,"4":0,"5":0,"6":0,"7":0},"b":{"0":[0,0],"1":[0,0],"2":[0,0],"3":[0,0],"4":[0,0],"5":[0,0],"6":[0,0],"7":[0,0],"8":[0,0],"9":[0,0],"10":[0,0],"11":[0,0]}}
,"c:\\Users\\Administrator.USER-20150330PE\\Desktop\\项目\\ICPC\\icpch5\\src\\pages\\order\\lxyBm.vue": {"path":"c:\\Users\\Administrator.USER-20150330PE\\Desktop\\项目\\ICPC\\icpch5\\src\\pages\\order\\lxyBm.vue","statementMap":{"0":{"start":{"line":70,"column":0},"end":{"line":null,"column":-1}},"1":{"start":{"line":71,"column":0},"end":{"line":null,"column":-1}},"2":{"start":{"line":75,"column":0},"end":{"line":null,"column":-1}},"3":{"start":{"line":101,"column":0},"end":{"line":null,"column":-1}},"4":{"start":{"line":102,"column":0},"end":{"line":null,"column":-1}},"5":{"start":{"line":103,"column":0},"end":{"line":null,"column":-1}},"6":{"start":{"line":104,"column":0},"end":{"line":126,"column":0}},"7":{"start":{"line":108,"column":0},"end":{"line":null,"column":-1}},"8":{"start":{"line":109,"column":0},"end":{"line":null,"column":-1}},"9":{"start":{"line":110,"column":0},"end":{"line":null,"column":-1}},"10":{"start":{"line":111,"column":0},"end":{"line":null,"column":-1}},"11":{"start":{"line":112,"column":0},"end":{"line":null,"column":-1}},"12":{"start":{"line":113,"column":0},"end":{"line":null,"column":-1}},"13":{"start":{"line":114,"column":0},"end":{"line":null,"column":-1}},"14":{"start":{"line":116,"column":0},"end":{"line":125,"column":0}},"15":{"start":{"line":122,"column":0},"end":{"line":null,"column":-1}},"16":{"start":{"line":124,"column":0},"end":{"line":null,"column":-1}},"17":{"start":{"line":130,"column":0},"end":{"line":null,"column":-1}},"18":{"start":{"line":131,"column":0},"end":{"line":null,"column":-1}},"19":{"start":{"line":132,"column":0},"end":{"line":null,"column":-1}},"20":{"start":{"line":133,"column":0},"end":{"line":148,"column":0}},"21":{"start":{"line":139,"column":0},"end":{"line":145,"column":0}},"22":{"start":{"line":140,"column":0},"end":{"line":null,"column":-1}},"23":{"start":{"line":144,"column":0},"end":{"line":null,"column":-1}},"24":{"start":{"line":147,"column":0},"end":{"line":null,"column":-1}},"25":{"start":{"line":151,"column":0},"end":{"line":null,"column":-1}},"26":{"start":{"line":158,"column":0},"end":{"line":null,"column":-1}},"27":{"start":{"line":160,"column":0},"end":{"line":null,"column":-1}},"28":{"start":{"line":161,"column":0},"end":{"line":null,"column":-1}},"29":{"start":{"line":162,"column":0},"end":{"line":null,"column":-1}},"30":{"start":{"line":164,"column":0},"end":{"line":null,"column":-1}},"31":{"start":{"line":165,"column":0},"end":{"line":null,"column":-1}},"32":{"start":{"line":166,"column":0},"end":{"line":265,"column":0}},"33":{"start":{"line":167,"column":0},"end":{"line":null,"column":-1}},"34":{"start":{"line":173,"column":0},"end":{"line":null,"column":-1}},"35":{"start":{"line":174,"column":0},"end":{"line":265,"column":0}},"36":{"start":{"line":175,"column":0},"end":{"line":null,"column":-1}},"37":{"start":{"line":181,"column":0},"end":{"line":null,"column":-1}},"38":{"start":{"line":183,"column":0},"end":{"line":265,"column":0}},"39":{"start":{"line":184,"column":0},"end":{"line":null,"column":-1}},"40":{"start":{"line":190,"column":0},"end":{"line":null,"column":-1}},"41":{"start":{"line":191,"column":0},"end":{"line":265,"column":0}},"42":{"start":{"line":192,"column":0},"end":{"line":null,"column":-1}},"43":{"start":{"line":198,"column":0},"end":{"line":null,"column":-1}},"44":{"start":{"line":200,"column":0},"end":{"line":264,"column":0}},"45":{"start":{"line":212,"column":0},"end":{"line":null,"column":-1}},"46":{"start":{"line":213,"column":0},"end":{"line":261,"column":0}},"47":{"start":{"line":215,"column":0},"end":{"line":null,"column":-1}},"48":{"start":{"line":221,"column":0},"end":{"line":223,"column":0}},"49":{"start":{"line":222,"column":0},"end":{"line":null,"column":-1}},"50":{"start":{"line":225,"column":0},"end":{"line":261,"column":0}},"51":{"start":{"line":227,"column":0},"end":{"line":null,"column":-1}},"52":{"start":{"line":233,"column":0},"end":{"line":235,"column":0}},"53":{"start":{"line":234,"column":0},"end":{"line":null,"column":-1}},"54":{"start":{"line":237,"column":0},"end":{"line":261,"column":0}},"55":{"start":{"line":239,"column":0},"end":{"line":null,"column":-1}},"56":{"start":{"line":245,"column":0},"end":{"line":261,"column":0}},"57":{"start":{"line":247,"column":0},"end":{"line":null,"column":-1}},"58":{"start":{"line":253,"column":0},"end":{"line":261,"column":0}},"59":{"start":{"line":255,"column":0},"end":{"line":null,"column":-1}},"60":{"start":{"line":263,"column":0},"end":{"line":null,"column":-1}}},"fnMap":{"0":{"name":"data","decl":{"start":{"line":74,"column":0},"end":{"line":null,"column":-1}},"loc":{"start":{"line":74,"column":0},"end":{"line":97,"column":0}}},"1":{"name":"created","decl":{"start":{"line":101,"column":0},"end":{"line":null,"column":-1}},"loc":{"start":{"line":101,"column":0},"end":{"line":127,"column":0}}},"2":{"name":"(anonymous_4)","decl":{"start":{"line":104,"column":0},"end":{"line":null,"column":-1}},"loc":{"start":{"line":104,"column":0},"end":{"line":115,"column":0}}},"3":{"name":"(anonymous_5)","decl":{"start":{"line":115,"column":0},"end":{"line":null,"column":-1}},"loc":{"start":{"line":115,"column":0},"end":{"line":126,"column":0}}},"4":{"name":"(anonymous_6)","decl":{"start":{"line":117,"column":0},"end":{"line":null,"column":-1}},"loc":{"start":{"line":117,"column":0},"end":{"line":123,"column":0}}},"5":{"name":"(anonymous_7)","decl":{"start":{"line":123,"column":0},"end":{"line":null,"column":-1}},"loc":{"start":{"line":123,"column":0},"end":{"line":125,"column":0}}},"6":{"name":"showBm","decl":{"start":{"line":129,"column":0},"end":{"line":null,"column":-1}},"loc":{"start":{"line":129,"column":0},"end":{"line":149,"column":0}}},"7":{"name":"(anonymous_9)","decl":{"start":{"line":134,"column":0},"end":{"line":null,"column":-1}},"loc":{"start":{"line":134,"column":0},"end":{"line":146,"column":0}}},"8":{"name":"(anonymous_10)","decl":{"start":{"line":139,"column":0},"end":{"line":null,"column":-1}},"loc":{"start":{"line":139,"column":0},"end":{"line":145,"column":0}}},"9":{"name":"(anonymous_11)","decl":{"start":{"line":146,"column":0},"end":{"line":null,"column":-1}},"loc":{"start":{"line":146,"column":0},"end":{"line":148,"column":0}}},"10":{"name":"onValuesChange","decl":{"start":{"line":150,"column":0},"end":{"line":null,"column":-1}},"loc":{"start":{"line":150,"column":0},"end":{"line":156,"column":0}}},"11":{"name":"changeDet","decl":{"start":{"line":157,"column":0},"end":{"line":null,"column":-1}},"loc":{"start":{"line":157,"column":0},"end":{"line":163,"column":0}}},"12":{"name":"submit","decl":{"start":{"line":164,"column":0},"end":{"line":null,"column":-1}},"loc":{"start":{"line":164,"column":0},"end":{"line":266,"column":0}}},"13":{"name":"(anonymous_15)","decl":{"start":{"line":201,"column":0},"end":{"line":null,"column":-1}},"loc":{"start":{"line":201,"column":0},"end":{"line":262,"column":0}}},"14":{"name":"(anonymous_16)","decl":{"start":{"line":221,"column":0},"end":{"line":null,"column":-1}},"loc":{"start":{"line":221,"column":0},"end":{"line":223,"column":0}}},"15":{"name":"(anonymous_17)","decl":{"start":{"line":233,"column":0},"end":{"line":null,"column":-1}},"loc":{"start":{"line":233,"column":0},"end":{"line":235,"column":0}}},"16":{"name":"(anonymous_18)","decl":{"start":{"line":262,"column":0},"end":{"line":null,"column":-1}},"loc":{"start":{"line":262,"column":0},"end":{"line":264,"column":0}}}},"branchMap":{"0":{"loc":{"start":{"line":166,"column":0},"end":{"line":265,"column":0}},"type":"if","locations":[{"start":{"line":166,"column":0},"end":{"line":265,"column":0}},{"start":{"line":166,"column":0},"end":{"line":265,"column":0}}]},"1":{"loc":{"start":{"line":174,"column":0},"end":{"line":265,"column":0}},"type":"if","locations":[{"start":{"line":174,"column":0},"end":{"line":265,"column":0}},{"start":{"line":174,"column":0},"end":{"line":265,"column":0}}]},"2":{"loc":{"start":{"line":183,"column":0},"end":{"line":265,"column":0}},"type":"if","locations":[{"start":{"line":183,"column":0},"end":{"line":265,"column":0}},{"start":{"line":183,"column":0},"end":{"line":265,"column":0}}]},"3":{"loc":{"start":{"line":191,"column":0},"end":{"line":265,"column":0}},"type":"if","locations":[{"start":{"line":191,"column":0},"end":{"line":265,"column":0}},{"start":{"line":191,"column":0},"end":{"line":265,"column":0}}]},"4":{"loc":{"start":{"line":213,"column":0},"end":{"line":261,"column":0}},"type":"if","locations":[{"start":{"line":213,"column":0},"end":{"line":261,"column":0}},{"start":{"line":213,"column":0},"end":{"line":261,"column":0}}]},"5":{"loc":{"start":{"line":225,"column":0},"end":{"line":261,"column":0}},"type":"if","locations":[{"start":{"line":225,"column":0},"end":{"line":261,"column":0}},{"start":{"line":225,"column":0},"end":{"line":261,"column":0}}]},"6":{"loc":{"start":{"line":237,"column":0},"end":{"line":261,"column":0}},"type":"if","locations":[{"start":{"line":237,"column":0},"end":{"line":261,"column":0}},{"start":{"line":237,"column":0},"end":{"line":261,"column":0}}]},"7":{"loc":{"start":{"line":245,"column":0},"end":{"line":261,"column":0}},"type":"if","locations":[{"start":{"line":245,"column":0},"end":{"line":261,"column":0}},{"start":{"line":245,"column":0},"end":{"line":261,"column":0}}]},"8":{"loc":{"start":{"line":253,"column":0},"end":{"line":261,"column":0}},"type":"if","locations":[{"start":{"line":253,"column":0},"end":{"line":261,"column":0}},{"start":{"line":253,"column":0},"end":{"line":261,"column":0}}]}},"s":{"0":0,"1":0,"2":0,"3":0,"4":0,"5":0,"6":0,"7":0,"8":0,"9":0,"10":0,"11":0,"12":0,"13":0,"14":0,"15":0,"16":0,"17":0,"18":0,"19":0,"20":0,"21":0,"22":0,"23":0,"24":0,"25":0,"26":0,"27":0,"28":0,"29":0,"30":0,"31":0,"32":0,"33":0,"34":0,"35":0,"36":0,"37":0,"38":0,"39":0,"40":0,"41":0,"42":0,"43":0,"44":0,"45":0,"46":0,"47":0,"48":0,"49":0,"50":0,"51":0,"52":0,"53":0,"54":0,"55":0,"56":0,"57":0,"58":0,"59":0,"60":0},"f":{"0":0,"1":0,"2":0,"3":0,"4":0,"5":0,"6":0,"7":0,"8":0,"9":0,"10":0,"11":0,"12":0,"13":0,"14":0,"15":0,"16":0},"b":{"0":[0,0],"1":[0,0],"2":[0,0],"3":[0,0],"4":[0,0],"5":[0,0],"6":[0,0],"7":[0,0],"8":[0,0]}}
,"c:\\Users\\Administrator.USER-20150330PE\\Desktop\\项目\\ICPC\\icpch5\\src\\pages\\order\\phoneYy.vue": {"path":"c:\\Users\\Administrator.USER-20150330PE\\Desktop\\项目\\ICPC\\icpch5\\src\\pages\\order\\phoneYy.vue","statementMap":{"0":{"start":{"line":13,"column":0},"end":{"line":null,"column":-1}},"1":{"start":{"line":17,"column":0},"end":{"line":null,"column":-1}}},"fnMap":{"0":{"name":"data","decl":{"start":{"line":16,"column":0},"end":{"line":null,"column":-1}},"loc":{"start":{"line":16,"column":0},"end":{"line":20,"column":0}}},"1":{"name":"created","decl":{"start":{"line":24,"column":0},"end":{"line":null,"column":-1}},"loc":{"start":{"line":24,"column":0},"end":{"line":null,"column":-1}}}},"branchMap":{},"s":{"0":0,"1":0},"f":{"0":0,"1":0},"b":{}}
[...]
9,"column":0},"end":{"line":103,"column":0}},"21":{"start":{"line":100,"column":0},"end":{"line":null,"column":-1}},"22":{"start":{"line":102,"column":0},"end":{"line":null,"column":-1}},"23":{"start":{"line":104,"column":0},"end":{"line":null,"column":-1}},"24":{"start":{"line":106,"column":0},"end":{"line":null,"column":-1}}},"fnMap":{"0":{"name":"data","decl":{"start":{"line":40,"column":0},"end":{"line":null,"column":-1}},"loc":{"start":{"line":40,"column":0},"end":{"line":49,"column":0}}},"1":{"name":"created","decl":{"start":{"line":53,"column":0},"end":{"line":null,"column":-1}},"loc":{"start":{"line":53,"column":0},"end":{"line":65,"column":0}}},"2":{"name":"(anonymous_3)","decl":{"start":{"line":55,"column":0},"end":{"line":null,"column":-1}},"loc":{"start":{"line":55,"column":0},"end":{"line":62,"column":0}}},"3":{"name":"(anonymous_4)","decl":{"start":{"line":62,"column":0},"end":{"line":null,"column":-1}},"loc":{"start":{"line":62,"column":0},"end":{"line":64,"column":0}}},"4":{"name":"showCon","decl":{"start":{"line":67,"column":0},"end":{"line":null,"column":-1}},"loc":{"start":{"line":67,"column":0},"end":{"line":84,"column":0}}},"5":{"name":"loadMore","decl":{"start":{"line":86,"column":0},"end":{"line":null,"column":-1}},"loc":{"start":{"line":86,"column":0},"end":{"line":108,"column":0}}},"6":{"name":"(anonymous_7)","decl":{"start":{"line":97,"column":0},"end":{"line":null,"column":-1}},"loc":{"start":{"line":97,"column":0},"end":{"line":105,"column":0}}},"7":{"name":"(anonymous_8)","decl":{"start":{"line":105,"column":0},"end":{"line":null,"column":-1}},"loc":{"start":{"line":105,"column":0},"end":{"line":107,"column":0}}}},"branchMap":{"0":{"loc":{"start":{"line":70,"column":0},"end":{"line":81,"column":0}},"type":"if","locations":[{"start":{"line":70,"column":0},"end":{"line":81,"column":0}},{"start":{"line":70,"column":0},"end":{"line":81,"column":0}}]},"1":{"loc":{"start":{"line":76,"column":0},"end":{"line":81,"column":0}},"type":"if","locations":[{"start":{"line":76,"column":0},"end":{"line":81,"column":0}},{"start":{"line":76,"column":0},"end":{"line":81,"column":0}}]},"2":{"loc":{"start":{"line":88,"column":0},"end":{"line":91,"column":0}},"type":"if","locations":[{"start":{"line":88,"column":0},"end":{"line":91,"column":0}},{"start":{"line":88,"column":0},"end":{"line":91,"column":0}}]},"3":{"loc":{"start":{"line":92,"column":0},"end":{"line":94,"column":0}},"type":"if","locations":[{"start":{"line":92,"column":0},"end":{"line":94,"column":0}},{"start":{"line":92,"column":0},"end":{"line":94,"column":0}}]},"4":{"loc":{"start":{"line":99,"column":0},"end":{"line":103,"column":0}},"type":"if","locations":[{"start":{"line":99,"column":0},"end":{"line":103,"column":0}},{"start":{"line":99,"column":0},"end":{"line":103,"column":0}}]},"5":{"loc":{"start":{"line":99,"column":0},"end":{"line":null,"column":-1}},"type":"binary-expr","locations":[{"start":{"line":99,"column":0},"end":{"line":null,"column":-1}},{"start":{"line":99,"column":0},"end":{"line":null,"column":-1}}]}},"s":{"0":0,"1":0,"2":0,"3":0,"4":0,"5":0,"6":0,"7":0,"8":0,"9":0,"10":0,"11":0,"12":0,"13":0,"14":0,"15":0,"16":0,"17":0,"18":0,"19":0,"20":0,"21":0,"22":0,"23":0,"24":0},"f":{"0":0,"1":0,"2":0,"3":0,"4":0,"5":0,"6":0,"7":0},"b":{"0":[0,0],"1":[0,0],"2":[0,0],"3":[0,0],"4":[0,0],"5":[0,0]}}
,"c:\\Users\\Administrator.USER-20150330PE\\Desktop\\项目\\ICPC\\icpch5\\src\\pages\\share\\vote.vue": {"path":"c:\\Users\\Administrator.USER-20150330PE\\Desktop\\项目\\ICPC\\icpch5\\src\\pages\\share\\vote.vue","statementMap":{"0":{"start":{"line":76,"column":0},"end":{"line":null,"column":-1}},"1":{"start":{"line":80,"column":0},"end":{"line":null,"column":-1}},"2":{"start":{"line":104,"column":0},"end":{"line":109,"column":0}},"3":{"start":{"line":105,"column":0},"end":{"line":108,"column":0}},"4":{"start":{"line":107,"column":0},"end":{"line":null,"column":-1}},"5":{"start":{"line":115,"column":0},"end":{"line":null,"column":-1}},"6":{"start":{"line":120,"column":0},"end":{"line":null,"column":-1}},"7":{"start":{"line":121,"column":0},"end":{"line":null,"column":-1}},"8":{"start":{"line":123,"column":0},"end":{"line":null,"column":-1}},"9":{"start":{"line":129,"column":0},"end":{"line":null,"column":-1}},"10":{"start":{"line":130,"column":0},"end":{"line":135,"column":0}},"11":{"start":{"line":131,"column":0},"end":{"line":null,"column":-1}},"12":{"start":{"line":132,"column":0},"end":{"line":null,"column":-1}},"13":{"start":{"line":134,"column":0},"end":{"line":null,"column":-1}},"14":{"start":{"line":137,"column":0},"end":{"line":null,"column":-1}},"15":{"start":{"line":138,"column":0},"end":{"line":null,"column":-1}},"16":{"start":{"line":142,"column":0},"end":{"line":174,"column":0}},"17":{"start":{"line":150,"column":0},"end":{"line":null,"column":-1}},"18":{"start":{"line":151,"column":0},"end":{"line":null,"column":-1}},"19":{"start":{"line":152,"column":0},"end":{"line":null,"column":-1}},"20":{"start":{"line":154,"column":0},"end":{"line":null,"column":-1}},"21":{"start":{"line":156,"column":0},"end":{"line":168,"column":0}},"22":{"start":{"line":157,"column":0},"end":{"line":null,"column":-1}},"23":{"start":{"line":158,"column":0},"end":{"line":161,"column":0}},"24":{"start":{"line":159,"column":0},"end":{"line":null,"column":-1}},"25":{"start":{"line":163,"column":0},"end":{"line":167,"column":0}},"26":{"start":{"line":164,"column":0},"end":{"line":null,"column":-1}},"27":{"start":{"line":165,"column":0},"end":{"line":167,"column":0}},"28":{"start":{"line":166,"column":0},"end":{"line":null,"column":-1}},"29":{"start":{"line":169,"column":0},"end":{"line":null,"column":-1}},"30":{"start":{"line":172,"column":0},"end":{"line":null,"column":-1}},"31":{"start":{"line":179,"column":0},"end":{"line":null,"column":-1}},"32":{"start":{"line":181,"column":0},"end":{"line":null,"column":-1}},"33":{"start":{"line":183,"column":0},"end":{"line":null,"column":-1}},"34":{"start":{"line":186,"column":0},"end":{"line":201,"column":0}},"35":{"start":{"line":187,"column":0},"end":{"line":null,"column":-1}},"36":{"start":{"line":188,"column":0},"end":{"line":null,"column":-1}},"37":{"start":{"line":189,"column":0},"end":{"line":null,"column":-1}},"38":{"start":{"line":190,"column":0},"end":{"line":null,"column":-1}},"39":{"start":{"line":191,"column":0},"end":{"line":null,"column":-1}},"40":{"start":{"line":192,"column":0},"end":{"line":null,"column":-1}},"41":{"start":{"line":193,"column":0},"end":{"line":null,"column":-1}},"42":{"start":{"line":194,"column":0},"end":{"line":null,"column":-1}},"43":{"start":{"line":195,"column":0},"end":{"line":null,"column":-1}},"44":{"start":{"line":199,"column":0},"end":{"line":null,"column":-1}},"45":{"start":{"line":200,"column":0},"end":{"line":null,"column":-1}},"46":{"start":{"line":204,"column":0},"end":{"line":null,"column":-1}},"47":{"start":{"line":207,"column":0},"end":{"line":null,"column":-1}},"48":{"start":{"line":208,"column":0},"end":{"line":null,"column":-1}},"49":{"start":{"line":209,"column":0},"end":{"line":null,"column":-1}},"50":{"start":{"line":210,"column":0},"end":{"line":218,"column":0}},"51":{"start":{"line":211,"column":0},"end":{"line":217,"column":0}},"52":{"start":{"line":212,"column":0},"end":{"line":null,"column":-1}},"53":{"start":{"line":213,"column":0},"end":{"line":217,"column":0}},"54":{"start":{"line":214,"column":0},"end":{"line":216,"column":0}},"55":{"start":{"line":215,"column":0},"end":{"line":null,"column":-1}},"56":{"start":{"line":220,"column":0},"end":{"line":null,"column":-1}},"57":{"start":{"line":225,"column":0},"end":{"line":230,"column":0}},"58":{"start":{"line":227,"column":0},"end":{"line":null,"column":-1}},"59":{"start":{"line":229,"column":0},"end":{"line":null,"column":-1}}},"fnMap":{"0":{"name":"data","decl":{"start":{"line":79,"column":0},"end":{"line":null,"column":-1}},"loc":{"start":{"line":79,"column":0},"end":{"line":97,"column":0}}},"1":{"name":"value","decl":{"start":{"line":102,"column":0},"end":{"line":null,"column":-1}},"loc":{"start":{"line":102,"column":0},"end":{"line":110,"column":0}}},"2":{"name":"isVode","decl":{"start":{"line":111,"column":0},"end":{"line":null,"column":-1}},"loc":{"start":{"line":111,"column":0},"end":{"line":113,"column":0}}},"3":{"name":"ifEnd","decl":{"start":{"line":114,"column":0},"end":{"line":null,"column":-1}},"loc":{"start":{"line":114,"column":0},"end":{"line":116,"column":0}}},"4":{"name":"created","decl":{"start":{"line":119,"column":0},"end":{"line":null,"column":-1}},"loc":{"start":{"line":119,"column":0},"end":{"line":125,"column":0}}},"5":{"name":"setNum","decl":{"start":{"line":127,"column":0},"end":{"line":null,"column":-1}},"loc":{"start":{"line":127,"column":0},"end":{"line":136,"column":0}}},"6":{"name":"getData","decl":{"start":{"line":137,"column":0},"end":{"line":null,"column":-1}},"loc":{"start":{"line":137,"column":0},"end":{"line":177,"column":0}}},"7":{"name":"(anonymous_9)","decl":{"start":{"line":143,"column":0},"end":{"line":null,"column":-1}},"loc":{"start":{"line":143,"column":0},"end":{"line":171,"column":0}}},"8":{"name":"(anonymous_10)","decl":{"start":{"line":158,"column":0},"end":{"line":null,"column":-1}},"loc":{"start":{"line":158,"column":0},"end":{"line":161,"column":0}}},"9":{"name":"(anonymous_11)","decl":{"start":{"line":171,"column":0},"end":{"line":null,"column":-1}},"loc":{"start":{"line":171,"column":0},"end":{"line":174,"column":0}}},"10":{"name":"(anonymous_12)","decl":{"start":{"line":174,"column":0},"end":{"line":null,"column":-1}},"loc":{"start":{"line":174,"column":0},"end":{"line":null,"column":-1}}},"11":{"name":"countTime","decl":{"start":{"line":178,"column":0},"end":{"line":null,"column":-1}},"loc":{"start":{"line":178,"column":0},"end":{"line":205,"column":0}}},"12":{"name":"submit","decl":{"start":{"line":207,"column":0},"end":{"line":null,"column":-1}},"loc":{"start":{"line":207,"column":0},"end":{"line":231,"column":0}}},"13":{"name":"(anonymous_15)","decl":{"start":{"line":210,"column":0},"end":{"line":null,"column":-1}},"loc":{"start":{"line":210,"column":0},"end":{"line":218,"column":0}}},"14":{"name":"(anonymous_16)","decl":{"start":{"line":225,"column":0},"end":{"line":null,"column":-1}},"loc":{"start":{"line":225,"column":0},"end":{"line":228,"column":0}}},"15":{"name":"(anonymous_17)","decl":{"start":{"line":228,"column":0},"end":{"line":null,"column":-1}},"loc":{"start":{"line":228,"column":0},"end":{"line":230,"column":0}}}},"branchMap":{"0":{"loc":{"start":{"line":105,"column":0},"end":{"line":108,"column":0}},"type":"if","locations":[{"start":{"line":105,"column":0},"end":{"line":108,"column":0}},{"start":{"line":105,"column":0},"end":{"line":108,"column":0}}]},"1":{"loc":{"start":{"line":130,"column":0},"end":{"line":135,"column":0}},"type":"if","locations":[{"start":{"line":130,"column":0},"end":{"line":135,"column":0}},{"start":{"line":130,"column":0},"end":{"line":135,"column":0}}]},"2":{"loc":{"start":{"line":163,"column":0},"end":{"line":167,"column":0}},"type":"if","locations":[{"start":{"line":163,"column":0},"end":{"line":167,"column":0}},{"start":{"line":163,"column":0},"end":{"line":167,"column":0}}]},"3":{"loc":{"start":{"line":165,"column":0},"end":{"line":167,"column":0}},"type":"if","locations":[{"start":{"line":165,"column":0},"end":{"line":167,"column":0}},{"start":{"line":165,"column":0},"end":{"line":167,"column":0}}]},"4":{"loc":{"start":{"line":186,"column":0},"end":{"line":201,"column":0}},"type":"if","locations":[{"start":{"line":186,"column":0},"end":{"line":201,"column":0}},{"start":{"line":186,"column":0},"end":{"line":201,"column":0}}]},"5":{"loc":{"start":{"line":192,"column":0},"end":{"line":null,"column":-1}},"type":"if","locations":[{"start":{"line":192,"column":0},"end":{"line":null,"column":-1}},{"start":{"line":192,"column":0},"end":{"line":null,"column":-1}}]},"6":{"loc":{"start":{"line":193,"column":0},"end":{"line":null,"column":-1}},"type":"if","locations":[{"start":{"line":193,"column":0},"end":{"line":null,"column":-1}},{"start":{"line":193,"column":0},"end":{"line":null,"column":-1}}]},"7":{"loc":{"start":{"line":194,"column":0},"end":{"line":null,"column":-1}},"type":"if","locations":[{"start":{"line":194,"column":0},"end":{"line":null,"column":-1}},{"start":{"line":194,"column":0},"end":{"line":null,"column":-1}}]},"8":{"loc":{"start":{"line":195,"column":0},"end":{"line":null,"column":-1}},"type":"if","locations":[{"start":{"line":195,"column":0},"end":{"line":null,"column":-1}},{"start":{"line":195,"column":0},"end":{"line":null,"column":-1}}]},"9":{"loc":{"start":{"line":211,"column":0},"end":{"line":217,"column":0}},"type":"if","locations":[{"start":{"line":211,"column":0},"end":{"line":217,"column":0}},{"start":{"line":211,"column":0},"end":{"line":217,"column":0}}]},"10":{"loc":{"start":{"line":213,"column":0},"end":{"line":217,"column":0}},"type":"if","locations":[{"start":{"line":213,"column":0},"end":{"line":217,"column":0}},{"start":{"line":213,"column":0},"end":{"line":217,"column":0}}]}},"s":{"0":0,"1":0,"2":0,"3":0,"4":0,"5":0,"6":0,"7":0,"8":0,"9":0,"10":0,"11":0,"12":0,"13":0,"14":0,"15":0,"16":0,"17":0,"18":0,"19":0,"20":0,"21":0,"22":0,"23":0,"24":0,"25":0,"26":0,"27":0,"28":0,"29":0,"30":0,"31":0,"32":0,"33":0,"34":0,"35":0,"36":0,"37":0,"38":0,"39":0,"40":0,"41":0,"42":0,"43":0,"44":0,"45":0,"46":0,"47":0,"48":0,"49":0,"50":0,"51":0,"52":0,"53":0,"54":0,"55":0,"56":0,"57":0,"58":0,"59":0},"f":{"0":0,"1":0,"2":0,"3":0,"4":0,"5":0,"6":0,"7":0,"8":0,"9":0,"10":0,"11":0,"12":0,"13":0,"14":0,"15":0},"b":{"0":[0,0],"1":[0,0],"2":[0,0],"3":[0,0],"4":[0,0],"5":[0,0],"6":[0,0],"7":[0,0],"8":[0,0],"9":[0,0],"10":[0,0]}}
,"c:\\Users\\Administrator.USER-20150330PE\\Desktop\\项目\\ICPC\\icpch5\\src\\vuex\\store.js": {"path":"c:\\Users\\Administrator.USER-20150330PE\\Desktop\\项目\\ICPC\\icpch5\\src\\vuex\\store.js","statementMap":{"0":{"start":{"line":87,"column":0},"end":{"line":null,"column":-1}},"1":{"start":{"line":88,"column":0},"end":{"line":null,"column":-1}},"2":{"start":{"line":89,"column":0},"end":{"line":null,"column":-1}},"3":{"start":{"line":90,"column":0},"end":{"line":null,"column":-1}},"4":{"start":{"line":91,"column":0},"end":{"line":92,"column":0}},"5":{"start":{"line":92,"column":14},"end":{"line":92,"column":0}},"6":{"start":{"line":100,"column":6},"end":{"line":101,"column":5}},"7":{"start":{"line":103,"column":6},"end":{"line":104,"column":6}},"8":{"start":{"line":104,"column":6},"end":{"line":105,"column":6}},"9":{"start":{"line":105,"column":6},"end":{"line":106,"column":5}},"10":{"start":{"line":108,"column":6},"end":{"line":109,"column":5}},"11":{"start":{"line":111,"column":6},"end":{"line":112,"column":6}},"12":{"start":{"line":112,"column":6},"end":{"line":114,"column":5}},"13":{"start":{"line":117,"column":27},"end":{"line":117,"column":26}},"14":{"start":{"line":118,"column":6},"end":{"line":145,"column":5}},"15":{"start":{"line":119,"column":6},"end":{"line":118,"column":46}},"16":{"start":{"line":121,"column":6},"end":{"line":144,"column":7}},"17":{"start":{"line":123,"column":11},"end":{"line":124,"column":9}},"18":{"start":{"line":124,"column":9},"end":{"line":127,"column":10}},"19":{"start":{"line":125,"column":12},"end":{"line":126,"column":11}},"20":{"start":{"line":127,"column":24},"end":{"line":127,"column":10}},"21":{"start":{"line":128,"column":23},"end":{"line":128,"column":10}},"22":{"start":{"line":129,"column":10},"end":{"line":130,"column":10}},"23":{"start":{"line":130,"column":10},"end":{"line":122,"column":21}},"24":{"start":{"line":133,"column":10},"end":{"line":122,"column":21}},"25":{"start":{"line":135,"column":10},"end":{"line":136,"column":10}},"26":{"start":{"line":136,"column":10},"end":{"line":137,"column":9}},"27":{"start":{"line":139,"column":10},"end":{"line":141,"column":10}},"28":{"start":{"line":141,"column":10},"end":{"line":142,"column":10}},"29":{"start":{"line":142,"column":10},"end":{"line":143,"column":9}},"30":{"start":{"line":146,"column":30},"end":{"line":146,"column":29}},"31":{"start":{"line":147,"column":6},"end":{"line":161,"column":5}},"32":{"start":{"line":148,"column":8},"end":{"line":160,"column":7}},"33":{"start":{"line":151,"column":12},"end":{"line":149,"column":28}},"34":{"start":{"line":153,"column":12},"end":{"line":154,"column":12}},"35":{"start":{"line":154,"column":12},"end":{"line":155,"column":12}},"36":{"start":{"line":155,"column":12},"end":{"line":156,"column":12}},"37":{"start":{"line":158,"column":12},"end":{"line":159,"column":11}},"38":{"start":{"line":165,"column":16},"end":{"line":163,"column":10}},"39":{"start":{"line":166,"column":16},"end":{"line":163,"column":10}}},"fnMap":{"0":{"name":"auth_request","decl":{"start":{"line":98,"column":13},"end":{"line":99,"column":16}},"loc":{"start":{"line":99,"column":24},"end":{"line":98,"column":13}}},"1":{"name":"auth_success","decl":{"start":{"line":98,"column":13},"end":{"line":102,"column":16}},"loc":{"start":{"line":102,"column":37},"end":{"line":98,"column":13}}},"2":{"name":"auth_error","decl":{"start":{"line":98,"column":13},"end":{"line":107,"column":14}},"loc":{"start":{"line":107,"column":22},"end":{"line":98,"column":13}}},"3":{"name":"logout","decl":{"start":{"line":98,"column":13},"end":{"line":110,"column":10}},"loc":{"start":{"line":110,"column":18},"end":{"line":98,"column":13}}},"4":{"name":"Login","decl":{"start":{"line":116,"column":11},"end":{"line":117,"column":19}},"loc":{"start":{"line":117,"column":27},"end":{"line":116,"column":11}}},"5":{"name":"(anonymous_6)","decl":{"start":{"line":118,"column":25},"end":{"line":118,"column":25}},"loc":{"start":{"line":118,"column":46},"end":{"line":118,"column":13}}},"6":{"name":"(anonymous_7)","decl":{"start":{"line":122,"column":14},"end":{"line":122,"column":20}},"loc":{"start":{"line":122,"column":21},"end":{"line":121,"column":6}}},"7":{"name":"(anonymous_8)","decl":{"start":{"line":138,"column":15},"end":{"line":138,"column":21}},"loc":{"start":{"line":138,"column":22},"end":{"line":121,"column":6}}},"8":{"name":"LogOut","decl":{"start":{"line":116,"column":11},"end":{"line":146,"column":29}},"loc":{"start":{"line":146,"column":30},"end":{"line":116,"column":11}}},"9":{"name":"(anonymous_10)","decl":{"start":{"line":147,"column":25},"end":{"line":147,"column":25}},"loc":{"start":{"line":147,"column":46},"end":{"line":147,"column":13}}},"10":{"name":"(anonymous_11)","decl":{"start":{"line":149,"column":16},"end":{"line":149,"column":27}},"loc":{"start":{"line":149,"column":28},"end":{"line":148,"column":8}}},"11":{"name":"(anonymous_12)","decl":{"start":{"line":157,"column":17},"end":{"line":157,"column":25}},"loc":{"start":{"line":157,"column":26},"end":{"line":148,"column":8}}},"12":{"name":"isLoggedIn","decl":{"start":{"line":165,"column":16},"end":{"line":165,"column":24}},"loc":{"start":{"line":165,"column":16},"end":{"line":163,"column":11}}},"13":{"name":"authStatus","decl":{"start":{"line":166,"column":16},"end":{"line":166,"column":24}},"loc":{"start":{"line":166,"column":16},"end":{"line":163,"column":11}}}},"branchMap":{"0":{"loc":{"start":{"line":95,"column":11},"end":{"line":95,"column":43}},"type":"binary-expr","locations":[{"start":{"line":95,"column":11},"end":{"line":95,"column":43}},{"start":{"line":95,"column":44},"end":{"line":93,"column":9}}]},"1":{"loc":{"start":{"line":124,"column":9},"end":{"line":127,"column":10}},"type":"if","locations":[{"start":{"line":124,"column":9},"end":{"line":127,"column":10}},{"start":{"line":124,"column":9},"end":{"line":127,"column":10}}]}},"s":{"0":0,"1":0,"2":0,"3":0,"4":0,"5":0,"6":0,"7":0,"8":0,"9":0,"10":0,"11":0,"12":0,"13":0,"14":0,"15":0,"16":0,"17":0,"18":0,"19":0,"20":0,"21":0,"22":0,"23":0,"24":0,"25":0,"26":0,"27":0,"28":0,"29":0,"30":0,"31":0,"32":0,"33":0,"34":0,"35":0,"36":0,"37":0,"38":0,"39":0},"f":{"0":0,"1":0,"2":0,"3":0,"4":0,"5":0,"6":0,"7":0,"8":0,"9":0,"10":0,"11":0,"12":0,"13":0},"b":{"0":[0,0],"1":[0,0]}}
}
