TN:
SF:c:\Users\Administrator.USER-20150330PE\Desktop\项目\ICPC\icpch5\src\App.vue
FN:20,provide
FN:25,data
FN:63,$route
FN:72,onBridgeReady
FN:79,isLogin
FN:86,created
FN:102,toban
FN:105,switchTo
FN:110,reload
FN:112,(anonymous_10)
FNF:10
FNH:0
FNDA:0,provide
FNDA:0,data
FNDA:0,$route
FNDA:0,onBridgeReady
FNDA:0,isLogin
FNDA:0,created
FNDA:0,toban
FNDA:0,switchTo
FNDA:0,reload
FNDA:0,(anonymous_10)
DA:21,0
DA:26,0
DA:64,0
DA:67,0
DA:68,0
DA:69,0
DA:71,0
DA:72,0
DA:73,0
DA:82,0
DA:83,0
DA:87,0
DA:93,0
DA:97,0
DA:103,0
DA:106,0
DA:108,0
DA:111,0
DA:112,0
DA:113,0
LF:20
LH:0
BRDA:68,0,0,0
BRDA:68,0,1,0
BRF:2
BRH:0
end_of_record
TN:
SF:c:\Users\Administrator.USER-20150330PE\Desktop\项目\ICPC\icpch5\src\assets\js\getHttps.js
FN:5,getNotice
FNF:1
FNH:0
FNDA:0,getNotice
DA:2,0
DA:3,0
DA:5,0
LF:3
LH:0
BRF:0
BRH:0
end_of_record
TN:
SF:c:\Users\Administrator.USER-20150330PE\Desktop\项目\ICPC\icpch5\src\assets\js\setSelectName.js
FN:3,identityCodeText
FN:40,dutiesCodeText
FN:176,educationalCodeText
FN:206,formatDate
FNF:4
FNH:0
FNDA:0,identityCodeText
FNDA:0,dutiesCodeText
FNDA:0,educationalCodeText
FNDA:0,formatDate
DA:3,0
DA:4,0
DA:5,0
DA:7,0
DA:8,0
DA:10,0
DA:11,0
DA:13,0
DA:14,0
DA:16,0
DA:17,0
DA:19,0
DA:20,0
DA:22,0
DA:23,0
DA:25,0
DA:26,0
DA:28,0
DA:29,0
DA:31,0
DA:32,0
DA:34,0
DA:35,0
DA:40,0
DA:41,0
DA:42,0
DA:44,0
DA:45,0
DA:47,0
DA:48,0
DA:50,0
DA:51,0
DA:53,0
DA:54,0
DA:56,0
DA:57,0
DA:59,0
DA:60,0
DA:62,0
DA:63,0
DA:65,0
DA:66,0
DA:68,0
DA:69,0
DA:71,0
DA:72,0
DA:74,0
DA:75,0
DA:77,0
DA:78,0
DA:80,0
DA:81,0
DA:83,0
DA:84,0
DA:86,0
DA:87,0
DA:89,0
DA:90,0
DA:92,0
DA:93,0
DA:95,0
DA:96,0
DA:98,0
DA:99,0
DA:101,0
DA:102,0
DA:104,0
DA:105,0
DA:107,0
DA:108,0
DA:110,0
DA:111,0
DA:113,0
DA:114,0
DA:116,0
DA:117,0
DA:119,0
DA:120,0
DA:122,0
DA:123,0
DA:125,0
DA:126,0
DA:128,0
DA:129,0
DA:131,0
DA:132,0
DA:134,0
DA:135,0
DA:137,0
DA:138,0
DA:140,0
DA:141,0
DA:143,0
DA:144,0
DA:146,0
DA:147,0
DA:149,0
DA:150,0
DA:152,0
DA:153,0
DA:155,0
DA:156,0
DA:158,0
DA:159,0
DA:161,0
DA:162,0
DA:164,0
DA:165,0
DA:167,0
DA:168,0
DA:170,0
DA:171,0
DA:176,0
DA:177,0
DA:178,0
DA:180,0
DA:181,0
DA:183,0
DA:184,0
DA:186,0
DA:187,0
DA:189,0
DA:190,0
DA:192,0
DA:193,0
DA:195,0
DA:196,0
DA:198,0
DA:199,0
DA:201,0
DA:202,0
DA:206,0
DA:207,0
DA:208,0
DA:209,0
DA:210,0
DA:211,0
DA:212,0
DA:213,0
DA:214,0
DA:215,0
DA:216,0
DA:217,0
DA:218,0
DA:219,0
DA:220,0
LF:146
LH:0
BRDA:6,0,0,0
BRDA:6,0,1,0
BRDA:6,0,2,0
BRDA:6,0,3,0
BRDA:6,0,4,0
BRDA:6,0,5,0
BRDA:6,0,6,0
BRDA:6,0,7,0
BRDA:6,0,8,0
BRDA:6,0,9,0
BRDA:43,1,0,0
BRDA:43,1,1,0
BRDA:43,1,2,0
BRDA:43,1,3,0
BRDA:43,1,4,0
BRDA:43,1,5,0
BRDA:43,1,6,0
BRDA:43,1,7,0
BRDA:43,1,8,0
BRDA:43,1,9,0
BRDA:43,1,10,0
BRDA:43,1,11,0
BRDA:43,1,12,0
BRDA:43,1,13,0
BRDA:43,1,14,0
BRDA:43,1,15,0
BRDA:43,1,16,0
BRDA:43,1,17,0
BRDA:43,1,18,0
BRDA:43,1,19,0
BRDA:43,1,20,0
BRDA:43,1,21,0
BRDA:43,1,22,0
BRDA:43,1,23,0
BRDA:43,1,24,0
BRDA:43,1,25,0
BRDA:43,1,26,0
BRDA:43,1,27,0
BRDA:43,1,28,0
BRDA:43,1,29,0
BRDA:43,1,30,0
BRDA:43,1,31,0
BRDA:43,1,32,0
BRDA:43,1,33,0
BRDA:43,1,34,0
BRDA:43,1,35,0
BRDA:43,1,36,0
BRDA:43,1,37,0
BRDA:43,1,38,0
BRDA:43,1,39,0
BRDA:43,1,40,0
BRDA:43,1,41,0
BRDA:43,1,42,0
BRDA:179,2,0,0
BRDA:179,2,1,0
BRDA:179,2,2,0
BRDA:179,2,3,0
BRDA:179,2,4,0
BRDA:179,2,5,0
BRDA:179,2,6,0
BRDA:179,2,7,0
BRDA:211,3,0,0
BRDA:211,3,1,0
BRDA:213,4,0,0
BRDA:213,4,1,0
BRDA:215,5,0,0
BRDA:215,5,1,0
BRDA:217,6,0,0
BRDA:217,6,1,0
BRDA:219,7,0,0
BRDA:219,7,1,0
BRF:71
BRH:0
end_of_record
TN:
SF:c:\Users\Administrator.USER-20150330PE\Desktop\项目\ICPC\icpch5\src\components\partList.vue
FN:18,data
FN:24,toLink
FNF:2
FNH:0
FNDA:0,data
FNDA:0,toLink
DA:19,0
DA:25,0
DA:27,0
LF:3
LH:0
BRF:0
BRH:0
end_of_record
TN:
SF:c:\Users\Administrator.USER-20150330PE\Desktop\项目\ICPC\icpch5\src\components\toptitle.vue
FN:14,data
FN:20,toback
FNF:2
FNH:0
FNDA:0,data
FNDA:0,toback
DA:15,0
DA:21,0
DA:22,0
LF:3
LH:0
BRF:0
BRH:0
end_of_record
TN:
SF:c:\Users\Administrator.USER-20150330PE\Desktop\项目\ICPC\icpch5\src\pages\code\ownCode.vue
FN:29,data
FN:48,created
FN:70,(anonymous_4)
FN:79,(anonymous_5)
FN:83,mounted
FN:88,hasUse
FN:99,(anonymous_8)
FN:128,(anonymous_9)
FNF:8
FNH:0
FNDA:0,data
FNDA:0,created
FNDA:0,(anonymous_4)
FNDA:0,(anonymous_5)
FNDA:0,mounted
FNDA:0,hasUse
FNDA:0,(anonymous_8)
FNDA:0,(anonymous_9)
DA:25,0
DA:26,0
DA:30,0
DA:49,0
DA:53,0
DA:54,0
DA:55,0
DA:56,0
DA:58,0
DA:59,0
DA:60,0
DA:62,0
DA:63,0
DA:64,0
DA:66,0
DA:67,0
DA:68,0
DA:70,0
DA:74,0
DA:75,0
DA:76,0
DA:77,0
DA:78,0
DA:80,0
DA:89,0
DA:90,0
DA:91,0
DA:97,0
DA:99,0
DA:104,0
DA:105,0
DA:111,0
DA:112,0
DA:118,0
DA:119,0
DA:126,0
DA:129,0
LF:37
LH:0
BRDA:57,0,0,0
BRDA:57,0,1,0
BRDA:57,0,2,0
BRDA:90,1,0,0
BRDA:90,1,1,0
BRDA:104,2,0,0
BRDA:104,2,1,0
BRDA:111,3,0,0
BRDA:111,3,1,0
BRDA:118,4,0,0
BRDA:118,4,1,0
BRF:11
BRH:0
end_of_record
TN:
SF:c:\Users\Administrator.USER-20150330PE\Desktop\项目\ICPC\icpch5\src\pages\gift\index.vue
FN:12,data
FN:43,created
FN:45,(anonymous_4)
FN:48,(anonymous_5)
FN:57,tolinks
FNF:5
FNH:0
FNDA:0,data
FNDA:0,created
FNDA:0,(anonymous_4)
FNDA:0,(anonymous_5)
FNDA:0,tolinks
DA:9,0
DA:13,0
DA:44,0
DA:45,0
DA:46,0
DA:47,0
DA:49,0
DA:58,0
DA:59,0
DA:60,0
DA:61,0
DA:62,0
LF:12
LH:0
BRDA:58,0,0,0
BRDA:58,0,1,0
BRDA:60,1,0,0
BRDA:60,1,1,0
BRF:4
BRH:0
end_of_record
TN:
SF:c:\Users\Administrator.USER-20150330PE\Desktop\项目\ICPC\icpch5\src\pages\gift\noodle.vue
FN:23,data
FN:36,created
FN:42,(anonymous_4)
FN:50,(anonymous_5)
FN:54,mounted
FN:59,qrcode
FN:71,text
FNF:7
FNH:0
FNDA:0,data
FNDA:0,created
FNDA:0,(anonymous_4)
FNDA:0,(anonymous_5)
FNDA:0,mounted
FNDA:0,qrcode
FNDA:0,text
DA:19,0
DA:20,0
DA:24,0
DA:37,0
DA:38,0
DA:42,0
DA:46,0
DA:47,0
DA:48,0
DA:49,0
DA:51,0
DA:55,0
DA:56,0
DA:60,0
DA:61,0
DA:62,0
DA:72,0
DA:73,0
DA:74,0
DA:75,0
LF:20
LH:0
BRF:0
BRH:0
end_of_record
TN:
SF:c:\Users\Administrator.USER-20150330PE\Desktop\项目\ICPC\icpch5\src\pages\gift\recuperation.vue
FN:24,data
FN:36,created
FN:41,(anonymous_4)
FN:49,(anonymous_5)
FN:53,mounted
FN:58,qrcode
FN:69,text
FNF:7
FNH:0
FNDA:0,data
FNDA:0,created
FNDA:0,(anonymous_4)
FNDA:0,(anonymous_5)
FNDA:0,mounted
FNDA:0,qrcode
FNDA:0,text
DA:20,0
DA:21,0
DA:25,0
DA:37,0
DA:38,0
DA:41,0
DA:45,0
DA:46,0
DA:47,0
DA:48,0
DA:50,0
DA:54,0
DA:55,0
DA:59,0
DA:60,0
DA:70,0
DA:71,0
DA:72,0
DA:73,0
LF:19
LH:0
BRF:0
BRH:0
end_of_record
TN:
SF:c:\Users\Administrator.USER-20150330PE\Desktop\项目\ICPC\icpch5\src\pages\home\index.vue
FN:39,data
FN:53,mounted
FN:57,created
FN:59,(anonymous_4)
FN:69,(anonymous_5)
FN:83,showCon
FN:103,loadMore
FN:114,(anonymous_8)
FN:123,(anonymous_9)
FNF:9
FNH:0
FNDA:0,data
FNDA:0,mounted
FNDA:0,created
FNDA:0,(anonymous_4)
FNDA:0,(anonymous_5)
FNDA:0,showCon
FNDA:0,loadMore
FNDA:0,(anonymous_8)
FNDA:0,(anonymous_9)
DA:36,0
DA:40,0
DA:58,0
DA:59,0
DA:60,0
DA:61,0
DA:62,0
DA:63,0
DA:64,0
DA:65,0
DA:67,0
DA:70,0
DA:84,0
DA:85,0
DA:86,0
DA:87,0
DA:88,0
DA:93,0
DA:94,0
DA:95,0
DA:97,0
DA:104,0
DA:105,0
DA:106,0
DA:107,0
DA:109,0
DA:110,0
DA:112,0
DA:113,0
DA:114,0
DA:115,0
DA:116,0
DA:117,0
DA:120,0
DA:122,0
DA:124,0
LF:36
LH:0
BRDA:63,0,0,0
BRDA:63,0,1,0
BRDA:86,1,0,0
BRDA:86,1,1,0
BRDA:86,2,0,0
BRDA:86,2,1,0
BRDA:93,3,0,0
BRDA:93,3,1,0
BRDA:93,4,0,0
BRDA:93,4,1,0
BRDA:105,5,0,0
BRDA:105,5,1,0
BRDA:109,6,0,0
BRDA:109,6,1,0
BRDA:116,7,0,0
BRDA:116,7,1,0
BRDA:116,8,0,0
BRDA:116,8,1,0
BRF:18
BRH:0
end_of_record
TN:
SF:c:\Users\Administrator.USER-20150330PE\Desktop\项目\ICPC\icpch5\src\pages\login\login.vue
FN:18,data
FN:27,toLogin
FN:32,(anonymous_3)
FN:35,(anonymous_4)
FNF:4
FNH:0
FNDA:0,data
FNDA:0,toLogin
FNDA:0,(anonymous_3)
FNDA:0,(anonymous_4)
DA:15,0
DA:19,0
DA:27,0
DA:28,0
DA:29,0
DA:32,0
DA:34,0
DA:37,0
LF:8
LH:0
BRF:0
BRH:0
end_of_record
TN:
SF:c:\Users\Administrator.USER-20150330PE\Desktop\项目\ICPC\icpch5\src\pages\login\loginIn.vue
FN:15,data
FN:24,created
FN:30,(anonymous_3)
FN:38,(anonymous_4)
FN:44,(anonymous_5)
FN:53,toOrder
FNF:6
FNH:0
FNDA:0,data
FNDA:0,created
FNDA:0,(anonymous_3)
FNDA:0,(anonymous_4)
FNDA:0,(anonymous_5)
FNDA:0,toOrder
DA:12,0
DA:16,0
DA:24,0
DA:25,0
DA:26,0
DA:27,0
DA:30,0
DA:31,0
DA:32,0
DA:33,0
DA:34,0
DA:36,0
DA:37,0
DA:38,0
DA:39,0
DA:46,0
DA:54,0
LF:17
LH:0
BRDA:33,0,0,0
BRDA:33,0,1,0
BRF:2
BRH:0
end_of_record
TN:
SF:c:\Users\Administrator.USER-20150330PE\Desktop\项目\ICPC\icpch5\src\pages\me\index.vue
FN:45,data
FN:76,created
FN:79,(anonymous_4)
FN:88,(anonymous_5)
FN:93,changeSelect
FN:105,(anonymous_7)
FN:111,(anonymous_8)
FN:119,(anonymous_9)
FN:123,onValuesChange
FN:129,submit
FN:141,(anonymous_12)
FN:147,(anonymous_13)
FN:151,getcodeName
FNF:13
FNH:0
FNDA:0,data
FNDA:0,created
FNDA:0,(anonymous_4)
FNDA:0,(anonymous_5)
FNDA:0,changeSelect
FNDA:0,(anonymous_7)
FNDA:0,(anonymous_8)
FNDA:0,(anonymous_9)
FNDA:0,onValuesChange
FNDA:0,submit
FNDA:0,(anonymous_12)
FNDA:0,(anonymous_13)
FNDA:0,getcodeName
DA:41,0
DA:42,0
DA:46,0
DA:76,0
DA:77,0
DA:78,0
DA:79,0
DA:83,0
DA:84,0
DA:85,0
DA:86,0
DA:87,0
DA:89,0
DA:94,0
DA:95,0
DA:96,0
DA:97,0
DA:98,0
DA:99,0
DA:100,0
DA:102,0
DA:104,0
DA:110,0
DA:111,0
DA:112,0
DA:117,0
DA:120,0
DA:124,0
DA:130,0
DA:131,0
DA:133,0
DA:134,0
DA:135,0
DA:136,0
DA:137,0
DA:138,0
DA:140,0
DA:141,0
DA:148,0
DA:152,0
LF:40
LH:0
BRDA:95,0,0,0
BRDA:95,0,1,0
BRDA:98,1,0,0
BRDA:98,1,1,0
BRDA:133,2,0,0
BRDA:133,2,1,0
BRDA:136,3,0,0
BRDA:136,3,1,0
BRF:8
BRH:0
end_of_record
TN:
SF:c:\Users\Administrator.USER-20150330PE\Desktop\项目\ICPC\icpch5\src\pages\me\zsm.vue
FN:24,data
FN:38,created
FN:41,(anonymous_4)
FN:50,(anonymous_5)
FN:54,mounted
FN:59,qrcode
FN:70,text
FNF:7
FNH:0
FNDA:0,data
FNDA:0,created
FNDA:0,(anonymous_4)
FNDA:0,(anonymous_5)
FNDA:0,mounted
FNDA:0,qrcode
FNDA:0,text
DA:20,0
DA:21,0
DA:25,0
DA:39,0
DA:40,0
DA:41,0
DA:46,0
DA:47,0
DA:48,0
DA:49,0
DA:51,0
DA:55,0
DA:60,0
DA:61,0
DA:71,0
DA:72,0
DA:73,0
DA:74,0
LF:18
LH:0
BRF:0
BRH:0
end_of_record
TN:
SF:c:\Users\Administrator.USER-20150330PE\Desktop\项目\ICPC\icpch5\src\pages\me\components\hasSelect.vue
FN:13,data
FN:22,hasSelect
FNF:2
FNH:0
FNDA:0,data
FNDA:0,hasSelect
DA:14,0
DA:23,0
LF:2
LH:0
BRF:0
BRH:0
end_of_record
TN:
SF:c:\Users\Administrator.USER-20150330PE\Desktop\项目\ICPC\icpch5\src\pages\me\components\list.vue
FN:13,data
FN:22,hasSelect
FNF:2
FNH:0
FNDA:0,data
FNDA:0,hasSelect
DA:14,0
DA:23,0
LF:2
LH:0
BRF:0
BRH:0
end_of_record
TN:
SF:c:\Users\Administrator.USER-20150330PE\Desktop\项目\ICPC\icpch5\src\pages\order\index.vue
FN:11,data
FN:44,created
FN:58,tolinks
FN:74,(anonymous_5)
FN:82,(anonymous_6)
FN:96,(anonymous_7)
FN:99,(anonymous_8)
FN:141,(anonymous_9)
FNF:8
FNH:0
FNDA:0,data
FNDA:0,created
FNDA:0,tolinks
FNDA:0,(anonymous_5)
FNDA:0,(anonymous_6)
FNDA:0,(anonymous_7)
FNDA:0,(anonymous_8)
FNDA:0,(anonymous_9)
DA:7,0
DA:8,0
DA:12,0
DA:45,0
DA:46,0
DA:59,0
DA:60,0
DA:61,0
DA:62,0
DA:63,0
DA:64,0
DA:65,0
DA:66,0
DA:67,0
DA:68,0
DA:69,0
DA:70,0
DA:72,0
DA:73,0
DA:79,0
DA:80,0
DA:81,0
DA:83,0
DA:84,0
DA:85,0
DA:86,0
DA:87,0
DA:88,0
DA:89,0
DA:91,0
DA:92,0
DA:94,0
DA:98,0
DA:99,0
DA:106,0
DA:108,0
DA:109,0
DA:110,0
DA:116,0
DA:117,0
DA:123,0
DA:124,0
DA:133,0
DA:142,0
LF:44
LH:0
BRDA:62,0,0,0
BRDA:62,0,1,0
BRDA:65,1,0,0
BRDA:65,1,1,0
BRDA:68,2,0,0
BRDA:68,2,1,0
BRDA:72,3,0,0
BRDA:72,3,1,0
BRDA:72,4,0,0
BRDA:72,4,1,0
BRDA:91,5,0,0
BRDA:91,5,1,0
BRDA:91,6,0,0
BRDA:91,6,1,0
BRDA:98,7,0,0
BRDA:98,7,1,0
BRDA:106,8,0,0
BRDA:106,8,1,0
BRDA:109,9,0,0
BRDA:109,9,1,0
BRDA:116,10,0,0
BRDA:116,10,1,0
BRDA:123,11,0,0
BRDA:123,11,1,0
BRF:24
BRH:0
end_of_record
TN:
SF:c:\Users\Administrator.USER-20150330PE\Desktop\项目\ICPC\icpch5\src\pages\order\lxyBm.vue
FN:74,data
FN:101,created
FN:104,(anonymous_4)
FN:115,(anonymous_5)
FN:117,(anonymous_6)
FN:123,(anonymous_7)
FN:129,showBm
FN:134,(anonymous_9)
FN:139,(anonymous_10)
FN:146,(anonymous_11)
FN:150,onValuesChange
FN:157,changeDet
FN:164,submit
FN:201,(anonymous_15)
FN:221,(anonymous_16)
FN:233,(anonymous_17)
FN:262,(anonymous_18)
FNF:17
FNH:0
FNDA:0,data
FNDA:0,created
FNDA:0,(anonymous_4)
FNDA:0,(anonymous_5)
FNDA:0,(anonymous_6)
FNDA:0,(anonymous_7)
FNDA:0,showBm
FNDA:0,(anonymous_9)
FNDA:0,(anonymous_10)
FNDA:0,(anonymous_11)
FNDA:0,onValuesChange
FNDA:0,changeDet
FNDA:0,submit
FNDA:0,(anonymous_15)
FNDA:0,(anonymous_16)
FNDA:0,(anonymous_17)
FNDA:0,(anonymous_18)
DA:70,0
DA:71,0
DA:75,0
DA:101,0
DA:102,0
DA:103,0
DA:104,0
DA:108,0
DA:109,0
DA:110,0
DA:111,0
DA:112,0
DA:113,0
DA:114,0
DA:116,0
DA:122,0
DA:124,0
DA:130,0
DA:131,0
DA:132,0
DA:133,0
DA:139,0
DA:140,0
DA:144,0
DA:147,0
DA:151,0
DA:158,0
DA:160,0
DA:161,0
DA:162,0
DA:164,0
DA:165,0
DA:166,0
DA:167,0
DA:173,0
DA:174,0
DA:175,0
DA:181,0
DA:183,0
DA:184,0
DA:190,0
DA:191,0
DA:192,0
DA:198,0
DA:200,0
DA:212,0
DA:213,0
DA:215,0
DA:221,0
DA:222,0
DA:225,0
DA:227,0
DA:233,0
DA:234,0
DA:237,0
DA:239,0
DA:245,0
DA:247,0
DA:253,0
DA:255,0
DA:263,0
LF:61
LH:0
BRDA:166,0,0,0
BRDA:166,0,1,0
BRDA:174,1,0,0
BRDA:174,1,1,0
BRDA:183,2,0,0
BRDA:183,2,1,0
BRDA:191,3,0,0
BRDA:191,3,1,0
BRDA:213,4,0,0
BRDA:213,4,1,0
BRDA:225,5,0,0
BRDA:225,5,1,0
BRDA:237,6,0,0
BRDA:237,6,1,0
BRDA:245,7,0,0
BRDA:245,7,1,0
BRDA:253,8,0,0
BRDA:253,8,1,0
BRF:18
BRH:0
end_of_record
TN:
SF:c:\Users\Administrator.USER-20150330PE\Desktop\项目\ICPC\icpch5\src\pages\order\phoneYy.vue
FN:16,data
FN:24,created
FNF:2
FNH:0
FNDA:0,data
FNDA:0,created
DA:13,0
DA:17,0
LF:2
LH:0
BRF:0
BRH:0
end_of_record
TN:
SF:c:\Users\Administrator.USER-20150330PE\Desktop\项目\ICPC\icpch5\src\pages\order\physical.vue
FN:69,data
FN:95,created
FN:98,(anonymous_4)
FN:109,(anonymous_5)
FN:110,(anonymous_6)
FN:116,(anonymous_7)
FN:119,(anonymous_8)
FN:124,dataList
FN:137,choiceHospital
FN:142,showBom
FN:147,(anonymous_12)
FN:152,(anonymous_13)
FN:159,(anonymous_14)
FN:171,changeMarital
FN:178,submit
FN:214,(anonymous_17)
FN:232,(anonymous_18)
FN:244,(anonymous_19)
FN:257,(anonymous_20)
FNF:19
FNH:0
FNDA:0,data
FNDA:0,created
FNDA:0,(anonymous_4)
FNDA:0,(anonymous_5)
FNDA:0,(anonymous_6)
FNDA:0,(anonymous_7)
FNDA:0,(anonymous_8)
FNDA:0,dataList
FNDA:0,choiceHospital
FNDA:0,showBom
FNDA:0,(anonymous_12)
FNDA:0,(anonymous_13)
FNDA:0,(anonymous_14)
FNDA:0,changeMarital
FNDA:0,submit
FNDA:0,(anonymous_17)
FNDA:0,(anonymous_18)
FNDA:0,(anonymous_19)
FNDA:0,(anonymous_20)
DA:65,0
DA:66,0
DA:70,0
DA:95,0
DA:96,0
DA:97,0
DA:98,0
DA:103,0
DA:104,0
DA:105,0
DA:106,0
DA:107,0
DA:110,0
DA:115,0
DA:117,0
DA:120,0
DA:125,0
DA:133,0
DA:138,0
DA:140,0
DA:143,0
DA:144,0
DA:145,0
DA:146,0
DA:152,0
DA:153,0
DA:157,0
DA:160,0
DA:172,0
DA:174,0
DA:175,0
DA:176,0
DA:178,0
DA:179,0
DA:180,0
DA:181,0
DA:187,0
DA:188,0
DA:189,0
DA:195,0
DA:197,0
DA:198,0
DA:204,0
DA:205,0
DA:206,0
DA:212,0
DA:214,0
DA:224,0
DA:226,0
DA:232,0
DA:233,0
DA:236,0
DA:238,0
DA:244,0
DA:245,0
DA:248,0
DA:250,0
DA:258,0
LF:58
LH:0
BRDA:180,0,0,0
BRDA:180,0,1,0
BRDA:188,1,0,0
BRDA:188,1,1,0
BRDA:197,2,0,0
BRDA:197,2,1,0
BRDA:205,3,0,0
BRDA:205,3,1,0
BRDA:224,4,0,0
BRDA:224,4,1,0
BRDA:236,5,0,0
BRDA:236,5,1,0
BRDA:248,6,0,0
BRDA:248,6,1,0
BRF:14
BRH:0
end_of_record
TN:
SF:c:\Users\Administrator.USER-20150330PE\Desktop\项目\ICPC\icpch5\src\pages\order\sec\apply.vue
FN:86,data
FN:108,created
FN:111,(anonymous_3)
FN:120,(anonymous_4)
FN:122,(anonymous_5)
FN:133,(anonymous_6)
FN:139,selectData
FN:148,(anonymous_8)
FN:157,dateConfirm
FN:162,(anonymous_10)
FN:179,(anonymous_11)
FN:184,sunEvent
FN:212,(anonymous_13)
FN:231,(anonymous_14)
FNF:14
FNH:0
FNDA:0,data
FNDA:0,created
FNDA:0,(anonymous_3)
FNDA:0,(anonymous_4)
FNDA:0,(anonymous_5)
FNDA:0,(anonymous_6)
FNDA:0,selectData
FNDA:0,(anonymous_8)
FNDA:0,dateConfirm
FNDA:0,(anonymous_10)
FNDA:0,(anonymous_11)
FNDA:0,sunEvent
FNDA:0,(anonymous_13)
FNDA:0,(anonymous_14)
DA:83,0
DA:87,0
DA:108,0
DA:109,0
DA:110,0
DA:111,0
DA:115,0
DA:116,0
DA:117,0
DA:118,0
DA:119,0
DA:121,0
DA:126,0
DA:127,0
DA:128,0
DA:129,0
DA:130,0
DA:134,0
DA:140,0
DA:142,0
DA:143,0
DA:144,0
DA:146,0
DA:148,0
DA:149,0
DA:157,0
DA:158,0
DA:159,0
DA:160,0
DA:161,0
DA:162,0
DA:165,0
DA:166,0
DA:167,0
DA:168,0
DA:169,0
DA:170,0
DA:171,0
DA:180,0
DA:182,0
DA:185,0
DA:187,0
DA:188,0
DA:194,0
DA:195,0
DA:202,0
DA:212,0
DA:213,0
DA:214,0
DA:215,0
DA:222,0
DA:223,0
DA:232,0
LF:53
LH:0
BRDA:127,0,0,0
BRDA:127,0,1,0
BRDA:129,1,0,0
BRDA:129,1,1,0
BRDA:143,2,0,0
BRDA:143,2,1,0
BRDA:166,3,0,0
BRDA:166,3,1,0
BRDA:170,4,0,0
BRDA:170,4,1,0
BRDA:187,5,0,0
BRDA:187,5,1,0
BRDA:194,6,0,0
BRDA:194,6,1,0
BRDA:214,7,0,0
BRDA:214,7,1,0
BRDA:222,8,0,0
BRDA:222,8,1,0
BRF:18
BRH:0
end_of_record
TN:
SF:c:\Users\Administrator.USER-20150330PE\Desktop\项目\ICPC\icpch5\src\pages\order\sec\phoneYy.vue
FN:21,data
FN:28,cur
FN:36,created
FNF:3
FNH:0
FNDA:0,data
FNDA:0,cur
FNDA:0,created
DA:18,0
DA:22,0
DA:29,0
DA:37,0
DA:38,0
LF:5
LH:0
BRF:0
BRH:0
end_of_record
TN:
SF:c:\Users\Administrator.USER-20150330PE\Desktop\项目\ICPC\icpch5\src\pages\order\sec\record.vue
FN:66,data
FN:78,created
FN:81,(anonymous_3)
FN:86,(anonymous_4)
FN:91,getDes
FN:94,getRate
FN:98,(anonymous_7)
FN:113,(anonymous_8)
FN:117,cancle
FNF:9
FNH:0
FNDA:0,data
FNDA:0,created
FNDA:0,(anonymous_3)
FNDA:0,(anonymous_4)
FNDA:0,getDes
FNDA:0,getRate
FNDA:0,(anonymous_7)
FNDA:0,(anonymous_8)
FNDA:0,cancle
DA:62,0
DA:67,0
DA:79,0
DA:80,0
DA:81,0
DA:84,0
DA:85,0
DA:87,0
DA:92,0
DA:95,0
DA:96,0
DA:97,0
DA:98,0
DA:102,0
DA:103,0
DA:104,0
DA:105,0
DA:114,0
DA:118,0
DA:119,0
LF:20
LH:0
BRDA:104,0,0,0
BRDA:104,0,1,0
BRF:2
BRH:0
end_of_record
TN:
SF:c:\Users\Administrator.USER-20150330PE\Desktop\项目\ICPC\icpch5\src\pages\remul\newsPage.vue
FN:38,data
FN:47,mounted
FN:58,created
FN:65,(anonymous_5)
FN:74,(anonymous_6)
FN:79,(anonymous_7)
FN:90,(anonymous_8)
FN:95,(anonymous_9)
FN:109,(anonymous_10)
FN:117,pdfTask
FN:121,(anonymous_12)
FN:125,(anonymous_13)
FNF:12
FNH:0
FNDA:0,data
FNDA:0,mounted
FNDA:0,created
FNDA:0,(anonymous_5)
FNDA:0,(anonymous_6)
FNDA:0,(anonymous_7)
FNDA:0,(anonymous_8)
FNDA:0,(anonymous_9)
FNDA:0,(anonymous_10)
FNDA:0,pdfTask
FNDA:0,(anonymous_12)
FNDA:0,(anonymous_13)
DA:33,0
DA:34,0
DA:39,0
DA:58,0
DA:59,0
DA:60,0
DA:61,0
DA:62,0
DA:63,0
DA:64,0
DA:70,0
DA:75,0
DA:77,0
DA:78,0
DA:85,0
DA:86,0
DA:91,0
DA:93,0
DA:94,0
DA:100,0
DA:102,0
DA:103,0
DA:110,0
DA:118,0
DA:119,0
DA:120,0
DA:121,0
DA:122,0
DA:123,0
DA:124,0
DA:126,0
LF:31
LH:0
BRDA:63,0,0,0
BRDA:63,0,1,0
BRDA:77,1,0,0
BRDA:77,1,1,0
BRDA:93,2,0,0
BRDA:93,2,1,0
BRDA:93,3,0,0
BRDA:93,3,1,0
BRF:8
BRH:0
end_of_record
TN:
SF:c:\Users\Administrator.USER-20150330PE\Desktop\项目\ICPC\icpch5\src\pages\share\index.vue
FN:40,data
FN:53,created
FN:55,(anonymous_3)
FN:62,(anonymous_4)
FN:67,showCon
FN:86,loadMore
FN:97,(anonymous_7)
FN:105,(anonymous_8)
FNF:8
FNH:0
FNDA:0,data
FNDA:0,created
FNDA:0,(anonymous_3)
FNDA:0,(anonymous_4)
FNDA:0,showCon
FNDA:0,loadMore
FNDA:0,(anonymous_7)
FNDA:0,(anonymous_8)
DA:41,0
DA:54,0
DA:55,0
DA:59,0
DA:60,0
DA:63,0
DA:68,0
DA:70,0
DA:71,0
DA:76,0
DA:77,0
DA:87,0
DA:88,0
DA:89,0
DA:90,0
DA:92,0
DA:93,0
DA:95,0
DA:96,0
DA:97,0
DA:99,0
DA:100,0
DA:102,0
DA:104,0
DA:106,0
LF:25
LH:0
BRDA:70,0,0,0
BRDA:70,0,1,0
BRDA:76,1,0,0
BRDA:76,1,1,0
BRDA:88,2,0,0
BRDA:88,2,1,0
BRDA:92,3,0,0
BRDA:92,3,1,0
BRDA:99,4,0,0
BRDA:99,4,1,0
BRDA:99,5,0,0
BRDA:99,5,1,0
BRF:12
BRH:0
end_of_record
TN:
SF:c:\Users\Administrator.USER-20150330PE\Desktop\项目\ICPC\icpch5\src\pages\share\vote.vue
FN:79,data
FN:102,value
FN:111,isVode
FN:114,ifEnd
FN:119,created
FN:127,setNum
FN:137,getData
FN:143,(anonymous_9)
FN:158,(anonymous_10)
FN:171,(anonymous_11)
FN:174,(anonymous_12)
FN:178,countTime
FN:207,submit
FN:210,(anonymous_15)
FN:225,(anonymous_16)
FN:228,(anonymous_17)
FNF:16
FNH:0
FNDA:0,data
FNDA:0,value
FNDA:0,isVode
FNDA:0,ifEnd
FNDA:0,created
FNDA:0,setNum
FNDA:0,getData
FNDA:0,(anonymous_9)
FNDA:0,(anonymous_10)
FNDA:0,(anonymous_11)
FNDA:0,(anonymous_12)
FNDA:0,countTime
FNDA:0,submit
FNDA:0,(anonymous_15)
FNDA:0,(anonymous_16)
FNDA:0,(anonymous_17)
DA:76,0
DA:80,0
DA:104,0
DA:105,0
DA:107,0
DA:115,0
DA:120,0
DA:121,0
DA:123,0
DA:129,0
DA:130,0
DA:131,0
DA:132,0
DA:134,0
DA:137,0
DA:138,0
DA:142,0
DA:150,0
DA:151,0
DA:152,0
DA:154,0
DA:156,0
DA:157,0
DA:158,0
DA:159,0
DA:163,0
DA:164,0
DA:165,0
DA:166,0
DA:169,0
DA:172,0
DA:179,0
DA:181,0
DA:183,0
DA:186,0
DA:187,0
DA:188,0
DA:189,0
DA:190,0
DA:191,0
DA:192,0
DA:193,0
DA:194,0
DA:195,0
DA:199,0
DA:200,0
DA:204,0
DA:207,0
DA:208,0
DA:209,0
DA:210,0
DA:211,0
DA:212,0
DA:213,0
DA:214,0
DA:215,0
DA:220,0
DA:225,0
DA:227,0
DA:229,0
LF:60
LH:0
BRDA:105,0,0,0
BRDA:105,0,1,0
BRDA:130,1,0,0
BRDA:130,1,1,0
BRDA:163,2,0,0
BRDA:163,2,1,0
BRDA:165,3,0,0
BRDA:165,3,1,0
BRDA:186,4,0,0
BRDA:186,4,1,0
BRDA:192,5,0,0
BRDA:192,5,1,0
BRDA:193,6,0,0
BRDA:193,6,1,0
BRDA:194,7,0,0
BRDA:194,7,1,0
BRDA:195,8,0,0
BRDA:195,8,1,0
BRDA:211,9,0,0
BRDA:211,9,1,0
BRDA:213,10,0,0
BRDA:213,10,1,0
BRF:22
BRH:0
end_of_record
TN:
SF:c:\Users\Administrator.USER-20150330PE\Desktop\项目\ICPC\icpch5\src\vuex\store.js
FN:98,auth_request
FN:98,auth_success
FN:98,auth_error
FN:98,logout
FN:116,Login
FN:118,(anonymous_6)
FN:122,(anonymous_7)
FN:138,(anonymous_8)
FN:116,LogOut
FN:147,(anonymous_10)
FN:149,(anonymous_11)
FN:157,(anonymous_12)
FN:165,isLoggedIn
FN:166,authStatus
FNF:14
FNH:0
FNDA:0,auth_request
FNDA:0,auth_success
FNDA:0,auth_error
FNDA:0,logout
FNDA:0,Login
FNDA:0,(anonymous_6)
FNDA:0,(anonymous_7)
FNDA:0,(anonymous_8)
FNDA:0,LogOut
FNDA:0,(anonymous_10)
FNDA:0,(anonymous_11)
FNDA:0,(anonymous_12)
FNDA:0,isLoggedIn
FNDA:0,authStatus
DA:87,0
DA:88,0
DA:89,0
DA:90,0
DA:91,0
DA:92,0
DA:100,0
DA:103,0
DA:104,0
DA:105,0
DA:108,0
DA:111,0
DA:112,0
DA:117,0
DA:118,0
DA:119,0
DA:121,0
DA:123,0
DA:124,0
DA:125,0
DA:127,0
DA:128,0
DA:129,0
DA:130,0
DA:133,0
DA:135,0
DA:136,0
DA:139,0
DA:141,0
DA:142,0
DA:146,0
DA:147,0
DA:148,0
DA:151,0
DA:153,0
DA:154,0
DA:155,0
DA:158,0
DA:165,0
DA:166,0
LF:40
LH:0
BRDA:95,0,0,0
BRDA:95,0,1,0
BRDA:124,1,0,0
BRDA:124,1,1,0
BRF:4
BRH:0
end_of_record
